<html>
<head>
<title>TestNG:  Test(failed)(failed)</title>
<link href="../testng.css" rel="stylesheet" type="text/css" />
<link href="../my-testng.css" rel="stylesheet" type="text/css" />

<style type="text/css">
.log { display: none;} 
.stack-trace { display: none;} 
</style>
<script type="text/javascript">
<!--
function flip(e) {
  current = e.style.display;
  if (current == 'block') {
    e.style.display = 'none';
    return 0;
  }
  else {
    e.style.display = 'block';
    return 1;
  }
}

function toggleBox(szDivId, elem, msg1, msg2)
{
  var res = -1;  if (document.getElementById) {
    res = flip(document.getElementById(szDivId));
  }
  else if (document.all) {
    // this is the way old msie versions work
    res = flip(document.all[szDivId]);
  }
  if(elem) {
    if(res == 0) elem.innerHTML = msg1; else elem.innerHTML = msg2;
  }

}

function toggleAllBoxes() {
  if (document.getElementsByTagName) {
    d = document.getElementsByTagName('div');
    for (i = 0; i < d.length; i++) {
      if (d[i].className == 'log') {
        flip(d[i]);
      }
    }
  }
}

// -->
</script>

</head>
<body>
<h2 align='center'>Test(failed)(failed)</h2><table border='1' align="center">
<tr>
<td>Tests passed/Failed/Skipped:</td><td>4/14/0</td>
</tr><tr>
<td>Started on:</td><td>Tue Apr 28 11:22:23 CDT 2020</td>
</tr>
<tr><td>Total time:</td><td>502 seconds (502437 ms)</td>
</tr><tr>
<td>Included groups:</td><td></td>
</tr><tr>
<td>Excluded groups:</td><td></td>
</tr>
</table><p/>
<small><i>(Hover the method name to see the test class name)</i></small><p/>
<table width='100%' border='1' class='invocation-failed'>
<tr><td colspan='4' align='center'><b>FAILED TESTS</b></td></tr>
<tr><td><b>Test method</b></td>
<td width="30%"><b>Exception</b></td>
<td width="10%"><b>Time (seconds)</b></td>
<td><b>Instance</b></td>
</tr>
<tr>
<td title='prerate.prerateTestNGSlow.testMethod1()'><b>testMethod1</b><br>Test class: prerate.prerateTestNGSlow<br>Parameters: ADDR CHANGE FEE, Override Disabled., N, 167694, 1, 794821384092, 145.89, CAD, 5071714, 050, 81.97, 010, 38.3, 012, 4.92, 001, 20.70, 41</td>
<td><div><pre>java.lang.AssertionError: Override Disabled.
	at prerate.prerateTestNGSlow.doPrerate(prerateTestNGSlow.java:746)
	at prerate.prerateTestNGSlow.testMethod1(prerateTestNGSlow.java:334)
	at java.util.concurrent.ThreadPoolExecutor.runWorker(Unknown Source)
	at java.util.concurrent.ThreadPoolExecutor$Worker.run(Unknown Source)
	at java.lang.Thread.run(Unknown Source)
... Removed 11 stack frames</pre></div><a href='#' onClick='toggleBox("stack-trace20768985", this, "Click to show all stack frames", "Click to hide stack frames")'>Click to show all stack frames</a>
<div class='stack-trace' id='stack-trace20768985'><pre>java.lang.AssertionError: Override Disabled.
	at org.testng.Assert.fail(Assert.java:93)
	at prerate.prerateTestNGSlow.doPrerate(prerateTestNGSlow.java:746)
	at prerate.prerateTestNGSlow.testMethod1(prerateTestNGSlow.java:334)
	at sun.reflect.NativeMethodAccessorImpl.invoke0(Native Method)
	at sun.reflect.NativeMethodAccessorImpl.invoke(Unknown Source)
	at sun.reflect.DelegatingMethodAccessorImpl.invoke(Unknown Source)
	at java.lang.reflect.Method.invoke(Unknown Source)
	at org.testng.internal.MethodInvocationHelper.invokeMethod(MethodInvocationHelper.java:108)
	at org.testng.internal.Invoker.invokeMethod(Invoker.java:661)
	at org.testng.internal.Invoker.invokeTestMethod(Invoker.java:869)
	at org.testng.internal.Invoker.invokeTestMethods(Invoker.java:1193)
	at org.testng.internal.TestMethodWorker.invokeTestMethods(TestMethodWorker.java:126)
	at org.testng.internal.TestMethodWorker.run(TestMethodWorker.java:109)
	at java.util.concurrent.ThreadPoolExecutor.runWorker(Unknown Source)
	at java.util.concurrent.ThreadPoolExecutor$Worker.run(Unknown Source)
	at java.lang.Thread.run(Unknown Source)
</pre></div></td>
<td>45</td>
<td>prerate.prerateTestNGSlow@23a2f9</td></tr>
<tr>
<td title='prerate.prerateTestNGSlow.testMethod1()'><b>testMethod1</b><br>Test class: prerate.prerateTestNGSlow<br>Parameters: ADDR CHANGE FEE, Override Disabled., N, 173353, 1, 794821215115, 200, PHP, 5080136, 050, 100, 010, 100, , , , , 45</td>
<td><div><pre>java.lang.AssertionError: Override Disabled.
	at prerate.prerateTestNGSlow.doPrerate(prerateTestNGSlow.java:746)
	at prerate.prerateTestNGSlow.testMethod1(prerateTestNGSlow.java:334)
	at java.util.concurrent.ThreadPoolExecutor.runWorker(Unknown Source)
	at java.util.concurrent.ThreadPoolExecutor$Worker.run(Unknown Source)
	at java.lang.Thread.run(Unknown Source)
... Removed 11 stack frames</pre></div><a href='#' onClick='toggleBox("stack-trace12647324", this, "Click to show all stack frames", "Click to hide stack frames")'>Click to show all stack frames</a>
<div class='stack-trace' id='stack-trace12647324'><pre>java.lang.AssertionError: Override Disabled.
	at org.testng.Assert.fail(Assert.java:93)
	at prerate.prerateTestNGSlow.doPrerate(prerateTestNGSlow.java:746)
	at prerate.prerateTestNGSlow.testMethod1(prerateTestNGSlow.java:334)
	at sun.reflect.NativeMethodAccessorImpl.invoke0(Native Method)
	at sun.reflect.NativeMethodAccessorImpl.invoke(Unknown Source)
	at sun.reflect.DelegatingMethodAccessorImpl.invoke(Unknown Source)
	at java.lang.reflect.Method.invoke(Unknown Source)
	at org.testng.internal.MethodInvocationHelper.invokeMethod(MethodInvocationHelper.java:108)
	at org.testng.internal.Invoker.invokeMethod(Invoker.java:661)
	at org.testng.internal.Invoker.invokeTestMethod(Invoker.java:869)
	at org.testng.internal.Invoker.invokeTestMethods(Invoker.java:1193)
	at org.testng.internal.TestMethodWorker.invokeTestMethods(TestMethodWorker.java:126)
	at org.testng.internal.TestMethodWorker.run(TestMethodWorker.java:109)
	at java.util.concurrent.ThreadPoolExecutor.runWorker(Unknown Source)
	at java.util.concurrent.ThreadPoolExecutor$Worker.run(Unknown Source)
	at java.lang.Thread.run(Unknown Source)
</pre></div></td>
<td>45</td>
<td>prerate.prerateTestNGSlow@23a2f9</td></tr>
<tr>
<td title='prerate.prerateTestNGSlow.testMethod1()'><b>testMethod1</b><br>Test class: prerate.prerateTestNGSlow<br>Parameters: ADDR CHANGE FEE, Failed selecting dropdown menu..., N, 188106, 1, 794821200410, 200, USD, 910808, 050, 100, 010, 100, , , , , 97</td>
<td><div><pre>java.lang.AssertionError: Failed selecting dropdown menu...
	at prerate.prerateTestNGSlow.doPrerate(prerateTestNGSlow.java:664)
	at prerate.prerateTestNGSlow.testMethod1(prerateTestNGSlow.java:334)
	at java.util.concurrent.ThreadPoolExecutor.runWorker(Unknown Source)
	at java.util.concurrent.ThreadPoolExecutor$Worker.run(Unknown Source)
	at java.lang.Thread.run(Unknown Source)
... Removed 11 stack frames</pre></div><a href='#' onClick='toggleBox("stack-trace12988456", this, "Click to show all stack frames", "Click to hide stack frames")'>Click to show all stack frames</a>
<div class='stack-trace' id='stack-trace12988456'><pre>java.lang.AssertionError: Failed selecting dropdown menu...
	at org.testng.Assert.fail(Assert.java:93)
	at prerate.prerateTestNGSlow.doPrerate(prerateTestNGSlow.java:664)
	at prerate.prerateTestNGSlow.testMethod1(prerateTestNGSlow.java:334)
	at sun.reflect.NativeMethodAccessorImpl.invoke0(Native Method)
	at sun.reflect.NativeMethodAccessorImpl.invoke(Unknown Source)
	at sun.reflect.DelegatingMethodAccessorImpl.invoke(Unknown Source)
	at java.lang.reflect.Method.invoke(Unknown Source)
	at org.testng.internal.MethodInvocationHelper.invokeMethod(MethodInvocationHelper.java:108)
	at org.testng.internal.Invoker.invokeMethod(Invoker.java:661)
	at org.testng.internal.Invoker.invokeTestMethod(Invoker.java:869)
	at org.testng.internal.Invoker.invokeTestMethods(Invoker.java:1193)
	at org.testng.internal.TestMethodWorker.invokeTestMethods(TestMethodWorker.java:126)
	at org.testng.internal.TestMethodWorker.run(TestMethodWorker.java:109)
	at java.util.concurrent.ThreadPoolExecutor.runWorker(Unknown Source)
	at java.util.concurrent.ThreadPoolExecutor$Worker.run(Unknown Source)
	at java.lang.Thread.run(Unknown Source)
</pre></div></td>
<td>22</td>
<td>prerate.prerateTestNGSlow@23a2f9</td></tr>
<tr>
<td title='prerate.prerateTestNGSlow.testMethod2()'><b>testMethod2</b><br>Test class: prerate.prerateTestNGSlow<br>Parameters: ADDR CHANGE FEE, , N, 103842, 1, 794821305816, 55000, CNY, 910808, 050, 20000, 010, 20000, , , 001, 15000, 2</td>
<td><div><pre>java.lang.AssertionError: Override Disabled.
	at prerate.prerateTestNGSlow.doPrerate(prerateTestNGSlow.java:746)
	at prerate.prerateTestNGSlow.testMethod2(prerateTestNGSlow.java:374)
	at java.util.concurrent.ThreadPoolExecutor.runWorker(Unknown Source)
	at java.util.concurrent.ThreadPoolExecutor$Worker.run(Unknown Source)
	at java.lang.Thread.run(Unknown Source)
... Removed 11 stack frames</pre></div><a href='#' onClick='toggleBox("stack-trace5397436", this, "Click to show all stack frames", "Click to hide stack frames")'>Click to show all stack frames</a>
<div class='stack-trace' id='stack-trace5397436'><pre>java.lang.AssertionError: Override Disabled.
	at org.testng.Assert.fail(Assert.java:93)
	at prerate.prerateTestNGSlow.doPrerate(prerateTestNGSlow.java:746)
	at prerate.prerateTestNGSlow.testMethod2(prerateTestNGSlow.java:374)
	at sun.reflect.NativeMethodAccessorImpl.invoke0(Native Method)
	at sun.reflect.NativeMethodAccessorImpl.invoke(Unknown Source)
	at sun.reflect.DelegatingMethodAccessorImpl.invoke(Unknown Source)
	at java.lang.reflect.Method.invoke(Unknown Source)
	at org.testng.internal.MethodInvocationHelper.invokeMethod(MethodInvocationHelper.java:108)
	at org.testng.internal.Invoker.invokeMethod(Invoker.java:661)
	at org.testng.internal.Invoker.invokeTestMethod(Invoker.java:869)
	at org.testng.internal.Invoker.invokeTestMethods(Invoker.java:1193)
	at org.testng.internal.TestMethodWorker.invokeTestMethods(TestMethodWorker.java:126)
	at org.testng.internal.TestMethodWorker.run(TestMethodWorker.java:109)
	at java.util.concurrent.ThreadPoolExecutor.runWorker(Unknown Source)
	at java.util.concurrent.ThreadPoolExecutor$Worker.run(Unknown Source)
	at java.lang.Thread.run(Unknown Source)
</pre></div></td>
<td>74</td>
<td>prerate.prerateTestNGSlow@23a2f9</td></tr>
<tr>
<td title='prerate.prerateTestNGSlow.testMethod2()'><b>testMethod2</b><br>Test class: prerate.prerateTestNGSlow<br>Parameters: ADDR CHANGE FEE, , N, 123634, 1, 794821135206, 1456.25, USD, 5056981, 050, 728.125, 010, 728.125, , , , , 10</td>
<td><div><pre>java.lang.AssertionError: Sum of Charge Details does not equal Payment Total Amount
	at prerate.prerateTestNGSlow.doPrerate(prerateTestNGSlow.java:802)
	at prerate.prerateTestNGSlow.testMethod2(prerateTestNGSlow.java:374)
	at java.util.concurrent.ThreadPoolExecutor.runWorker(Unknown Source)
	at java.util.concurrent.ThreadPoolExecutor$Worker.run(Unknown Source)
	at java.lang.Thread.run(Unknown Source)
... Removed 11 stack frames</pre></div><a href='#' onClick='toggleBox("stack-trace4079441", this, "Click to show all stack frames", "Click to hide stack frames")'>Click to show all stack frames</a>
<div class='stack-trace' id='stack-trace4079441'><pre>java.lang.AssertionError: Sum of Charge Details does not equal Payment Total Amount
	at org.testng.Assert.fail(Assert.java:93)
	at prerate.prerateTestNGSlow.doPrerate(prerateTestNGSlow.java:802)
	at prerate.prerateTestNGSlow.testMethod2(prerateTestNGSlow.java:374)
	at sun.reflect.NativeMethodAccessorImpl.invoke0(Native Method)
	at sun.reflect.NativeMethodAccessorImpl.invoke(Unknown Source)
	at sun.reflect.DelegatingMethodAccessorImpl.invoke(Unknown Source)
	at java.lang.reflect.Method.invoke(Unknown Source)
	at org.testng.internal.MethodInvocationHelper.invokeMethod(MethodInvocationHelper.java:108)
	at org.testng.internal.Invoker.invokeMethod(Invoker.java:661)
	at org.testng.internal.Invoker.invokeTestMethod(Invoker.java:869)
	at org.testng.internal.Invoker.invokeTestMethods(Invoker.java:1193)
	at org.testng.internal.TestMethodWorker.invokeTestMethods(TestMethodWorker.java:126)
	at org.testng.internal.TestMethodWorker.run(TestMethodWorker.java:109)
	at java.util.concurrent.ThreadPoolExecutor.runWorker(Unknown Source)
	at java.util.concurrent.ThreadPoolExecutor$Worker.run(Unknown Source)
	at java.lang.Thread.run(Unknown Source)
</pre></div></td>
<td>88</td>
<td>prerate.prerateTestNGSlow@23a2f9</td></tr>
<tr>
<td title='prerate.prerateTestNGSlow.testMethod2()'><b>testMethod2</b><br>Test class: prerate.prerateTestNGSlow<br>Parameters: ADDR CHANGE FEE, , N, 143567, 1, 794821159578, 300, USD, 5080136, 050, 100, 010, 100, 977, 100, , , 26</td>
<td><div><pre>java.lang.AssertionError: Override Disabled.
	at prerate.prerateTestNGSlow.doPrerate(prerateTestNGSlow.java:746)
	at prerate.prerateTestNGSlow.testMethod2(prerateTestNGSlow.java:374)
	at java.util.concurrent.ThreadPoolExecutor.runWorker(Unknown Source)
	at java.util.concurrent.ThreadPoolExecutor$Worker.run(Unknown Source)
	at java.lang.Thread.run(Unknown Source)
... Removed 11 stack frames</pre></div><a href='#' onClick='toggleBox("stack-trace18639575", this, "Click to show all stack frames", "Click to hide stack frames")'>Click to show all stack frames</a>
<div class='stack-trace' id='stack-trace18639575'><pre>java.lang.AssertionError: Override Disabled.
	at org.testng.Assert.fail(Assert.java:93)
	at prerate.prerateTestNGSlow.doPrerate(prerateTestNGSlow.java:746)
	at prerate.prerateTestNGSlow.testMethod2(prerateTestNGSlow.java:374)
	at sun.reflect.NativeMethodAccessorImpl.invoke0(Native Method)
	at sun.reflect.NativeMethodAccessorImpl.invoke(Unknown Source)
	at sun.reflect.DelegatingMethodAccessorImpl.invoke(Unknown Source)
	at java.lang.reflect.Method.invoke(Unknown Source)
	at org.testng.internal.MethodInvocationHelper.invokeMethod(MethodInvocationHelper.java:108)
	at org.testng.internal.Invoker.invokeMethod(Invoker.java:661)
	at org.testng.internal.Invoker.invokeTestMethod(Invoker.java:869)
	at org.testng.internal.Invoker.invokeTestMethods(Invoker.java:1193)
	at org.testng.internal.TestMethodWorker.invokeTestMethods(TestMethodWorker.java:126)
	at org.testng.internal.TestMethodWorker.run(TestMethodWorker.java:109)
	at java.util.concurrent.ThreadPoolExecutor.runWorker(Unknown Source)
	at java.util.concurrent.ThreadPoolExecutor$Worker.run(Unknown Source)
	at java.lang.Thread.run(Unknown Source)
</pre></div></td>
<td>40</td>
<td>prerate.prerateTestNGSlow@23a2f9</td></tr>
<tr>
<td title='prerate.prerateTestNGSlow.testMethod2()'><b>testMethod2</b><br>Test class: prerate.prerateTestNGSlow<br>Parameters: ADDR CHANGE FEE, Override Disabled., N, 149310, 1, 794821309649, 300, USD, 5080136, 050, 100, 010, 100, 976, 100, , , 34</td>
<td><div><pre>java.lang.AssertionError: Override Disabled.
	at prerate.prerateTestNGSlow.doPrerate(prerateTestNGSlow.java:746)
	at prerate.prerateTestNGSlow.testMethod2(prerateTestNGSlow.java:374)
	at java.util.concurrent.ThreadPoolExecutor.runWorker(Unknown Source)
	at java.util.concurrent.ThreadPoolExecutor$Worker.run(Unknown Source)
	at java.lang.Thread.run(Unknown Source)
... Removed 11 stack frames</pre></div><a href='#' onClick='toggleBox("stack-trace28737740", this, "Click to show all stack frames", "Click to hide stack frames")'>Click to show all stack frames</a>
<div class='stack-trace' id='stack-trace28737740'><pre>java.lang.AssertionError: Override Disabled.
	at org.testng.Assert.fail(Assert.java:93)
	at prerate.prerateTestNGSlow.doPrerate(prerateTestNGSlow.java:746)
	at prerate.prerateTestNGSlow.testMethod2(prerateTestNGSlow.java:374)
	at sun.reflect.NativeMethodAccessorImpl.invoke0(Native Method)
	at sun.reflect.NativeMethodAccessorImpl.invoke(Unknown Source)
	at sun.reflect.DelegatingMethodAccessorImpl.invoke(Unknown Source)
	at java.lang.reflect.Method.invoke(Unknown Source)
	at org.testng.internal.MethodInvocationHelper.invokeMethod(MethodInvocationHelper.java:108)
	at org.testng.internal.Invoker.invokeMethod(Invoker.java:661)
	at org.testng.internal.Invoker.invokeTestMethod(Invoker.java:869)
	at org.testng.internal.Invoker.invokeTestMethods(Invoker.java:1193)
	at org.testng.internal.TestMethodWorker.invokeTestMethods(TestMethodWorker.java:126)
	at org.testng.internal.TestMethodWorker.run(TestMethodWorker.java:109)
	at java.util.concurrent.ThreadPoolExecutor.runWorker(Unknown Source)
	at java.util.concurrent.ThreadPoolExecutor$Worker.run(Unknown Source)
	at java.lang.Thread.run(Unknown Source)
</pre></div></td>
<td>40</td>
<td>prerate.prerateTestNGSlow@23a2f9</td></tr>
<tr>
<td title='prerate.prerateTestNGSlow.testMethod2()'><b>testMethod2</b><br>Test class: prerate.prerateTestNGSlow<br>Parameters: ADDR CHANGE FEE, Technical Error Occurred in Edits; Try again ,6713,7169, N, 189247, 1, 794821223385, 200, USD, 910808, 050, 100, 010, 100, , , , , 138</td>
<td><div><pre>java.lang.AssertionError: Technical Error Occurred in Edits; Try again ,6713,7169
	at prerate.prerateTestNGSlow.doPrerate(prerateTestNGSlow.java:786)
	at prerate.prerateTestNGSlow.testMethod2(prerateTestNGSlow.java:374)
	at java.util.concurrent.ThreadPoolExecutor.runWorker(Unknown Source)
	at java.util.concurrent.ThreadPoolExecutor$Worker.run(Unknown Source)
	at java.lang.Thread.run(Unknown Source)
... Removed 11 stack frames</pre></div><a href='#' onClick='toggleBox("stack-trace30765853", this, "Click to show all stack frames", "Click to hide stack frames")'>Click to show all stack frames</a>
<div class='stack-trace' id='stack-trace30765853'><pre>java.lang.AssertionError: Technical Error Occurred in Edits; Try again ,6713,7169
	at org.testng.Assert.fail(Assert.java:93)
	at prerate.prerateTestNGSlow.doPrerate(prerateTestNGSlow.java:786)
	at prerate.prerateTestNGSlow.testMethod2(prerateTestNGSlow.java:374)
	at sun.reflect.NativeMethodAccessorImpl.invoke0(Native Method)
	at sun.reflect.NativeMethodAccessorImpl.invoke(Unknown Source)
	at sun.reflect.DelegatingMethodAccessorImpl.invoke(Unknown Source)
	at java.lang.reflect.Method.invoke(Unknown Source)
	at org.testng.internal.MethodInvocationHelper.invokeMethod(MethodInvocationHelper.java:108)
	at org.testng.internal.Invoker.invokeMethod(Invoker.java:661)
	at org.testng.internal.Invoker.invokeTestMethod(Invoker.java:869)
	at org.testng.internal.Invoker.invokeTestMethods(Invoker.java:1193)
	at org.testng.internal.TestMethodWorker.invokeTestMethods(TestMethodWorker.java:126)
	at org.testng.internal.TestMethodWorker.run(TestMethodWorker.java:109)
	at java.util.concurrent.ThreadPoolExecutor.runWorker(Unknown Source)
	at java.util.concurrent.ThreadPoolExecutor$Worker.run(Unknown Source)
	at java.lang.Thread.run(Unknown Source)
</pre></div></td>
<td>58</td>
<td>prerate.prerateTestNGSlow@23a2f9</td></tr>
<tr>
<td title='prerate.prerateTestNGSlow.testMethod2()'><b>testMethod2</b><br>Test class: prerate.prerateTestNGSlow<br>Parameters: ADDR CHANGE FEE, Make sure to add Charge Codes for each Charge Amount entered!, N, 97695, 1, 459344995461, 48.62, MXN, 5056981, 050, 47.3, 010, 1.32, , , , 00.00, 146</td>
<td><div><pre>java.lang.AssertionError: Failed on Home Page
	at prerate.prerateTestNGSlow.doPrerate(prerateTestNGSlow.java:615)
	at prerate.prerateTestNGSlow.testMethod2(prerateTestNGSlow.java:374)
	at java.util.concurrent.ThreadPoolExecutor.runWorker(Unknown Source)
	at java.util.concurrent.ThreadPoolExecutor$Worker.run(Unknown Source)
	at java.lang.Thread.run(Unknown Source)
... Removed 11 stack frames</pre></div><a href='#' onClick='toggleBox("stack-trace28618293", this, "Click to show all stack frames", "Click to hide stack frames")'>Click to show all stack frames</a>
<div class='stack-trace' id='stack-trace28618293'><pre>java.lang.AssertionError: Failed on Home Page
	at org.testng.Assert.fail(Assert.java:93)
	at prerate.prerateTestNGSlow.doPrerate(prerateTestNGSlow.java:615)
	at prerate.prerateTestNGSlow.testMethod2(prerateTestNGSlow.java:374)
	at sun.reflect.NativeMethodAccessorImpl.invoke0(Native Method)
	at sun.reflect.NativeMethodAccessorImpl.invoke(Unknown Source)
	at sun.reflect.DelegatingMethodAccessorImpl.invoke(Unknown Source)
	at java.lang.reflect.Method.invoke(Unknown Source)
	at org.testng.internal.MethodInvocationHelper.invokeMethod(MethodInvocationHelper.java:108)
	at org.testng.internal.Invoker.invokeMethod(Invoker.java:661)
	at org.testng.internal.Invoker.invokeTestMethod(Invoker.java:869)
	at org.testng.internal.Invoker.invokeTestMethods(Invoker.java:1193)
	at org.testng.internal.TestMethodWorker.invokeTestMethods(TestMethodWorker.java:126)
	at org.testng.internal.TestMethodWorker.run(TestMethodWorker.java:109)
	at java.util.concurrent.ThreadPoolExecutor.runWorker(Unknown Source)
	at java.util.concurrent.ThreadPoolExecutor$Worker.run(Unknown Source)
	at java.lang.Thread.run(Unknown Source)
</pre></div></td>
<td>150</td>
<td>prerate.prerateTestNGSlow@23a2f9</td></tr>
<tr>
<td title='prerate.prerateTestNGSlow.testMethod3()'><b>testMethod3</b><br>Test class: prerate.prerateTestNGSlow<br>Parameters: Trucking Fees, Override Disabled., N, 177497, 1, 794821217026, 600, USD, 5071714, 050, 400, 010, 200, , , , , 63</td>
<td><div><pre>java.lang.AssertionError: Override Disabled.
	at prerate.prerateTestNGSlow.doPrerate(prerateTestNGSlow.java:746)
	at prerate.prerateTestNGSlow.testMethod3(prerateTestNGSlow.java:415)
	at java.util.concurrent.ThreadPoolExecutor.runWorker(Unknown Source)
	at java.util.concurrent.ThreadPoolExecutor$Worker.run(Unknown Source)
	at java.lang.Thread.run(Unknown Source)
... Removed 11 stack frames</pre></div><a href='#' onClick='toggleBox("stack-trace2511666", this, "Click to show all stack frames", "Click to hide stack frames")'>Click to show all stack frames</a>
<div class='stack-trace' id='stack-trace2511666'><pre>java.lang.AssertionError: Override Disabled.
	at org.testng.Assert.fail(Assert.java:93)
	at prerate.prerateTestNGSlow.doPrerate(prerateTestNGSlow.java:746)
	at prerate.prerateTestNGSlow.testMethod3(prerateTestNGSlow.java:415)
	at sun.reflect.NativeMethodAccessorImpl.invoke0(Native Method)
	at sun.reflect.NativeMethodAccessorImpl.invoke(Unknown Source)
	at sun.reflect.DelegatingMethodAccessorImpl.invoke(Unknown Source)
	at java.lang.reflect.Method.invoke(Unknown Source)
	at org.testng.internal.MethodInvocationHelper.invokeMethod(MethodInvocationHelper.java:108)
	at org.testng.internal.Invoker.invokeMethod(Invoker.java:661)
	at org.testng.internal.Invoker.invokeTestMethod(Invoker.java:869)
	at org.testng.internal.Invoker.invokeTestMethods(Invoker.java:1193)
	at org.testng.internal.TestMethodWorker.invokeTestMethods(TestMethodWorker.java:126)
	at org.testng.internal.TestMethodWorker.run(TestMethodWorker.java:109)
	at java.util.concurrent.ThreadPoolExecutor.runWorker(Unknown Source)
	at java.util.concurrent.ThreadPoolExecutor$Worker.run(Unknown Source)
	at java.lang.Thread.run(Unknown Source)
</pre></div></td>
<td>52</td>
<td>prerate.prerateTestNGSlow@23a2f9</td></tr>
<tr>
<td title='prerate.prerateTestNGSlow.testMethod3()'><b>testMethod3</b><br>Test class: prerate.prerateTestNGSlow<br>Parameters: ADDR CHANGE FEE, Failed selecting dropdown menu..., Y, 79330, 1, 794821290132, 50000, USD, 910808, 050, 25000, 010, 25000, , , , , 143</td>
<td><div><pre>java.lang.AssertionError: Failed selecting dropdown menu...
	at prerate.prerateTestNGSlow.doPrerate(prerateTestNGSlow.java:664)
	at prerate.prerateTestNGSlow.testMethod3(prerateTestNGSlow.java:415)
	at java.util.concurrent.ThreadPoolExecutor.runWorker(Unknown Source)
	at java.util.concurrent.ThreadPoolExecutor$Worker.run(Unknown Source)
	at java.lang.Thread.run(Unknown Source)
... Removed 11 stack frames</pre></div><a href='#' onClick='toggleBox("stack-trace22383583", this, "Click to show all stack frames", "Click to hide stack frames")'>Click to show all stack frames</a>
<div class='stack-trace' id='stack-trace22383583'><pre>java.lang.AssertionError: Failed selecting dropdown menu...
	at org.testng.Assert.fail(Assert.java:93)
	at prerate.prerateTestNGSlow.doPrerate(prerateTestNGSlow.java:664)
	at prerate.prerateTestNGSlow.testMethod3(prerateTestNGSlow.java:415)
	at sun.reflect.NativeMethodAccessorImpl.invoke0(Native Method)
	at sun.reflect.NativeMethodAccessorImpl.invoke(Unknown Source)
	at sun.reflect.DelegatingMethodAccessorImpl.invoke(Unknown Source)
	at java.lang.reflect.Method.invoke(Unknown Source)
	at org.testng.internal.MethodInvocationHelper.invokeMethod(MethodInvocationHelper.java:108)
	at org.testng.internal.Invoker.invokeMethod(Invoker.java:661)
	at org.testng.internal.Invoker.invokeTestMethod(Invoker.java:869)
	at org.testng.internal.Invoker.invokeTestMethods(Invoker.java:1193)
	at org.testng.internal.TestMethodWorker.invokeTestMethods(TestMethodWorker.java:126)
	at org.testng.internal.TestMethodWorker.run(TestMethodWorker.java:109)
	at java.util.concurrent.ThreadPoolExecutor.runWorker(Unknown Source)
	at java.util.concurrent.ThreadPoolExecutor$Worker.run(Unknown Source)
	at java.lang.Thread.run(Unknown Source)
</pre></div></td>
<td>19</td>
<td>prerate.prerateTestNGSlow@23a2f9</td></tr>
<tr>
<td title='prerate.prerateTestNGSlow.testMethod4()'><b>testMethod4</b><br>Test class: prerate.prerateTestNGSlow<br>Parameters: ADDR CHANGE FEE, , N, 112720, 1, 459367697386, 100, USD, 910808, 050, 50, 010, 50, , , , , 8</td>
<td><div><pre>java.lang.AssertionError: Failed selecting dropdown menu...
	at prerate.prerateTestNGSlow.doPrerate(prerateTestNGSlow.java:664)
	at prerate.prerateTestNGSlow.testMethod4(prerateTestNGSlow.java:460)
	at java.util.concurrent.ThreadPoolExecutor.runWorker(Unknown Source)
	at java.util.concurrent.ThreadPoolExecutor$Worker.run(Unknown Source)
	at java.lang.Thread.run(Unknown Source)
... Removed 11 stack frames</pre></div><a href='#' onClick='toggleBox("stack-trace20452485", this, "Click to show all stack frames", "Click to hide stack frames")'>Click to show all stack frames</a>
<div class='stack-trace' id='stack-trace20452485'><pre>java.lang.AssertionError: Failed selecting dropdown menu...
	at org.testng.Assert.fail(Assert.java:93)
	at prerate.prerateTestNGSlow.doPrerate(prerateTestNGSlow.java:664)
	at prerate.prerateTestNGSlow.testMethod4(prerateTestNGSlow.java:460)
	at sun.reflect.NativeMethodAccessorImpl.invoke0(Native Method)
	at sun.reflect.NativeMethodAccessorImpl.invoke(Unknown Source)
	at sun.reflect.DelegatingMethodAccessorImpl.invoke(Unknown Source)
	at java.lang.reflect.Method.invoke(Unknown Source)
	at org.testng.internal.MethodInvocationHelper.invokeMethod(MethodInvocationHelper.java:108)
	at org.testng.internal.Invoker.invokeMethod(Invoker.java:661)
	at org.testng.internal.Invoker.invokeTestMethod(Invoker.java:869)
	at org.testng.internal.Invoker.invokeTestMethods(Invoker.java:1193)
	at org.testng.internal.TestMethodWorker.invokeTestMethods(TestMethodWorker.java:126)
	at org.testng.internal.TestMethodWorker.run(TestMethodWorker.java:109)
	at java.util.concurrent.ThreadPoolExecutor.runWorker(Unknown Source)
	at java.util.concurrent.ThreadPoolExecutor$Worker.run(Unknown Source)
	at java.lang.Thread.run(Unknown Source)
</pre></div></td>
<td>35</td>
<td>prerate.prerateTestNGSlow@23a2f9</td></tr>
<tr>
<td title='prerate.prerateTestNGSlow.testMethod4()'><b>testMethod4</b><br>Test class: prerate.prerateTestNGSlow<br>Parameters: ADDR CHANGE FEE, Override Disabled., N, 177053, 1, 459642245794, 200, USD, 5080136, 050, 100, 010, 100, , , , , 56</td>
<td><div><pre>java.lang.AssertionError: Override Disabled.
	at prerate.prerateTestNGSlow.doPrerate(prerateTestNGSlow.java:746)
	at prerate.prerateTestNGSlow.testMethod4(prerateTestNGSlow.java:460)
	at java.util.concurrent.ThreadPoolExecutor.runWorker(Unknown Source)
	at java.util.concurrent.ThreadPoolExecutor$Worker.run(Unknown Source)
	at java.lang.Thread.run(Unknown Source)
... Removed 11 stack frames</pre></div><a href='#' onClick='toggleBox("stack-trace10793592", this, "Click to show all stack frames", "Click to hide stack frames")'>Click to show all stack frames</a>
<div class='stack-trace' id='stack-trace10793592'><pre>java.lang.AssertionError: Override Disabled.
	at org.testng.Assert.fail(Assert.java:93)
	at prerate.prerateTestNGSlow.doPrerate(prerateTestNGSlow.java:746)
	at prerate.prerateTestNGSlow.testMethod4(prerateTestNGSlow.java:460)
	at sun.reflect.NativeMethodAccessorImpl.invoke0(Native Method)
	at sun.reflect.NativeMethodAccessorImpl.invoke(Unknown Source)
	at sun.reflect.DelegatingMethodAccessorImpl.invoke(Unknown Source)
	at java.lang.reflect.Method.invoke(Unknown Source)
	at org.testng.internal.MethodInvocationHelper.invokeMethod(MethodInvocationHelper.java:108)
	at org.testng.internal.Invoker.invokeMethod(Invoker.java:661)
	at org.testng.internal.Invoker.invokeTestMethod(Invoker.java:869)
	at org.testng.internal.Invoker.invokeTestMethods(Invoker.java:1193)
	at org.testng.internal.TestMethodWorker.invokeTestMethods(TestMethodWorker.java:126)
	at org.testng.internal.TestMethodWorker.run(TestMethodWorker.java:109)
	at java.util.concurrent.ThreadPoolExecutor.runWorker(Unknown Source)
	at java.util.concurrent.ThreadPoolExecutor$Worker.run(Unknown Source)
	at java.lang.Thread.run(Unknown Source)
</pre></div></td>
<td>57</td>
<td>prerate.prerateTestNGSlow@23a2f9</td></tr>
<tr>
<td title='prerate.prerateTestNGSlow.testMethod4()'><b>testMethod4</b><br>Test class: prerate.prerateTestNGSlow<br>Parameters: ADDR CHANGE FEE, Failed selecting dropdown menu..., N, 188805, 1, 459443894929, 200, USD, 910808, 050, 100, 010, 100, , , , , 132</td>
<td><div><pre>java.lang.AssertionError: Failed selecting dropdown menu...
	at prerate.prerateTestNGSlow.doPrerate(prerateTestNGSlow.java:664)
	at prerate.prerateTestNGSlow.testMethod4(prerateTestNGSlow.java:460)
	at java.util.concurrent.ThreadPoolExecutor.runWorker(Unknown Source)
	at java.util.concurrent.ThreadPoolExecutor$Worker.run(Unknown Source)
	at java.lang.Thread.run(Unknown Source)
... Removed 11 stack frames</pre></div><a href='#' onClick='toggleBox("stack-trace29470974", this, "Click to show all stack frames", "Click to hide stack frames")'>Click to show all stack frames</a>
<div class='stack-trace' id='stack-trace29470974'><pre>java.lang.AssertionError: Failed selecting dropdown menu...
	at org.testng.Assert.fail(Assert.java:93)
	at prerate.prerateTestNGSlow.doPrerate(prerateTestNGSlow.java:664)
	at prerate.prerateTestNGSlow.testMethod4(prerateTestNGSlow.java:460)
	at sun.reflect.NativeMethodAccessorImpl.invoke0(Native Method)
	at sun.reflect.NativeMethodAccessorImpl.invoke(Unknown Source)
	at sun.reflect.DelegatingMethodAccessorImpl.invoke(Unknown Source)
	at java.lang.reflect.Method.invoke(Unknown Source)
	at org.testng.internal.MethodInvocationHelper.invokeMethod(MethodInvocationHelper.java:108)
	at org.testng.internal.Invoker.invokeMethod(Invoker.java:661)
	at org.testng.internal.Invoker.invokeTestMethod(Invoker.java:869)
	at org.testng.internal.Invoker.invokeTestMethods(Invoker.java:1193)
	at org.testng.internal.TestMethodWorker.invokeTestMethods(TestMethodWorker.java:126)
	at org.testng.internal.TestMethodWorker.run(TestMethodWorker.java:109)
	at java.util.concurrent.ThreadPoolExecutor.runWorker(Unknown Source)
	at java.util.concurrent.ThreadPoolExecutor$Worker.run(Unknown Source)
	at java.lang.Thread.run(Unknown Source)
</pre></div></td>
<td>28</td>
<td>prerate.prerateTestNGSlow@23a2f9</td></tr>
</table><p>
<table width='100%' border='1' class='invocation-passed'>
<tr><td colspan='4' align='center'><b>PASSED TESTS</b></td></tr>
<tr><td><b>Test method</b></td>
<td width="30%"><b>Exception</b></td>
<td width="10%"><b>Time (seconds)</b></td>
<td><b>Instance</b></td>
</tr>
<tr>
<td title='prerate.prerateTestNGSlow.testMethod1()'><b>testMethod1</b><br>Test class: prerate.prerateTestNGSlow<br>Parameters: ADDR CHANGE FEE, , N, 147969, 1, 794821165117, 658.32, USD, 910808, 050, 282.11, 010, 46.55, 012, 329.66, , , 33</td>
<td></td>
<td>60</td>
<td>prerate.prerateTestNGSlow@23a2f9</td></tr>
<tr>
<td title='prerate.prerateTestNGSlow.testMethod2()'><b>testMethod2</b><br>Test class: prerate.prerateTestNGSlow<br>Parameters: ADDR CHANGE FEE, , N, 187651, 1, 459256662289, 200, USD, 910808, 050, 100, 010, 100, , , , , 90</td>
<td></td>
<td>48</td>
<td>prerate.prerateTestNGSlow@23a2f9</td></tr>
<tr>
<td title='prerate.prerateTestNGSlow.testMethod3()'><b>testMethod3</b><br>Test class: prerate.prerateTestNGSlow<br>Parameters: ADDR CHANGE FEE, , N, 103849, 1, 459365948409, 376.04, USD, 5056981, 050, 53.26, 010, 292.78, 012, 30, , , 3</td>
<td></td>
<td>80</td>
<td>prerate.prerateTestNGSlow@23a2f9</td></tr>
<tr>
<td title='prerate.prerateTestNGSlow.testMethod3()'><b>testMethod3</b><br>Test class: prerate.prerateTestNGSlow<br>Parameters: ADDR CHANGE FEE, Failed Somewhere... No Error Found Tho, N, 188410, 1, 794821350429, 200, USD, 910808, 050, 100, 010, 100, , , , , 115</td>
<td></td>
<td>49</td>
<td>prerate.prerateTestNGSlow@23a2f9</td></tr>
</table><p>
</body>
</html>