<html>
<head>
<title>TestNG:  Test(failed)</title>
<link href="../testng.css" rel="stylesheet" type="text/css" />
<link href="../my-testng.css" rel="stylesheet" type="text/css" />

<style type="text/css">
.log { display: none;} 
.stack-trace { display: none;} 
</style>
<script type="text/javascript">
<!--
function flip(e) {
  current = e.style.display;
  if (current == 'block') {
    e.style.display = 'none';
    return 0;
  }
  else {
    e.style.display = 'block';
    return 1;
  }
}

function toggleBox(szDivId, elem, msg1, msg2)
{
  var res = -1;  if (document.getElementById) {
    res = flip(document.getElementById(szDivId));
  }
  else if (document.all) {
    // this is the way old msie versions work
    res = flip(document.all[szDivId]);
  }
  if(elem) {
    if(res == 0) elem.innerHTML = msg1; else elem.innerHTML = msg2;
  }

}

function toggleAllBoxes() {
  if (document.getElementsByTagName) {
    d = document.getElementsByTagName('div');
    for (i = 0; i < d.length; i++) {
      if (d[i].className == 'log') {
        flip(d[i]);
      }
    }
  }
}

// -->
</script>

</head>
<body>
<h2 align='center'>Test(failed)</h2><table border='1' align="center">
<tr>
<td>Tests passed/Failed/Skipped:</td><td>28/18/0</td>
</tr><tr>
<td>Started on:</td><td>Tue Apr 28 11:00:52 CDT 2020</td>
</tr>
<tr><td>Total time:</td><td>856 seconds (856951 ms)</td>
</tr><tr>
<td>Included groups:</td><td></td>
</tr><tr>
<td>Excluded groups:</td><td></td>
</tr>
</table><p/>
<small><i>(Hover the method name to see the test class name)</i></small><p/>
<table width='100%' border='1' class='invocation-failed'>
<tr><td colspan='4' align='center'><b>FAILED TESTS</b></td></tr>
<tr><td><b>Test method</b></td>
<td width="30%"><b>Exception</b></td>
<td width="10%"><b>Time (seconds)</b></td>
<td><b>Instance</b></td>
</tr>
<tr>
<td title='prerate.prerateTestNGSlow.testMethod1()'><b>testMethod1</b><br>Test class: prerate.prerateTestNGSlow<br>Parameters: ADDR CHANGE FEE, , N, 147969, 1, 794821165117, 658.32, USD, 910808, 050, 282.11, 010, 46.55, 012, 329.66, , , 33</td>
<td><div><pre>java.lang.AssertionError: Failed on Home Page
	at prerate.prerateTestNGSlow.doPrerate(prerateTestNGSlow.java:615)
	at prerate.prerateTestNGSlow.testMethod1(prerateTestNGSlow.java:334)
	at java.util.concurrent.ThreadPoolExecutor.runWorker(Unknown Source)
	at java.util.concurrent.ThreadPoolExecutor$Worker.run(Unknown Source)
	at java.lang.Thread.run(Unknown Source)
... Removed 11 stack frames</pre></div><a href='#' onClick='toggleBox("stack-trace4728567", this, "Click to show all stack frames", "Click to hide stack frames")'>Click to show all stack frames</a>
<div class='stack-trace' id='stack-trace4728567'><pre>java.lang.AssertionError: Failed on Home Page
	at org.testng.Assert.fail(Assert.java:93)
	at prerate.prerateTestNGSlow.doPrerate(prerateTestNGSlow.java:615)
	at prerate.prerateTestNGSlow.testMethod1(prerateTestNGSlow.java:334)
	at sun.reflect.NativeMethodAccessorImpl.invoke0(Native Method)
	at sun.reflect.NativeMethodAccessorImpl.invoke(Unknown Source)
	at sun.reflect.DelegatingMethodAccessorImpl.invoke(Unknown Source)
	at java.lang.reflect.Method.invoke(Unknown Source)
	at org.testng.internal.MethodInvocationHelper.invokeMethod(MethodInvocationHelper.java:108)
	at org.testng.internal.Invoker.invokeMethod(Invoker.java:661)
	at org.testng.internal.Invoker.invokeTestMethod(Invoker.java:869)
	at org.testng.internal.Invoker.invokeTestMethods(Invoker.java:1193)
	at org.testng.internal.TestMethodWorker.invokeTestMethods(TestMethodWorker.java:126)
	at org.testng.internal.TestMethodWorker.run(TestMethodWorker.java:109)
	at java.util.concurrent.ThreadPoolExecutor.runWorker(Unknown Source)
	at java.util.concurrent.ThreadPoolExecutor$Worker.run(Unknown Source)
	at java.lang.Thread.run(Unknown Source)
</pre></div></td>
<td>105</td>
<td>prerate.prerateTestNGSlow@23a2f9</td></tr>
<tr>
<td title='prerate.prerateTestNGSlow.testMethod1()'><b>testMethod1</b><br>Test class: prerate.prerateTestNGSlow<br>Parameters: ADDR CHANGE FEE, Override Disabled., N, 167694, 1, 794821384092, 145.89, CAD, 5071714, 050, 81.97, 010, 38.3, 012, 4.92, 001, 20.70, 41</td>
<td><div><pre>java.lang.AssertionError: Override Disabled.
	at prerate.prerateTestNGSlow.doPrerate(prerateTestNGSlow.java:746)
	at prerate.prerateTestNGSlow.testMethod1(prerateTestNGSlow.java:334)
	at java.util.concurrent.ThreadPoolExecutor.runWorker(Unknown Source)
	at java.util.concurrent.ThreadPoolExecutor$Worker.run(Unknown Source)
	at java.lang.Thread.run(Unknown Source)
... Removed 11 stack frames</pre></div><a href='#' onClick='toggleBox("stack-trace18203011", this, "Click to show all stack frames", "Click to hide stack frames")'>Click to show all stack frames</a>
<div class='stack-trace' id='stack-trace18203011'><pre>java.lang.AssertionError: Override Disabled.
	at org.testng.Assert.fail(Assert.java:93)
	at prerate.prerateTestNGSlow.doPrerate(prerateTestNGSlow.java:746)
	at prerate.prerateTestNGSlow.testMethod1(prerateTestNGSlow.java:334)
	at sun.reflect.NativeMethodAccessorImpl.invoke0(Native Method)
	at sun.reflect.NativeMethodAccessorImpl.invoke(Unknown Source)
	at sun.reflect.DelegatingMethodAccessorImpl.invoke(Unknown Source)
	at java.lang.reflect.Method.invoke(Unknown Source)
	at org.testng.internal.MethodInvocationHelper.invokeMethod(MethodInvocationHelper.java:108)
	at org.testng.internal.Invoker.invokeMethod(Invoker.java:661)
	at org.testng.internal.Invoker.invokeTestMethod(Invoker.java:869)
	at org.testng.internal.Invoker.invokeTestMethods(Invoker.java:1193)
	at org.testng.internal.TestMethodWorker.invokeTestMethods(TestMethodWorker.java:126)
	at org.testng.internal.TestMethodWorker.run(TestMethodWorker.java:109)
	at java.util.concurrent.ThreadPoolExecutor.runWorker(Unknown Source)
	at java.util.concurrent.ThreadPoolExecutor$Worker.run(Unknown Source)
	at java.lang.Thread.run(Unknown Source)
</pre></div></td>
<td>76</td>
<td>prerate.prerateTestNGSlow@23a2f9</td></tr>
<tr>
<td title='prerate.prerateTestNGSlow.testMethod1()'><b>testMethod1</b><br>Test class: prerate.prerateTestNGSlow<br>Parameters: ADDR CHANGE FEE, Override Disabled., N, 173353, 1, 794821215115, 200, PHP, 5080136, 050, 100, 010, 100, , , , , 45</td>
<td><div><pre>java.lang.AssertionError: Override Disabled.
	at prerate.prerateTestNGSlow.doPrerate(prerateTestNGSlow.java:746)
	at prerate.prerateTestNGSlow.testMethod1(prerateTestNGSlow.java:334)
	at java.util.concurrent.ThreadPoolExecutor.runWorker(Unknown Source)
	at java.util.concurrent.ThreadPoolExecutor$Worker.run(Unknown Source)
	at java.lang.Thread.run(Unknown Source)
... Removed 11 stack frames</pre></div><a href='#' onClick='toggleBox("stack-trace26359138", this, "Click to show all stack frames", "Click to hide stack frames")'>Click to show all stack frames</a>
<div class='stack-trace' id='stack-trace26359138'><pre>java.lang.AssertionError: Override Disabled.
	at org.testng.Assert.fail(Assert.java:93)
	at prerate.prerateTestNGSlow.doPrerate(prerateTestNGSlow.java:746)
	at prerate.prerateTestNGSlow.testMethod1(prerateTestNGSlow.java:334)
	at sun.reflect.NativeMethodAccessorImpl.invoke0(Native Method)
	at sun.reflect.NativeMethodAccessorImpl.invoke(Unknown Source)
	at sun.reflect.DelegatingMethodAccessorImpl.invoke(Unknown Source)
	at java.lang.reflect.Method.invoke(Unknown Source)
	at org.testng.internal.MethodInvocationHelper.invokeMethod(MethodInvocationHelper.java:108)
	at org.testng.internal.Invoker.invokeMethod(Invoker.java:661)
	at org.testng.internal.Invoker.invokeTestMethod(Invoker.java:869)
	at org.testng.internal.Invoker.invokeTestMethods(Invoker.java:1193)
	at org.testng.internal.TestMethodWorker.invokeTestMethods(TestMethodWorker.java:126)
	at org.testng.internal.TestMethodWorker.run(TestMethodWorker.java:109)
	at java.util.concurrent.ThreadPoolExecutor.runWorker(Unknown Source)
	at java.util.concurrent.ThreadPoolExecutor$Worker.run(Unknown Source)
	at java.lang.Thread.run(Unknown Source)
</pre></div></td>
<td>45</td>
<td>prerate.prerateTestNGSlow@23a2f9</td></tr>
<tr>
<td title='prerate.prerateTestNGSlow.testMethod1()'><b>testMethod1</b><br>Test class: prerate.prerateTestNGSlow<br>Parameters: ADDR CHANGE FEE, Failed selecting dropdown menu..., N, 188106, 1, 794821200410, 200, USD, 910808, 050, 100, 010, 100, , , , , 97</td>
<td><div><pre>java.lang.AssertionError: Failed selecting dropdown menu...
	at prerate.prerateTestNGSlow.doPrerate(prerateTestNGSlow.java:664)
	at prerate.prerateTestNGSlow.testMethod1(prerateTestNGSlow.java:334)
	at java.util.concurrent.ThreadPoolExecutor.runWorker(Unknown Source)
	at java.util.concurrent.ThreadPoolExecutor$Worker.run(Unknown Source)
	at java.lang.Thread.run(Unknown Source)
... Removed 11 stack frames</pre></div><a href='#' onClick='toggleBox("stack-trace31720488", this, "Click to show all stack frames", "Click to hide stack frames")'>Click to show all stack frames</a>
<div class='stack-trace' id='stack-trace31720488'><pre>java.lang.AssertionError: Failed selecting dropdown menu...
	at org.testng.Assert.fail(Assert.java:93)
	at prerate.prerateTestNGSlow.doPrerate(prerateTestNGSlow.java:664)
	at prerate.prerateTestNGSlow.testMethod1(prerateTestNGSlow.java:334)
	at sun.reflect.NativeMethodAccessorImpl.invoke0(Native Method)
	at sun.reflect.NativeMethodAccessorImpl.invoke(Unknown Source)
	at sun.reflect.DelegatingMethodAccessorImpl.invoke(Unknown Source)
	at java.lang.reflect.Method.invoke(Unknown Source)
	at org.testng.internal.MethodInvocationHelper.invokeMethod(MethodInvocationHelper.java:108)
	at org.testng.internal.Invoker.invokeMethod(Invoker.java:661)
	at org.testng.internal.Invoker.invokeTestMethod(Invoker.java:869)
	at org.testng.internal.Invoker.invokeTestMethods(Invoker.java:1193)
	at org.testng.internal.TestMethodWorker.invokeTestMethods(TestMethodWorker.java:126)
	at org.testng.internal.TestMethodWorker.run(TestMethodWorker.java:109)
	at java.util.concurrent.ThreadPoolExecutor.runWorker(Unknown Source)
	at java.util.concurrent.ThreadPoolExecutor$Worker.run(Unknown Source)
	at java.lang.Thread.run(Unknown Source)
</pre></div></td>
<td>35</td>
<td>prerate.prerateTestNGSlow@23a2f9</td></tr>
<tr>
<td title='prerate.prerateTestNGSlow.testMethod2()'><b>testMethod2</b><br>Test class: prerate.prerateTestNGSlow<br>Parameters: ADDR CHANGE FEE, Failed selecting dropdown menu..., N, 103842, 1, 794821305816, 55000, CNY, 910808, 050, 20000, 010, 20000, , , 001, 15000, 2</td>
<td><div><pre>java.lang.AssertionError: Override Disabled.
	at prerate.prerateTestNGSlow.doPrerate(prerateTestNGSlow.java:746)
	at prerate.prerateTestNGSlow.testMethod2(prerateTestNGSlow.java:374)
	at java.util.concurrent.ThreadPoolExecutor.runWorker(Unknown Source)
	at java.util.concurrent.ThreadPoolExecutor$Worker.run(Unknown Source)
	at java.lang.Thread.run(Unknown Source)
... Removed 11 stack frames</pre></div><a href='#' onClick='toggleBox("stack-trace24283852", this, "Click to show all stack frames", "Click to hide stack frames")'>Click to show all stack frames</a>
<div class='stack-trace' id='stack-trace24283852'><pre>java.lang.AssertionError: Override Disabled.
	at org.testng.Assert.fail(Assert.java:93)
	at prerate.prerateTestNGSlow.doPrerate(prerateTestNGSlow.java:746)
	at prerate.prerateTestNGSlow.testMethod2(prerateTestNGSlow.java:374)
	at sun.reflect.NativeMethodAccessorImpl.invoke0(Native Method)
	at sun.reflect.NativeMethodAccessorImpl.invoke(Unknown Source)
	at sun.reflect.DelegatingMethodAccessorImpl.invoke(Unknown Source)
	at java.lang.reflect.Method.invoke(Unknown Source)
	at org.testng.internal.MethodInvocationHelper.invokeMethod(MethodInvocationHelper.java:108)
	at org.testng.internal.Invoker.invokeMethod(Invoker.java:661)
	at org.testng.internal.Invoker.invokeTestMethod(Invoker.java:869)
	at org.testng.internal.Invoker.invokeTestMethods(Invoker.java:1193)
	at org.testng.internal.TestMethodWorker.invokeTestMethods(TestMethodWorker.java:126)
	at org.testng.internal.TestMethodWorker.run(TestMethodWorker.java:109)
	at java.util.concurrent.ThreadPoolExecutor.runWorker(Unknown Source)
	at java.util.concurrent.ThreadPoolExecutor$Worker.run(Unknown Source)
	at java.lang.Thread.run(Unknown Source)
</pre></div></td>
<td>64</td>
<td>prerate.prerateTestNGSlow@23a2f9</td></tr>
<tr>
<td title='prerate.prerateTestNGSlow.testMethod2()'><b>testMethod2</b><br>Test class: prerate.prerateTestNGSlow<br>Parameters: ADDR CHANGE FEE, Sum of Charge Details does not equal Payment Total Amount, N, 123634, 1, 794821135206, 1456.25, USD, 5056981, 050, 728.125, 010, 728.125, , , , , 10</td>
<td><div><pre>java.lang.AssertionError: Sum of Charge Details does not equal Payment Total Amount
	at prerate.prerateTestNGSlow.doPrerate(prerateTestNGSlow.java:802)
	at prerate.prerateTestNGSlow.testMethod2(prerateTestNGSlow.java:374)
	at java.util.concurrent.ThreadPoolExecutor.runWorker(Unknown Source)
	at java.util.concurrent.ThreadPoolExecutor$Worker.run(Unknown Source)
	at java.lang.Thread.run(Unknown Source)
... Removed 11 stack frames</pre></div><a href='#' onClick='toggleBox("stack-trace8416589", this, "Click to show all stack frames", "Click to hide stack frames")'>Click to show all stack frames</a>
<div class='stack-trace' id='stack-trace8416589'><pre>java.lang.AssertionError: Sum of Charge Details does not equal Payment Total Amount
	at org.testng.Assert.fail(Assert.java:93)
	at prerate.prerateTestNGSlow.doPrerate(prerateTestNGSlow.java:802)
	at prerate.prerateTestNGSlow.testMethod2(prerateTestNGSlow.java:374)
	at sun.reflect.NativeMethodAccessorImpl.invoke0(Native Method)
	at sun.reflect.NativeMethodAccessorImpl.invoke(Unknown Source)
	at sun.reflect.DelegatingMethodAccessorImpl.invoke(Unknown Source)
	at java.lang.reflect.Method.invoke(Unknown Source)
	at org.testng.internal.MethodInvocationHelper.invokeMethod(MethodInvocationHelper.java:108)
	at org.testng.internal.Invoker.invokeMethod(Invoker.java:661)
	at org.testng.internal.Invoker.invokeTestMethod(Invoker.java:869)
	at org.testng.internal.Invoker.invokeTestMethods(Invoker.java:1193)
	at org.testng.internal.TestMethodWorker.invokeTestMethods(TestMethodWorker.java:126)
	at org.testng.internal.TestMethodWorker.run(TestMethodWorker.java:109)
	at java.util.concurrent.ThreadPoolExecutor.runWorker(Unknown Source)
	at java.util.concurrent.ThreadPoolExecutor$Worker.run(Unknown Source)
	at java.lang.Thread.run(Unknown Source)
</pre></div></td>
<td>81</td>
<td>prerate.prerateTestNGSlow@23a2f9</td></tr>
<tr>
<td title='prerate.prerateTestNGSlow.testMethod2()'><b>testMethod2</b><br>Test class: prerate.prerateTestNGSlow<br>Parameters: ADDR CHANGE FEE, Failed selecting dropdown menu..., N, 143567, 1, 794821159578, 300, USD, 5080136, 050, 100, 010, 100, 977, 100, , , 26</td>
<td><div><pre>java.lang.AssertionError: Failed on the input menu...
	at prerate.prerateTestNGSlow.doPrerate(prerateTestNGSlow.java:700)
	at prerate.prerateTestNGSlow.testMethod2(prerateTestNGSlow.java:374)
	at java.util.concurrent.ThreadPoolExecutor.runWorker(Unknown Source)
	at java.util.concurrent.ThreadPoolExecutor$Worker.run(Unknown Source)
	at java.lang.Thread.run(Unknown Source)
... Removed 11 stack frames</pre></div><a href='#' onClick='toggleBox("stack-trace24717237", this, "Click to show all stack frames", "Click to hide stack frames")'>Click to show all stack frames</a>
<div class='stack-trace' id='stack-trace24717237'><pre>java.lang.AssertionError: Failed on the input menu...
	at org.testng.Assert.fail(Assert.java:93)
	at prerate.prerateTestNGSlow.doPrerate(prerateTestNGSlow.java:700)
	at prerate.prerateTestNGSlow.testMethod2(prerateTestNGSlow.java:374)
	at sun.reflect.NativeMethodAccessorImpl.invoke0(Native Method)
	at sun.reflect.NativeMethodAccessorImpl.invoke(Unknown Source)
	at sun.reflect.DelegatingMethodAccessorImpl.invoke(Unknown Source)
	at java.lang.reflect.Method.invoke(Unknown Source)
	at org.testng.internal.MethodInvocationHelper.invokeMethod(MethodInvocationHelper.java:108)
	at org.testng.internal.Invoker.invokeMethod(Invoker.java:661)
	at org.testng.internal.Invoker.invokeTestMethod(Invoker.java:869)
	at org.testng.internal.Invoker.invokeTestMethods(Invoker.java:1193)
	at org.testng.internal.TestMethodWorker.invokeTestMethods(TestMethodWorker.java:126)
	at org.testng.internal.TestMethodWorker.run(TestMethodWorker.java:109)
	at java.util.concurrent.ThreadPoolExecutor.runWorker(Unknown Source)
	at java.util.concurrent.ThreadPoolExecutor$Worker.run(Unknown Source)
	at java.lang.Thread.run(Unknown Source)
</pre></div></td>
<td>83</td>
<td>prerate.prerateTestNGSlow@23a2f9</td></tr>
<tr>
<td title='prerate.prerateTestNGSlow.testMethod2()'><b>testMethod2</b><br>Test class: prerate.prerateTestNGSlow<br>Parameters: ADDR CHANGE FEE, Override Disabled., N, 149310, 1, 794821309649, 300, USD, 5080136, 050, 100, 010, 100, 976, 100, , , 34</td>
<td><div><pre>java.lang.AssertionError: Override Disabled.
	at prerate.prerateTestNGSlow.doPrerate(prerateTestNGSlow.java:746)
	at prerate.prerateTestNGSlow.testMethod2(prerateTestNGSlow.java:374)
	at java.util.concurrent.ThreadPoolExecutor.runWorker(Unknown Source)
	at java.util.concurrent.ThreadPoolExecutor$Worker.run(Unknown Source)
	at java.lang.Thread.run(Unknown Source)
... Removed 11 stack frames</pre></div><a href='#' onClick='toggleBox("stack-trace22435603", this, "Click to show all stack frames", "Click to hide stack frames")'>Click to show all stack frames</a>
<div class='stack-trace' id='stack-trace22435603'><pre>java.lang.AssertionError: Override Disabled.
	at org.testng.Assert.fail(Assert.java:93)
	at prerate.prerateTestNGSlow.doPrerate(prerateTestNGSlow.java:746)
	at prerate.prerateTestNGSlow.testMethod2(prerateTestNGSlow.java:374)
	at sun.reflect.NativeMethodAccessorImpl.invoke0(Native Method)
	at sun.reflect.NativeMethodAccessorImpl.invoke(Unknown Source)
	at sun.reflect.DelegatingMethodAccessorImpl.invoke(Unknown Source)
	at java.lang.reflect.Method.invoke(Unknown Source)
	at org.testng.internal.MethodInvocationHelper.invokeMethod(MethodInvocationHelper.java:108)
	at org.testng.internal.Invoker.invokeMethod(Invoker.java:661)
	at org.testng.internal.Invoker.invokeTestMethod(Invoker.java:869)
	at org.testng.internal.Invoker.invokeTestMethods(Invoker.java:1193)
	at org.testng.internal.TestMethodWorker.invokeTestMethods(TestMethodWorker.java:126)
	at org.testng.internal.TestMethodWorker.run(TestMethodWorker.java:109)
	at java.util.concurrent.ThreadPoolExecutor.runWorker(Unknown Source)
	at java.util.concurrent.ThreadPoolExecutor$Worker.run(Unknown Source)
	at java.lang.Thread.run(Unknown Source)
</pre></div></td>
<td>46</td>
<td>prerate.prerateTestNGSlow@23a2f9</td></tr>
<tr>
<td title='prerate.prerateTestNGSlow.testMethod2()'><b>testMethod2</b><br>Test class: prerate.prerateTestNGSlow<br>Parameters: ADDR CHANGE FEE, , N, 187651, 1, 459256662289, 200, USD, 910808, 050, 100, 010, 100, , , , , 90</td>
<td><div><pre>java.lang.IndexOutOfBoundsException: Index: 4, Size: 3
	at java.util.ArrayList.rangeCheck(Unknown Source)
	at java.util.ArrayList.get(Unknown Source)
	at prerate.prerateTestNGSlow.doPrerate(prerateTestNGSlow.java:740)
	at prerate.prerateTestNGSlow.testMethod2(prerateTestNGSlow.java:374)
	at java.util.concurrent.ThreadPoolExecutor.runWorker(Unknown Source)
	at java.util.concurrent.ThreadPoolExecutor$Worker.run(Unknown Source)
	at java.lang.Thread.run(Unknown Source)
... Removed 10 stack frames</pre></div><a href='#' onClick='toggleBox("stack-trace11937388", this, "Click to show all stack frames", "Click to hide stack frames")'>Click to show all stack frames</a>
<div class='stack-trace' id='stack-trace11937388'><pre>java.lang.IndexOutOfBoundsException: Index: 4, Size: 3
	at java.util.ArrayList.rangeCheck(Unknown Source)
	at java.util.ArrayList.get(Unknown Source)
	at prerate.prerateTestNGSlow.doPrerate(prerateTestNGSlow.java:740)
	at prerate.prerateTestNGSlow.testMethod2(prerateTestNGSlow.java:374)
	at sun.reflect.NativeMethodAccessorImpl.invoke0(Native Method)
	at sun.reflect.NativeMethodAccessorImpl.invoke(Unknown Source)
	at sun.reflect.DelegatingMethodAccessorImpl.invoke(Unknown Source)
	at java.lang.reflect.Method.invoke(Unknown Source)
	at org.testng.internal.MethodInvocationHelper.invokeMethod(MethodInvocationHelper.java:108)
	at org.testng.internal.Invoker.invokeMethod(Invoker.java:661)
	at org.testng.internal.Invoker.invokeTestMethod(Invoker.java:869)
	at org.testng.internal.Invoker.invokeTestMethods(Invoker.java:1193)
	at org.testng.internal.TestMethodWorker.invokeTestMethods(TestMethodWorker.java:126)
	at org.testng.internal.TestMethodWorker.run(TestMethodWorker.java:109)
	at java.util.concurrent.ThreadPoolExecutor.runWorker(Unknown Source)
	at java.util.concurrent.ThreadPoolExecutor$Worker.run(Unknown Source)
	at java.lang.Thread.run(Unknown Source)
</pre></div></td>
<td>57</td>
<td>prerate.prerateTestNGSlow@23a2f9</td></tr>
<tr>
<td title='prerate.prerateTestNGSlow.testMethod2()'><b>testMethod2</b><br>Test class: prerate.prerateTestNGSlow<br>Parameters: ADDR CHANGE FEE, Technical Error Occurred in Edits; Try again ,6713,7169, N, 189247, 1, 794821223385, 200, USD, 910808, 050, 100, 010, 100, , , , , 138</td>
<td><div><pre>java.lang.AssertionError: Technical Error Occurred in Edits; Try again ,6713,7169
	at prerate.prerateTestNGSlow.doPrerate(prerateTestNGSlow.java:786)
	at prerate.prerateTestNGSlow.testMethod2(prerateTestNGSlow.java:374)
	at java.util.concurrent.ThreadPoolExecutor.runWorker(Unknown Source)
	at java.util.concurrent.ThreadPoolExecutor$Worker.run(Unknown Source)
	at java.lang.Thread.run(Unknown Source)
... Removed 11 stack frames</pre></div><a href='#' onClick='toggleBox("stack-trace26243915", this, "Click to show all stack frames", "Click to hide stack frames")'>Click to show all stack frames</a>
<div class='stack-trace' id='stack-trace26243915'><pre>java.lang.AssertionError: Technical Error Occurred in Edits; Try again ,6713,7169
	at org.testng.Assert.fail(Assert.java:93)
	at prerate.prerateTestNGSlow.doPrerate(prerateTestNGSlow.java:786)
	at prerate.prerateTestNGSlow.testMethod2(prerateTestNGSlow.java:374)
	at sun.reflect.NativeMethodAccessorImpl.invoke0(Native Method)
	at sun.reflect.NativeMethodAccessorImpl.invoke(Unknown Source)
	at sun.reflect.DelegatingMethodAccessorImpl.invoke(Unknown Source)
	at java.lang.reflect.Method.invoke(Unknown Source)
	at org.testng.internal.MethodInvocationHelper.invokeMethod(MethodInvocationHelper.java:108)
	at org.testng.internal.Invoker.invokeMethod(Invoker.java:661)
	at org.testng.internal.Invoker.invokeTestMethod(Invoker.java:869)
	at org.testng.internal.Invoker.invokeTestMethods(Invoker.java:1193)
	at org.testng.internal.TestMethodWorker.invokeTestMethods(TestMethodWorker.java:126)
	at org.testng.internal.TestMethodWorker.run(TestMethodWorker.java:109)
	at java.util.concurrent.ThreadPoolExecutor.runWorker(Unknown Source)
	at java.util.concurrent.ThreadPoolExecutor$Worker.run(Unknown Source)
	at java.lang.Thread.run(Unknown Source)
</pre></div></td>
<td>60</td>
<td>prerate.prerateTestNGSlow@23a2f9</td></tr>
<tr>
<td title='prerate.prerateTestNGSlow.testMethod2()'><b>testMethod2</b><br>Test class: prerate.prerateTestNGSlow<br>Parameters: ADDR CHANGE FEE, Make sure to add Charge Codes for each Charge Amount entered!, N, 97695, 1, 459344995461, 48.62, MXN, 5056981, 050, 47.3, 010, 1.32, , , , 00.00, 146</td>
<td><div><pre>java.lang.AssertionError: Failed on Home Page
	at prerate.prerateTestNGSlow.doPrerate(prerateTestNGSlow.java:615)
	at prerate.prerateTestNGSlow.testMethod2(prerateTestNGSlow.java:374)
	at java.util.concurrent.ThreadPoolExecutor.runWorker(Unknown Source)
	at java.util.concurrent.ThreadPoolExecutor$Worker.run(Unknown Source)
	at java.lang.Thread.run(Unknown Source)
... Removed 11 stack frames</pre></div><a href='#' onClick='toggleBox("stack-trace7508545", this, "Click to show all stack frames", "Click to hide stack frames")'>Click to show all stack frames</a>
<div class='stack-trace' id='stack-trace7508545'><pre>java.lang.AssertionError: Failed on Home Page
	at org.testng.Assert.fail(Assert.java:93)
	at prerate.prerateTestNGSlow.doPrerate(prerateTestNGSlow.java:615)
	at prerate.prerateTestNGSlow.testMethod2(prerateTestNGSlow.java:374)
	at sun.reflect.NativeMethodAccessorImpl.invoke0(Native Method)
	at sun.reflect.NativeMethodAccessorImpl.invoke(Unknown Source)
	at sun.reflect.DelegatingMethodAccessorImpl.invoke(Unknown Source)
	at java.lang.reflect.Method.invoke(Unknown Source)
	at org.testng.internal.MethodInvocationHelper.invokeMethod(MethodInvocationHelper.java:108)
	at org.testng.internal.Invoker.invokeMethod(Invoker.java:661)
	at org.testng.internal.Invoker.invokeTestMethod(Invoker.java:869)
	at org.testng.internal.Invoker.invokeTestMethods(Invoker.java:1193)
	at org.testng.internal.TestMethodWorker.invokeTestMethods(TestMethodWorker.java:126)
	at org.testng.internal.TestMethodWorker.run(TestMethodWorker.java:109)
	at java.util.concurrent.ThreadPoolExecutor.runWorker(Unknown Source)
	at java.util.concurrent.ThreadPoolExecutor$Worker.run(Unknown Source)
	at java.lang.Thread.run(Unknown Source)
</pre></div></td>
<td>146</td>
<td>prerate.prerateTestNGSlow@23a2f9</td></tr>
<tr>
<td title='prerate.prerateTestNGSlow.testMethod3()'><b>testMethod3</b><br>Test class: prerate.prerateTestNGSlow<br>Parameters: ADDR CHANGE FEE, Failed selecting dropdown menu..., N, 103849, 1, 459365948409, 376.04, USD, 5056981, 050, 53.26, 010, 292.78, 012, 30, , , 3</td>
<td><div><pre>java.lang.AssertionError: No Error Found, but still failed
	at prerate.prerateTestNGSlow.doPrerate(prerateTestNGSlow.java:814)
	at prerate.prerateTestNGSlow.testMethod3(prerateTestNGSlow.java:415)
	at java.util.concurrent.ThreadPoolExecutor.runWorker(Unknown Source)
	at java.util.concurrent.ThreadPoolExecutor$Worker.run(Unknown Source)
	at java.lang.Thread.run(Unknown Source)
... Removed 11 stack frames</pre></div><a href='#' onClick='toggleBox("stack-trace1560235", this, "Click to show all stack frames", "Click to hide stack frames")'>Click to show all stack frames</a>
<div class='stack-trace' id='stack-trace1560235'><pre>java.lang.AssertionError: No Error Found, but still failed
	at org.testng.Assert.fail(Assert.java:93)
	at prerate.prerateTestNGSlow.doPrerate(prerateTestNGSlow.java:814)
	at prerate.prerateTestNGSlow.testMethod3(prerateTestNGSlow.java:415)
	at sun.reflect.NativeMethodAccessorImpl.invoke0(Native Method)
	at sun.reflect.NativeMethodAccessorImpl.invoke(Unknown Source)
	at sun.reflect.DelegatingMethodAccessorImpl.invoke(Unknown Source)
	at java.lang.reflect.Method.invoke(Unknown Source)
	at org.testng.internal.MethodInvocationHelper.invokeMethod(MethodInvocationHelper.java:108)
	at org.testng.internal.Invoker.invokeMethod(Invoker.java:661)
	at org.testng.internal.Invoker.invokeTestMethod(Invoker.java:869)
	at org.testng.internal.Invoker.invokeTestMethods(Invoker.java:1193)
	at org.testng.internal.TestMethodWorker.invokeTestMethods(TestMethodWorker.java:126)
	at org.testng.internal.TestMethodWorker.run(TestMethodWorker.java:109)
	at java.util.concurrent.ThreadPoolExecutor.runWorker(Unknown Source)
	at java.util.concurrent.ThreadPoolExecutor$Worker.run(Unknown Source)
	at java.lang.Thread.run(Unknown Source)
</pre></div></td>
<td>110</td>
<td>prerate.prerateTestNGSlow@23a2f9</td></tr>
<tr>
<td title='prerate.prerateTestNGSlow.testMethod3()'><b>testMethod3</b><br>Test class: prerate.prerateTestNGSlow<br>Parameters: Trucking Fees, Override Disabled., N, 177497, 1, 794821217026, 600, USD, 5071714, 050, 400, 010, 200, , , , , 63</td>
<td><div><pre>java.lang.AssertionError: Override Disabled.
	at prerate.prerateTestNGSlow.doPrerate(prerateTestNGSlow.java:746)
	at prerate.prerateTestNGSlow.testMethod3(prerateTestNGSlow.java:415)
	at java.util.concurrent.ThreadPoolExecutor.runWorker(Unknown Source)
	at java.util.concurrent.ThreadPoolExecutor$Worker.run(Unknown Source)
	at java.lang.Thread.run(Unknown Source)
... Removed 11 stack frames</pre></div><a href='#' onClick='toggleBox("stack-trace4916864", this, "Click to show all stack frames", "Click to hide stack frames")'>Click to show all stack frames</a>
<div class='stack-trace' id='stack-trace4916864'><pre>java.lang.AssertionError: Override Disabled.
	at org.testng.Assert.fail(Assert.java:93)
	at prerate.prerateTestNGSlow.doPrerate(prerateTestNGSlow.java:746)
	at prerate.prerateTestNGSlow.testMethod3(prerateTestNGSlow.java:415)
	at sun.reflect.NativeMethodAccessorImpl.invoke0(Native Method)
	at sun.reflect.NativeMethodAccessorImpl.invoke(Unknown Source)
	at sun.reflect.DelegatingMethodAccessorImpl.invoke(Unknown Source)
	at java.lang.reflect.Method.invoke(Unknown Source)
	at org.testng.internal.MethodInvocationHelper.invokeMethod(MethodInvocationHelper.java:108)
	at org.testng.internal.Invoker.invokeMethod(Invoker.java:661)
	at org.testng.internal.Invoker.invokeTestMethod(Invoker.java:869)
	at org.testng.internal.Invoker.invokeTestMethods(Invoker.java:1193)
	at org.testng.internal.TestMethodWorker.invokeTestMethods(TestMethodWorker.java:126)
	at org.testng.internal.TestMethodWorker.run(TestMethodWorker.java:109)
	at java.util.concurrent.ThreadPoolExecutor.runWorker(Unknown Source)
	at java.util.concurrent.ThreadPoolExecutor$Worker.run(Unknown Source)
	at java.lang.Thread.run(Unknown Source)
</pre></div></td>
<td>49</td>
<td>prerate.prerateTestNGSlow@23a2f9</td></tr>
<tr>
<td title='prerate.prerateTestNGSlow.testMethod3()'><b>testMethod3</b><br>Test class: prerate.prerateTestNGSlow<br>Parameters: ADDR CHANGE FEE, , N, 188410, 1, 794821350429, 200, USD, 910808, 050, 100, 010, 100, , , , , 115</td>
<td><div><pre>java.lang.AssertionError: No Error Found, but still failed
	at prerate.prerateTestNGSlow.doPrerate(prerateTestNGSlow.java:814)
	at prerate.prerateTestNGSlow.testMethod3(prerateTestNGSlow.java:415)
	at java.util.concurrent.ThreadPoolExecutor.runWorker(Unknown Source)
	at java.util.concurrent.ThreadPoolExecutor$Worker.run(Unknown Source)
	at java.lang.Thread.run(Unknown Source)
... Removed 11 stack frames</pre></div><a href='#' onClick='toggleBox("stack-trace5828315", this, "Click to show all stack frames", "Click to hide stack frames")'>Click to show all stack frames</a>
<div class='stack-trace' id='stack-trace5828315'><pre>java.lang.AssertionError: No Error Found, but still failed
	at org.testng.Assert.fail(Assert.java:93)
	at prerate.prerateTestNGSlow.doPrerate(prerateTestNGSlow.java:814)
	at prerate.prerateTestNGSlow.testMethod3(prerateTestNGSlow.java:415)
	at sun.reflect.NativeMethodAccessorImpl.invoke0(Native Method)
	at sun.reflect.NativeMethodAccessorImpl.invoke(Unknown Source)
	at sun.reflect.DelegatingMethodAccessorImpl.invoke(Unknown Source)
	at java.lang.reflect.Method.invoke(Unknown Source)
	at org.testng.internal.MethodInvocationHelper.invokeMethod(MethodInvocationHelper.java:108)
	at org.testng.internal.Invoker.invokeMethod(Invoker.java:661)
	at org.testng.internal.Invoker.invokeTestMethod(Invoker.java:869)
	at org.testng.internal.Invoker.invokeTestMethods(Invoker.java:1193)
	at org.testng.internal.TestMethodWorker.invokeTestMethods(TestMethodWorker.java:126)
	at org.testng.internal.TestMethodWorker.run(TestMethodWorker.java:109)
	at java.util.concurrent.ThreadPoolExecutor.runWorker(Unknown Source)
	at java.util.concurrent.ThreadPoolExecutor$Worker.run(Unknown Source)
	at java.lang.Thread.run(Unknown Source)
</pre></div></td>
<td>98</td>
<td>prerate.prerateTestNGSlow@23a2f9</td></tr>
<tr>
<td title='prerate.prerateTestNGSlow.testMethod3()'><b>testMethod3</b><br>Test class: prerate.prerateTestNGSlow<br>Parameters: ADDR CHANGE FEE, Failed selecting dropdown menu..., Y, 79330, 1, 794821290132, 50000, USD, 910808, 050, 25000, 010, 25000, , , , , 143</td>
<td><div><pre>java.lang.AssertionError: Failed selecting dropdown menu...
	at prerate.prerateTestNGSlow.doPrerate(prerateTestNGSlow.java:664)
	at prerate.prerateTestNGSlow.testMethod3(prerateTestNGSlow.java:415)
	at java.util.concurrent.ThreadPoolExecutor.runWorker(Unknown Source)
	at java.util.concurrent.ThreadPoolExecutor$Worker.run(Unknown Source)
	at java.lang.Thread.run(Unknown Source)
... Removed 11 stack frames</pre></div><a href='#' onClick='toggleBox("stack-trace22636607", this, "Click to show all stack frames", "Click to hide stack frames")'>Click to show all stack frames</a>
<div class='stack-trace' id='stack-trace22636607'><pre>java.lang.AssertionError: Failed selecting dropdown menu...
	at org.testng.Assert.fail(Assert.java:93)
	at prerate.prerateTestNGSlow.doPrerate(prerateTestNGSlow.java:664)
	at prerate.prerateTestNGSlow.testMethod3(prerateTestNGSlow.java:415)
	at sun.reflect.NativeMethodAccessorImpl.invoke0(Native Method)
	at sun.reflect.NativeMethodAccessorImpl.invoke(Unknown Source)
	at sun.reflect.DelegatingMethodAccessorImpl.invoke(Unknown Source)
	at java.lang.reflect.Method.invoke(Unknown Source)
	at org.testng.internal.MethodInvocationHelper.invokeMethod(MethodInvocationHelper.java:108)
	at org.testng.internal.Invoker.invokeMethod(Invoker.java:661)
	at org.testng.internal.Invoker.invokeTestMethod(Invoker.java:869)
	at org.testng.internal.Invoker.invokeTestMethods(Invoker.java:1193)
	at org.testng.internal.TestMethodWorker.invokeTestMethods(TestMethodWorker.java:126)
	at org.testng.internal.TestMethodWorker.run(TestMethodWorker.java:109)
	at java.util.concurrent.ThreadPoolExecutor.runWorker(Unknown Source)
	at java.util.concurrent.ThreadPoolExecutor$Worker.run(Unknown Source)
	at java.lang.Thread.run(Unknown Source)
</pre></div></td>
<td>23</td>
<td>prerate.prerateTestNGSlow@23a2f9</td></tr>
<tr>
<td title='prerate.prerateTestNGSlow.testMethod4()'><b>testMethod4</b><br>Test class: prerate.prerateTestNGSlow<br>Parameters: ADDR CHANGE FEE, Failed selecting dropdown menu..., N, 112720, 1, 459367697386, 100, USD, 910808, 050, 50, 010, 50, , , , , 8</td>
<td><div><pre>java.lang.AssertionError: Failed selecting dropdown menu...
	at prerate.prerateTestNGSlow.doPrerate(prerateTestNGSlow.java:664)
	at prerate.prerateTestNGSlow.testMethod4(prerateTestNGSlow.java:460)
	at java.util.concurrent.ThreadPoolExecutor.runWorker(Unknown Source)
	at java.util.concurrent.ThreadPoolExecutor$Worker.run(Unknown Source)
	at java.lang.Thread.run(Unknown Source)
... Removed 11 stack frames</pre></div><a href='#' onClick='toggleBox("stack-trace27662870", this, "Click to show all stack frames", "Click to hide stack frames")'>Click to show all stack frames</a>
<div class='stack-trace' id='stack-trace27662870'><pre>java.lang.AssertionError: Failed selecting dropdown menu...
	at org.testng.Assert.fail(Assert.java:93)
	at prerate.prerateTestNGSlow.doPrerate(prerateTestNGSlow.java:664)
	at prerate.prerateTestNGSlow.testMethod4(prerateTestNGSlow.java:460)
	at sun.reflect.NativeMethodAccessorImpl.invoke0(Native Method)
	at sun.reflect.NativeMethodAccessorImpl.invoke(Unknown Source)
	at sun.reflect.DelegatingMethodAccessorImpl.invoke(Unknown Source)
	at java.lang.reflect.Method.invoke(Unknown Source)
	at org.testng.internal.MethodInvocationHelper.invokeMethod(MethodInvocationHelper.java:108)
	at org.testng.internal.Invoker.invokeMethod(Invoker.java:661)
	at org.testng.internal.Invoker.invokeTestMethod(Invoker.java:869)
	at org.testng.internal.Invoker.invokeTestMethods(Invoker.java:1193)
	at org.testng.internal.TestMethodWorker.invokeTestMethods(TestMethodWorker.java:126)
	at org.testng.internal.TestMethodWorker.run(TestMethodWorker.java:109)
	at java.util.concurrent.ThreadPoolExecutor.runWorker(Unknown Source)
	at java.util.concurrent.ThreadPoolExecutor$Worker.run(Unknown Source)
	at java.lang.Thread.run(Unknown Source)
</pre></div></td>
<td>36</td>
<td>prerate.prerateTestNGSlow@23a2f9</td></tr>
<tr>
<td title='prerate.prerateTestNGSlow.testMethod4()'><b>testMethod4</b><br>Test class: prerate.prerateTestNGSlow<br>Parameters: ADDR CHANGE FEE, Override Disabled., N, 177053, 1, 459642245794, 200, USD, 5080136, 050, 100, 010, 100, , , , , 56</td>
<td><div><pre>java.lang.AssertionError: Override Disabled.
	at prerate.prerateTestNGSlow.doPrerate(prerateTestNGSlow.java:746)
	at prerate.prerateTestNGSlow.testMethod4(prerateTestNGSlow.java:460)
	at java.util.concurrent.ThreadPoolExecutor.runWorker(Unknown Source)
	at java.util.concurrent.ThreadPoolExecutor$Worker.run(Unknown Source)
	at java.lang.Thread.run(Unknown Source)
... Removed 11 stack frames</pre></div><a href='#' onClick='toggleBox("stack-trace17122792", this, "Click to show all stack frames", "Click to hide stack frames")'>Click to show all stack frames</a>
<div class='stack-trace' id='stack-trace17122792'><pre>java.lang.AssertionError: Override Disabled.
	at org.testng.Assert.fail(Assert.java:93)
	at prerate.prerateTestNGSlow.doPrerate(prerateTestNGSlow.java:746)
	at prerate.prerateTestNGSlow.testMethod4(prerateTestNGSlow.java:460)
	at sun.reflect.NativeMethodAccessorImpl.invoke0(Native Method)
	at sun.reflect.NativeMethodAccessorImpl.invoke(Unknown Source)
	at sun.reflect.DelegatingMethodAccessorImpl.invoke(Unknown Source)
	at java.lang.reflect.Method.invoke(Unknown Source)
	at org.testng.internal.MethodInvocationHelper.invokeMethod(MethodInvocationHelper.java:108)
	at org.testng.internal.Invoker.invokeMethod(Invoker.java:661)
	at org.testng.internal.Invoker.invokeTestMethod(Invoker.java:869)
	at org.testng.internal.Invoker.invokeTestMethods(Invoker.java:1193)
	at org.testng.internal.TestMethodWorker.invokeTestMethods(TestMethodWorker.java:126)
	at org.testng.internal.TestMethodWorker.run(TestMethodWorker.java:109)
	at java.util.concurrent.ThreadPoolExecutor.runWorker(Unknown Source)
	at java.util.concurrent.ThreadPoolExecutor$Worker.run(Unknown Source)
	at java.lang.Thread.run(Unknown Source)
</pre></div></td>
<td>127</td>
<td>prerate.prerateTestNGSlow@23a2f9</td></tr>
<tr>
<td title='prerate.prerateTestNGSlow.testMethod4()'><b>testMethod4</b><br>Test class: prerate.prerateTestNGSlow<br>Parameters: ADDR CHANGE FEE, Failed selecting dropdown menu..., N, 188805, 1, 459443894929, 200, USD, 910808, 050, 100, 010, 100, , , , , 132</td>
<td><div><pre>java.lang.AssertionError: Failed selecting dropdown menu...
	at prerate.prerateTestNGSlow.doPrerate(prerateTestNGSlow.java:664)
	at prerate.prerateTestNGSlow.testMethod4(prerateTestNGSlow.java:460)
	at java.util.concurrent.ThreadPoolExecutor.runWorker(Unknown Source)
	at java.util.concurrent.ThreadPoolExecutor$Worker.run(Unknown Source)
	at java.lang.Thread.run(Unknown Source)
... Removed 11 stack frames</pre></div><a href='#' onClick='toggleBox("stack-trace22818650", this, "Click to show all stack frames", "Click to hide stack frames")'>Click to show all stack frames</a>
<div class='stack-trace' id='stack-trace22818650'><pre>java.lang.AssertionError: Failed selecting dropdown menu...
	at org.testng.Assert.fail(Assert.java:93)
	at prerate.prerateTestNGSlow.doPrerate(prerateTestNGSlow.java:664)
	at prerate.prerateTestNGSlow.testMethod4(prerateTestNGSlow.java:460)
	at sun.reflect.NativeMethodAccessorImpl.invoke0(Native Method)
	at sun.reflect.NativeMethodAccessorImpl.invoke(Unknown Source)
	at sun.reflect.DelegatingMethodAccessorImpl.invoke(Unknown Source)
	at java.lang.reflect.Method.invoke(Unknown Source)
	at org.testng.internal.MethodInvocationHelper.invokeMethod(MethodInvocationHelper.java:108)
	at org.testng.internal.Invoker.invokeMethod(Invoker.java:661)
	at org.testng.internal.Invoker.invokeTestMethod(Invoker.java:869)
	at org.testng.internal.Invoker.invokeTestMethods(Invoker.java:1193)
	at org.testng.internal.TestMethodWorker.invokeTestMethods(TestMethodWorker.java:126)
	at org.testng.internal.TestMethodWorker.run(TestMethodWorker.java:109)
	at java.util.concurrent.ThreadPoolExecutor.runWorker(Unknown Source)
	at java.util.concurrent.ThreadPoolExecutor$Worker.run(Unknown Source)
	at java.lang.Thread.run(Unknown Source)
</pre></div></td>
<td>27</td>
<td>prerate.prerateTestNGSlow@23a2f9</td></tr>
</table><p>
<table width='100%' border='1' class='invocation-passed'>
<tr><td colspan='4' align='center'><b>PASSED TESTS</b></td></tr>
<tr><td><b>Test method</b></td>
<td width="30%"><b>Exception</b></td>
<td width="10%"><b>Time (seconds)</b></td>
<td><b>Instance</b></td>
</tr>
<tr>
<td title='prerate.prerateTestNGSlow.testMethod1()'><b>testMethod1</b><br>Test class: prerate.prerateTestNGSlow<br>Parameters: ADDR CHANGE FEE, Failed selecting dropdown menu..., N, 100929, 1, 458517422001, 179.66, USD, 910808, 050, 100, 010, 79.66, , , , , 1</td>
<td></td>
<td>58</td>
<td>prerate.prerateTestNGSlow@23a2f9</td></tr>
<tr>
<td title='prerate.prerateTestNGSlow.testMethod1()'><b>testMethod1</b><br>Test class: prerate.prerateTestNGSlow<br>Parameters: ADDR CHANGE FEE, Failed selecting dropdown menu..., N, 123625, 1, 794821135147, 2039.28, USD, 5071714, 050, 2000, 010, 39.28, , , , , 9</td>
<td></td>
<td>36</td>
<td>prerate.prerateTestNGSlow@23a2f9</td></tr>
<tr>
<td title='prerate.prerateTestNGSlow.testMethod1()'><b>testMethod1</b><br>Test class: prerate.prerateTestNGSlow<br>Parameters: ADDR CHANGE FEE, Failed Somewhere... No Error Found Tho, N, 129756, 2, 458529987635, 215.37, CAD, 5056981, 050, 151.02, 010, 14.35, 012, 50.00, , , 17</td>
<td></td>
<td>33</td>
<td>prerate.prerateTestNGSlow@23a2f9</td></tr>
<tr>
<td title='prerate.prerateTestNGSlow.testMethod1()'><b>testMethod1</b><br>Test class: prerate.prerateTestNGSlow<br>Parameters: ADDR CHANGE FEE, , N, 138361, 1, 794821383383, 426.72, USD, 5071714, 050, 237.53, 010, 39.19, 012, 25, 001, 125, 25</td>
<td></td>
<td>28</td>
<td>prerate.prerateTestNGSlow@23a2f9</td></tr>
<tr>
<td title='prerate.prerateTestNGSlow.testMethod1()'><b>testMethod1</b><br>Test class: prerate.prerateTestNGSlow<br>Parameters: ADDR CHANGE FEE, Failed selecting dropdown menu..., N, 177626, 1, 794821217427, 300, USD, 5056981, 010, 150, 008, 50, 050, 100, , , 69</td>
<td></td>
<td>34</td>
<td>prerate.prerateTestNGSlow@23a2f9</td></tr>
<tr>
<td title='prerate.prerateTestNGSlow.testMethod1()'><b>testMethod1</b><br>Test class: prerate.prerateTestNGSlow<br>Parameters: ADDR CHANGE FEE, , N, 178612, 1, 794821218581, 85, USD, 910808, 050, 40, 010, 45, , , , , 81</td>
<td></td>
<td>31</td>
<td>prerate.prerateTestNGSlow@23a2f9</td></tr>
<tr>
<td title='prerate.prerateTestNGSlow.testMethod1()'><b>testMethod1</b><br>Test class: prerate.prerateTestNGSlow<br>Parameters: ADDR CHANGE FEE, Failed Somewhere... No Error Found Tho, N, 179761, 1, 459642245831, 52000, USD, 5056981, 050, 50000, 010, 2000, , , , , 85</td>
<td></td>
<td>82</td>
<td>prerate.prerateTestNGSlow@23a2f9</td></tr>
<tr>
<td title='prerate.prerateTestNGSlow.testMethod1()'><b>testMethod1</b><br>Test class: prerate.prerateTestNGSlow<br>Parameters: ADDR CHANGE FEE, Failed Somewhere... No Error Found Tho, N, 188400, 1, 794821221967, 60000, USD, 910808, 050, 30000, 010, 30000, , , , , 109</td>
<td></td>
<td>54</td>
<td>prerate.prerateTestNGSlow@23a2f9</td></tr>
<tr>
<td title='prerate.prerateTestNGSlow.testMethod1()'><b>testMethod1</b><br>Test class: prerate.prerateTestNGSlow<br>Parameters: ADDR CHANGE FEE, Failed selecting dropdown menu..., N, 188403, 1, 794821221990, 200, USD, 910808, 050, 100, 010, 100, , , , , 113</td>
<td></td>
<td>50</td>
<td>prerate.prerateTestNGSlow@23a2f9</td></tr>
<tr>
<td title='prerate.prerateTestNGSlow.testMethod2()'><b>testMethod2</b><br>Test class: prerate.prerateTestNGSlow<br>Parameters: ADDR CHANGE FEE, Failed selecting dropdown menu..., N, 137861, 1, 459642247341, 1221.91, BRL, 5056981, 050, 1000, 010, 221.91, , , , , 22</td>
<td></td>
<td>37</td>
<td>prerate.prerateTestNGSlow@23a2f9</td></tr>
<tr>
<td title='prerate.prerateTestNGSlow.testMethod2()'><b>testMethod2</b><br>Test class: prerate.prerateTestNGSlow<br>Parameters: ADDR CHANGE FEE, , N, 146360, 1, 459644004346, 10312.5, HKD, 5056981, 050, 10000, 010, 312.5, , , , , 30</td>
<td></td>
<td>56</td>
<td>prerate.prerateTestNGSlow@23a2f9</td></tr>
<tr>
<td title='prerate.prerateTestNGSlow.testMethod2()'><b>testMethod2</b><br>Test class: prerate.prerateTestNGSlow<br>Parameters: ADDR CHANGE FEE, Failed Somewhere... No Error Found Tho, N, 168617, 1, 794821311454, 594.9, AUD, 5056981, 050, 251.6, 010, 39, 012, 304.3, , , 42</td>
<td></td>
<td>55</td>
<td>prerate.prerateTestNGSlow@23a2f9</td></tr>
<tr>
<td title='prerate.prerateTestNGSlow.testMethod2()'><b>testMethod2</b><br>Test class: prerate.prerateTestNGSlow<br>Parameters: ADDR CHANGE FEE, Failed Somewhere... No Error Found Tho, N, 177013, 1, 459644003328, 548.46, USD, 5056981, 050, 476.92, 010, 71.54, 043, 0, , , 54</td>
<td></td>
<td>39</td>
<td>prerate.prerateTestNGSlow@23a2f9</td></tr>
<tr>
<td title='prerate.prerateTestNGSlow.testMethod2()'><b>testMethod2</b><br>Test class: prerate.prerateTestNGSlow<br>Parameters: ADDR CHANGE FEE, Failed selecting dropdown menu..., N, 177418, 1, 459644015056, 200, USD, 910808, 050, 100, 010, 100, , , , , 62</td>
<td></td>
<td>67</td>
<td>prerate.prerateTestNGSlow@23a2f9</td></tr>
<tr>
<td title='prerate.prerateTestNGSlow.testMethod2()'><b>testMethod2</b><br>Test class: prerate.prerateTestNGSlow<br>Parameters: ADDR CHANGE FEE, Sum of Charge Details does not equal Payment Total Amount, N, 188762, 1, 794821222415, 200, USD, 910808, 050, 100, 010, 100, , , , , 118</td>
<td></td>
<td>56</td>
<td>prerate.prerateTestNGSlow@23a2f9</td></tr>
<tr>
<td title='prerate.prerateTestNGSlow.testMethod3()'><b>testMethod3</b><br>Test class: prerate.prerateTestNGSlow<br>Parameters: ADDR CHANGE FEE, Failed selecting dropdown menu..., N, 138145, 1, 794821344294, 2035.50, EUR, 5056981, 050, 2000, 010, 35.5, , , , , 23</td>
<td></td>
<td>62</td>
<td>prerate.prerateTestNGSlow@23a2f9</td></tr>
<tr>
<td title='prerate.prerateTestNGSlow.testMethod3()'><b>testMethod3</b><br>Test class: prerate.prerateTestNGSlow<br>Parameters: ADDR CHANGE FEE, Failed Somewhere... No Error Found Tho, N, 146452, 1, 794821162221, 49000, USD, 910808, 050, 40000, 010, 9000, , , , , 31</td>
<td></td>
<td>123</td>
<td>prerate.prerateTestNGSlow@23a2f9</td></tr>
<tr>
<td title='prerate.prerateTestNGSlow.testMethod3()'><b>testMethod3</b><br>Test class: prerate.prerateTestNGSlow<br>Parameters: ADDR CHANGE FEE, , N, 149353, 1, 794821165676, 650, USD, 910808, 050, 300, 010, 350, , , , , 35</td>
<td></td>
<td>56</td>
<td>prerate.prerateTestNGSlow@23a2f9</td></tr>
<tr>
<td title='prerate.prerateTestNGSlow.testMethod3()'><b>testMethod3</b><br>Test class: prerate.prerateTestNGSlow<br>Parameters: ADDR CHANGE FEE, Failed Somewhere... No Error Found Tho, N, 188089, 1, 794821304350, 60000, USD, 910808, 050, 30000, 010, 30000, , , , , 95</td>
<td></td>
<td>61</td>
<td>prerate.prerateTestNGSlow@23a2f9</td></tr>
<tr>
<td title='prerate.prerateTestNGSlow.testMethod3()'><b>testMethod3</b><br>Test class: prerate.prerateTestNGSlow<br>Parameters: ADDR CHANGE FEE, , N, 188392, 1, 794821221875, 200, USD, 910808, 050, 100, 010, 100, , , , , 107</td>
<td></td>
<td>68</td>
<td>prerate.prerateTestNGSlow@23a2f9</td></tr>
<tr>
<td title='prerate.prerateTestNGSlow.testMethod4()'><b>testMethod4</b><br>Test class: prerate.prerateTestNGSlow<br>Parameters: ADDR CHANGE FEE, Failed on the input menu..., N, 147512, 1, 794821164555, 100, NMP, 910808, 050, 50, 010, 40, , , 163, 10, 32</td>
<td></td>
<td>60</td>
<td>prerate.prerateTestNGSlow@23a2f9</td></tr>
<tr>
<td title='prerate.prerateTestNGSlow.testMethod4()'><b>testMethod4</b><br>Test class: prerate.prerateTestNGSlow<br>Parameters: ADDR CHANGE FEE, , N, 150745, 1, 794821171730, 243.17, USD, 5071714, 050, 165.81, 010, 27.36, 012, 50, , , 36</td>
<td></td>
<td>35</td>
<td>prerate.prerateTestNGSlow@23a2f9</td></tr>
<tr>
<td title='prerate.prerateTestNGSlow.testMethod4()'><b>testMethod4</b><br>Test class: prerate.prerateTestNGSlow<br>Parameters: ADDR CHANGE FEE, Failed Somewhere... No Error Found Tho, N, 165807, 1, 794821201439, 78.31, NMP, 5056981, 050, 40, 010, 38.31, , , , , 40</td>
<td></td>
<td>75</td>
<td>prerate.prerateTestNGSlow@23a2f9</td></tr>
<tr>
<td title='prerate.prerateTestNGSlow.testMethod4()'><b>testMethod4</b><br>Test class: prerate.prerateTestNGSlow<br>Parameters: ADDR CHANGE FEE, Failed selecting dropdown menu..., N, 177803, 1, 459644015641, 300, USD, 910808, 050, 100, 010, 200, , , , , 72</td>
<td></td>
<td>56</td>
<td>prerate.prerateTestNGSlow@23a2f9</td></tr>
<tr>
<td title='prerate.prerateTestNGSlow.testMethod4()'><b>testMethod4</b><br>Test class: prerate.prerateTestNGSlow<br>Parameters: ADDR CHANGE FEE, Failed selecting dropdown menu..., N, 178325, 1, 794821218261, 26105.7, USD, 5056981, 050, 9789.6, 012, 3263.2, 010, 13052.9, , , 76</td>
<td></td>
<td>54</td>
<td>prerate.prerateTestNGSlow@23a2f9</td></tr>
<tr>
<td title='prerate.prerateTestNGSlow.testMethod4()'><b>testMethod4</b><br>Test class: prerate.prerateTestNGSlow<br>Parameters: ADDR CHANGE FEE, Failed Somewhere... No Error Found Tho, N, 188101, 1, 794821523865, 200, USD, 910808, 050, 100, 010, 100, , , , , 96</td>
<td></td>
<td>54</td>
<td>prerate.prerateTestNGSlow@23a2f9</td></tr>
<tr>
<td title='prerate.prerateTestNGSlow.testMethod4()'><b>testMethod4</b><br>Test class: prerate.prerateTestNGSlow<br>Parameters: ADDR CHANGE FEE, , N, 188785, 1, 794821120486, 200, USD, 910808, 050, 100, 010, 100, , , , , 124</td>
<td></td>
<td>51</td>
<td>prerate.prerateTestNGSlow@23a2f9</td></tr>
<tr>
<td title='prerate.prerateTestNGSlow.testMethod4()'><b>testMethod4</b><br>Test class: prerate.prerateTestNGSlow<br>Parameters: ADDR CHANGE FEE, Failed Somewhere... No Error Found Tho, N, 188925, 1, 794821222816, 200, USD, 910808, 050, 100, 010, 100, , , , , 136</td>
<td></td>
<td>51</td>
<td>prerate.prerateTestNGSlow@23a2f9</td></tr>
</table><p>
</body>
</html>