<?xml version="1.0" encoding="UTF-8"?>
<!-- Generated by org.testng.reporters.JUnitXMLReporter -->
<testsuite hostname="SQA-CRS-021" ignored="0" name="Test(failed)" tests="46" failures="18" timestamp="28 Apr 2020 16:15:09 GMT" time="856.951" errors="0">
  <testcase name="testMethod4" time="36.572" classname="prerate.prerateTestNGSlow">
    <failure type="java.lang.AssertionError" message="Failed selecting dropdown menu...">
      <![CDATA[java.lang.AssertionError: Failed selecting dropdown menu...
	at prerate.prerateTestNGSlow.doPrerate(prerateTestNGSlow.java:664)
	at prerate.prerateTestNGSlow.testMethod4(prerateTestNGSlow.java:460)
	at java.util.concurrent.ThreadPoolExecutor.runWorker(Unknown Source)
	at java.util.concurrent.ThreadPoolExecutor$Worker.run(Unknown Source)
	at java.lang.Thread.run(Unknown Source)
... Removed 11 stack frames]]>
    </failure>
  </testcase> <!-- testMethod4 -->
  <testcase name="testMethod1" time="58.428" classname="prerate.prerateTestNGSlow"/>
  <testcase name="testMethod2" time="64.554" classname="prerate.prerateTestNGSlow">
    <failure type="java.lang.AssertionError" message="Override Disabled.">
      <![CDATA[java.lang.AssertionError: Override Disabled.
	at prerate.prerateTestNGSlow.doPrerate(prerateTestNGSlow.java:746)
	at prerate.prerateTestNGSlow.testMethod2(prerateTestNGSlow.java:374)
	at java.util.concurrent.ThreadPoolExecutor.runWorker(Unknown Source)
	at java.util.concurrent.ThreadPoolExecutor$Worker.run(Unknown Source)
	at java.lang.Thread.run(Unknown Source)
... Removed 11 stack frames]]>
    </failure>
  </testcase> <!-- testMethod2 -->
  <testcase name="testMethod1" time="36.379" classname="prerate.prerateTestNGSlow"/>
  <testcase name="testMethod4" time="60.19" classname="prerate.prerateTestNGSlow"/>
  <testcase name="testMethod3" time="110.833" classname="prerate.prerateTestNGSlow">
    <failure type="java.lang.AssertionError" message="No Error Found, but still failed">
      <![CDATA[java.lang.AssertionError: No Error Found, but still failed
	at prerate.prerateTestNGSlow.doPrerate(prerateTestNGSlow.java:814)
	at prerate.prerateTestNGSlow.testMethod3(prerateTestNGSlow.java:415)
	at java.util.concurrent.ThreadPoolExecutor.runWorker(Unknown Source)
	at java.util.concurrent.ThreadPoolExecutor$Worker.run(Unknown Source)
	at java.lang.Thread.run(Unknown Source)
... Removed 11 stack frames]]>
    </failure>
  </testcase> <!-- testMethod3 -->
  <testcase name="testMethod1" time="33.034" classname="prerate.prerateTestNGSlow"/>
  <testcase name="testMethod4" time="35.396" classname="prerate.prerateTestNGSlow"/>
  <testcase name="testMethod2" time="81.229" classname="prerate.prerateTestNGSlow">
    <failure type="java.lang.AssertionError" message="Sum of Charge Details does not equal Payment Total Amount">
      <![CDATA[java.lang.AssertionError: Sum of Charge Details does not equal Payment Total Amount
	at prerate.prerateTestNGSlow.doPrerate(prerateTestNGSlow.java:802)
	at prerate.prerateTestNGSlow.testMethod2(prerateTestNGSlow.java:374)
	at java.util.concurrent.ThreadPoolExecutor.runWorker(Unknown Source)
	at java.util.concurrent.ThreadPoolExecutor$Worker.run(Unknown Source)
	at java.lang.Thread.run(Unknown Source)
... Removed 11 stack frames]]>
    </failure>
  </testcase> <!-- testMethod2 -->
  <testcase name="testMethod1" time="28.557" classname="prerate.prerateTestNGSlow"/>
  <testcase name="testMethod3" time="62.53" classname="prerate.prerateTestNGSlow"/>
  <testcase name="testMethod2" time="37.349" classname="prerate.prerateTestNGSlow"/>
  <testcase name="testMethod4" time="75.248" classname="prerate.prerateTestNGSlow"/>
  <testcase name="testMethod1" time="105.781" classname="prerate.prerateTestNGSlow">
    <failure type="java.lang.AssertionError" message="Failed on Home Page">
      <![CDATA[java.lang.AssertionError: Failed on Home Page
	at prerate.prerateTestNGSlow.doPrerate(prerateTestNGSlow.java:615)
	at prerate.prerateTestNGSlow.testMethod1(prerateTestNGSlow.java:334)
	at java.util.concurrent.ThreadPoolExecutor.runWorker(Unknown Source)
	at java.util.concurrent.ThreadPoolExecutor$Worker.run(Unknown Source)
	at java.lang.Thread.run(Unknown Source)
... Removed 11 stack frames]]>
    </failure>
  </testcase> <!-- testMethod1 -->
  <testcase name="testMethod2" time="83.313" classname="prerate.prerateTestNGSlow">
    <failure type="java.lang.AssertionError" message="Failed on the input menu...">
      <![CDATA[java.lang.AssertionError: Failed on the input menu...
	at prerate.prerateTestNGSlow.doPrerate(prerateTestNGSlow.java:700)
	at prerate.prerateTestNGSlow.testMethod2(prerateTestNGSlow.java:374)
	at java.util.concurrent.ThreadPoolExecutor.runWorker(Unknown Source)
	at java.util.concurrent.ThreadPoolExecutor$Worker.run(Unknown Source)
	at java.lang.Thread.run(Unknown Source)
... Removed 11 stack frames]]>
    </failure>
  </testcase> <!-- testMethod2 -->
  <testcase name="testMethod3" time="123.68" classname="prerate.prerateTestNGSlow"/>
  <testcase name="testMethod2" time="56.676" classname="prerate.prerateTestNGSlow"/>
  <testcase name="testMethod4" time="127.703" classname="prerate.prerateTestNGSlow">
    <failure type="java.lang.AssertionError" message="Override Disabled.">
      <![CDATA[java.lang.AssertionError: Override Disabled.
	at prerate.prerateTestNGSlow.doPrerate(prerateTestNGSlow.java:746)
	at prerate.prerateTestNGSlow.testMethod4(prerateTestNGSlow.java:460)
	at java.util.concurrent.ThreadPoolExecutor.runWorker(Unknown Source)
	at java.util.concurrent.ThreadPoolExecutor$Worker.run(Unknown Source)
	at java.lang.Thread.run(Unknown Source)
... Removed 11 stack frames]]>
    </failure>
  </testcase> <!-- testMethod4 -->
  <testcase name="testMethod1" time="76.419" classname="prerate.prerateTestNGSlow">
    <failure type="java.lang.AssertionError" message="Override Disabled.">
      <![CDATA[java.lang.AssertionError: Override Disabled.
	at prerate.prerateTestNGSlow.doPrerate(prerateTestNGSlow.java:746)
	at prerate.prerateTestNGSlow.testMethod1(prerateTestNGSlow.java:334)
	at java.util.concurrent.ThreadPoolExecutor.runWorker(Unknown Source)
	at java.util.concurrent.ThreadPoolExecutor$Worker.run(Unknown Source)
	at java.lang.Thread.run(Unknown Source)
... Removed 11 stack frames]]>
    </failure>
  </testcase> <!-- testMethod1 -->
  <testcase name="testMethod3" time="56.979" classname="prerate.prerateTestNGSlow"/>
  <testcase name="testMethod2" time="46.757" classname="prerate.prerateTestNGSlow">
    <failure type="java.lang.AssertionError" message="Override Disabled.">
      <![CDATA[java.lang.AssertionError: Override Disabled.
	at prerate.prerateTestNGSlow.doPrerate(prerateTestNGSlow.java:746)
	at prerate.prerateTestNGSlow.testMethod2(prerateTestNGSlow.java:374)
	at java.util.concurrent.ThreadPoolExecutor.runWorker(Unknown Source)
	at java.util.concurrent.ThreadPoolExecutor$Worker.run(Unknown Source)
	at java.lang.Thread.run(Unknown Source)
... Removed 11 stack frames]]>
    </failure>
  </testcase> <!-- testMethod2 -->
  <testcase name="testMethod1" time="45.822" classname="prerate.prerateTestNGSlow">
    <failure type="java.lang.AssertionError" message="Override Disabled.">
      <![CDATA[java.lang.AssertionError: Override Disabled.
	at prerate.prerateTestNGSlow.doPrerate(prerateTestNGSlow.java:746)
	at prerate.prerateTestNGSlow.testMethod1(prerateTestNGSlow.java:334)
	at java.util.concurrent.ThreadPoolExecutor.runWorker(Unknown Source)
	at java.util.concurrent.ThreadPoolExecutor$Worker.run(Unknown Source)
	at java.lang.Thread.run(Unknown Source)
... Removed 11 stack frames]]>
    </failure>
  </testcase> <!-- testMethod1 -->
  <testcase name="testMethod4" time="56.979" classname="prerate.prerateTestNGSlow"/>
  <testcase name="testMethod3" time="49.179" classname="prerate.prerateTestNGSlow">
    <failure type="java.lang.AssertionError" message="Override Disabled.">
      <![CDATA[java.lang.AssertionError: Override Disabled.
	at prerate.prerateTestNGSlow.doPrerate(prerateTestNGSlow.java:746)
	at prerate.prerateTestNGSlow.testMethod3(prerateTestNGSlow.java:415)
	at java.util.concurrent.ThreadPoolExecutor.runWorker(Unknown Source)
	at java.util.concurrent.ThreadPoolExecutor$Worker.run(Unknown Source)
	at java.lang.Thread.run(Unknown Source)
... Removed 11 stack frames]]>
    </failure>
  </testcase> <!-- testMethod3 -->
  <testcase name="testMethod1" time="34.39" classname="prerate.prerateTestNGSlow"/>
  <testcase name="testMethod2" time="55.74" classname="prerate.prerateTestNGSlow"/>
  <testcase name="testMethod4" time="54.713" classname="prerate.prerateTestNGSlow"/>
  <testcase name="testMethod1" time="31.136" classname="prerate.prerateTestNGSlow"/>
  <testcase name="testMethod3" time="61.353" classname="prerate.prerateTestNGSlow"/>
  <testcase name="testMethod2" time="39.77" classname="prerate.prerateTestNGSlow"/>
  <testcase name="testMethod4" time="54.836" classname="prerate.prerateTestNGSlow"/>
  <testcase name="testMethod1" time="82.172" classname="prerate.prerateTestNGSlow"/>
  <testcase name="testMethod2" time="67.018" classname="prerate.prerateTestNGSlow"/>
  <testcase name="testMethod3" time="68.707" classname="prerate.prerateTestNGSlow"/>
  <testcase name="testMethod4" time="51.205" classname="prerate.prerateTestNGSlow"/>
  <testcase name="testMethod1" time="35.694" classname="prerate.prerateTestNGSlow">
    <failure type="java.lang.AssertionError" message="Failed selecting dropdown menu...">
      <![CDATA[java.lang.AssertionError: Failed selecting dropdown menu...
	at prerate.prerateTestNGSlow.doPrerate(prerateTestNGSlow.java:664)
	at prerate.prerateTestNGSlow.testMethod1(prerateTestNGSlow.java:334)
	at java.util.concurrent.ThreadPoolExecutor.runWorker(Unknown Source)
	at java.util.concurrent.ThreadPoolExecutor$Worker.run(Unknown Source)
	at java.lang.Thread.run(Unknown Source)
... Removed 11 stack frames]]>
    </failure>
  </testcase> <!-- testMethod1 -->
  <testcase name="testMethod4" time="27.913" classname="prerate.prerateTestNGSlow">
    <failure type="java.lang.AssertionError" message="Failed selecting dropdown menu...">
      <![CDATA[java.lang.AssertionError: Failed selecting dropdown menu...
	at prerate.prerateTestNGSlow.doPrerate(prerateTestNGSlow.java:664)
	at prerate.prerateTestNGSlow.testMethod4(prerateTestNGSlow.java:460)
	at java.util.concurrent.ThreadPoolExecutor.runWorker(Unknown Source)
	at java.util.concurrent.ThreadPoolExecutor$Worker.run(Unknown Source)
	at java.lang.Thread.run(Unknown Source)
... Removed 11 stack frames]]>
    </failure>
  </testcase> <!-- testMethod4 -->
  <testcase name="testMethod2" time="57.934" classname="prerate.prerateTestNGSlow">
    <failure type="java.lang.IndexOutOfBoundsException" message="Index: 4, Size: 3">
      <![CDATA[java.lang.IndexOutOfBoundsException: Index: 4, Size: 3
	at java.util.ArrayList.rangeCheck(Unknown Source)
	at java.util.ArrayList.get(Unknown Source)
	at prerate.prerateTestNGSlow.doPrerate(prerateTestNGSlow.java:740)
	at prerate.prerateTestNGSlow.testMethod2(prerateTestNGSlow.java:374)
	at java.util.concurrent.ThreadPoolExecutor.runWorker(Unknown Source)
	at java.util.concurrent.ThreadPoolExecutor$Worker.run(Unknown Source)
	at java.lang.Thread.run(Unknown Source)
... Removed 10 stack frames]]>
    </failure>
  </testcase> <!-- testMethod2 -->
  <testcase name="testMethod1" time="54.021" classname="prerate.prerateTestNGSlow"/>
  <testcase name="testMethod3" time="98.005" classname="prerate.prerateTestNGSlow">
    <failure type="java.lang.AssertionError" message="No Error Found, but still failed">
      <![CDATA[java.lang.AssertionError: No Error Found, but still failed
	at prerate.prerateTestNGSlow.doPrerate(prerateTestNGSlow.java:814)
	at prerate.prerateTestNGSlow.testMethod3(prerateTestNGSlow.java:415)
	at java.util.concurrent.ThreadPoolExecutor.runWorker(Unknown Source)
	at java.util.concurrent.ThreadPoolExecutor$Worker.run(Unknown Source)
	at java.lang.Thread.run(Unknown Source)
... Removed 11 stack frames]]>
    </failure>
  </testcase> <!-- testMethod3 -->
  <testcase name="testMethod4" time="51.151" classname="prerate.prerateTestNGSlow"/>
  <testcase name="testMethod2" time="56.848" classname="prerate.prerateTestNGSlow"/>
  <testcase name="testMethod3" time="23.875" classname="prerate.prerateTestNGSlow">
    <failure type="java.lang.AssertionError" message="Failed selecting dropdown menu...">
      <![CDATA[java.lang.AssertionError: Failed selecting dropdown menu...
	at prerate.prerateTestNGSlow.doPrerate(prerateTestNGSlow.java:664)
	at prerate.prerateTestNGSlow.testMethod3(prerateTestNGSlow.java:415)
	at java.util.concurrent.ThreadPoolExecutor.runWorker(Unknown Source)
	at java.util.concurrent.ThreadPoolExecutor$Worker.run(Unknown Source)
	at java.lang.Thread.run(Unknown Source)
... Removed 11 stack frames]]>
    </failure>
  </testcase> <!-- testMethod3 -->
  <testcase name="testMethod1" time="50.299" classname="prerate.prerateTestNGSlow"/>
  <testcase name="testMethod2" time="60.425" classname="prerate.prerateTestNGSlow">
    <failure type="java.lang.AssertionError" message="Technical Error Occurred in Edits; Try again ,6713,7169">
      <![CDATA[java.lang.AssertionError: Technical Error Occurred in Edits; Try again ,6713,7169
	at prerate.prerateTestNGSlow.doPrerate(prerateTestNGSlow.java:786)
	at prerate.prerateTestNGSlow.testMethod2(prerateTestNGSlow.java:374)
	at java.util.concurrent.ThreadPoolExecutor.runWorker(Unknown Source)
	at java.util.concurrent.ThreadPoolExecutor$Worker.run(Unknown Source)
	at java.lang.Thread.run(Unknown Source)
... Removed 11 stack frames]]>
    </failure>
  </testcase> <!-- testMethod2 -->
  <testcase name="testMethod2" time="146.89" classname="prerate.prerateTestNGSlow">
    <failure type="java.lang.AssertionError" message="Failed on Home Page">
      <![CDATA[java.lang.AssertionError: Failed on Home Page
	at prerate.prerateTestNGSlow.doPrerate(prerateTestNGSlow.java:615)
	at prerate.prerateTestNGSlow.testMethod2(prerateTestNGSlow.java:374)
	at java.util.concurrent.ThreadPoolExecutor.runWorker(Unknown Source)
	at java.util.concurrent.ThreadPoolExecutor$Worker.run(Unknown Source)
	at java.lang.Thread.run(Unknown Source)
... Removed 11 stack frames]]>
    </failure>
  </testcase> <!-- testMethod2 -->
</testsuite> <!-- Test(failed) -->
