<html>
<head>
<title>TestNG:  era Mass Rerate Test</title>
<link href="../testng.css" rel="stylesheet" type="text/css" />
<link href="../my-testng.css" rel="stylesheet" type="text/css" />

<style type="text/css">
.log { display: none;} 
.stack-trace { display: none;} 
</style>
<script type="text/javascript">
<!--
function flip(e) {
  current = e.style.display;
  if (current == 'block') {
    e.style.display = 'none';
    return 0;
  }
  else {
    e.style.display = 'block';
    return 1;
  }
}

function toggleBox(szDivId, elem, msg1, msg2)
{
  var res = -1;  if (document.getElementById) {
    res = flip(document.getElementById(szDivId));
  }
  else if (document.all) {
    // this is the way old msie versions work
    res = flip(document.all[szDivId]);
  }
  if(elem) {
    if(res == 0) elem.innerHTML = msg1; else elem.innerHTML = msg2;
  }

}

function toggleAllBoxes() {
  if (document.getElementsByTagName) {
    d = document.getElementsByTagName('div');
    for (i = 0; i < d.length; i++) {
      if (d[i].className == 'log') {
        flip(d[i]);
      }
    }
  }
}

// -->
</script>

</head>
<body>
<h2 align='center'>era Mass Rerate Test</h2><table border='1' align="center">
<tr>
<td>Tests passed/Failed/Skipped:</td><td>51/0/6</td>
</tr><tr>
<td>Started on:</td><td>Tue Feb 02 15:53:14 UTC 2021</td>
</tr>
<tr><td>Total time:</td><td>1707 seconds (1707530 ms)</td>
</tr><tr>
<td>Included groups:</td><td></td>
</tr><tr>
<td>Excluded groups:</td><td></td>
</tr>
</table><p/>
<small><i>(Hover the method name to see the test class name)</i></small><p/>
<table width='100%' border='1' class='invocation-passed'>
<tr><td colspan='4' align='center'><b>PASSED TESTS</b></td></tr>
<tr><td><b>Test method</b></td>
<td width="30%"><b>Exception</b></td>
<td width="10%"><b>Time (seconds)</b></td>
<td><b>Instance</b></td>
</tr>
<tr>
<td title='eraRerate.eraMassRerateTestNGSlow.testMethod1()'><b>testMethod1</b><br>Test class: eraRerate.eraMassRerateTestNGSlow<br>Parameters: fail, Failed on Entering Tracking Number, 227171, 2, 597786862516, 632535539, , EMEA, 3735811, Online30, , , 5, 5, 5, IN, dim, IL, EP, , 1</td>
<td></td>
<td>6</td>
<td>eraRerate.eraMassRerateTestNGSlow@40e6dfe1</td></tr>
<tr>
<td title='eraRerate.eraMassRerateTestNGSlow.testMethod1()'><b>testMethod1</b><br>Test class: eraRerate.eraMassRerateTestNGSlow<br>Parameters: fail, Failed on Entering Tracking Number, 227171, 2, 794993920321, 632535539, , EMEA, 3735811, Online30, , , 5, 5, 5, IN, dim, IL, EP, , 2</td>
<td></td>
<td>0</td>
<td>eraRerate.eraMassRerateTestNGSlow@40e6dfe1</td></tr>
<tr>
<td title='eraRerate.eraMassRerateTestNGSlow.testMethod1()'><b>testMethod1</b><br>Test class: eraRerate.eraMassRerateTestNGSlow<br>Parameters: fail, Failed on Entering Tracking Number, 244860, 2, 597744611524, 330853973, , USA, 5194105, mb4mn5NB, 10, LB, , , , , weight, IL, EP, , 3</td>
<td></td>
<td>33</td>
<td>eraRerate.eraMassRerateTestNGSlow@40e6dfe1</td></tr>
<tr>
<td title='eraRerate.eraMassRerateTestNGSlow.testMethod1()'><b>testMethod1</b><br>Test class: eraRerate.eraMassRerateTestNGSlow<br>Parameters: fail, Failed on Entering Tracking Number, 244860, 2, 794993940242, 330853973, , USA, 5194105, mb4mn5NB, 10, LB, , , , , weight, IL, EP, , 4</td>
<td></td>
<td>0</td>
<td>eraRerate.eraMassRerateTestNGSlow@40e6dfe1</td></tr>
<tr>
<td title='eraRerate.eraMassRerateTestNGSlow.testMethod1()'><b>testMethod1</b><br>Test class: eraRerate.eraMassRerateTestNGSlow<br>Parameters: , , 249460, 1, 794994029294, 811625813, , LAC, 3715501, Online30, 14, KG, 60, 13, 13, CM, dim, IL, EP, , 5</td>
<td></td>
<td>72</td>
<td>eraRerate.eraMassRerateTestNGSlow@40e6dfe1</td></tr>
<tr>
<td title='eraRerate.eraMassRerateTestNGSlow.testMethod1()'><b>testMethod1</b><br>Test class: eraRerate.eraMassRerateTestNGSlow<br>Parameters: , , 249460, 1, 868214592314, 811625813, , LAC, 3715501, Online30, 14, KG, 60, 13, 13, CM, dim, IL, EP, , 6</td>
<td></td>
<td>0</td>
<td>eraRerate.eraMassRerateTestNGSlow@40e6dfe1</td></tr>
<tr>
<td title='eraRerate.eraMassRerateTestNGSlow.testMethod1()'><b>testMethod1</b><br>Test class: eraRerate.eraMassRerateTestNGSlow<br>Parameters: , , 250177, 2, 794994226338, 330852081, , USA, 5194105, mb4mn5NB, 60, LB, 10, 5, 5, IN, weight, IL, GD, , 7</td>
<td></td>
<td>31</td>
<td>eraRerate.eraMassRerateTestNGSlow@40e6dfe1</td></tr>
<tr>
<td title='eraRerate.eraMassRerateTestNGSlow.testMethod1()'><b>testMethod1</b><br>Test class: eraRerate.eraMassRerateTestNGSlow<br>Parameters: , , 250177, 2, 597638111419, 330852081, , USA, 5194105, mb4mn5NB, 60, LB, 10, 5, 5, IN, weight, IL, GD, , 8</td>
<td></td>
<td>0</td>
<td>eraRerate.eraMassRerateTestNGSlow@40e6dfe1</td></tr>
<tr>
<td title='eraRerate.eraMassRerateTestNGSlow.testMethod1()'><b>testMethod1</b><br>Test class: eraRerate.eraMassRerateTestNGSlow<br>Parameters: , , 250347, 1, 794994226500, 244837092, , CAN, 3735812, Online30, 60, LB, 10, 5, 5, IN, weight, IL, GD, , 9</td>
<td></td>
<td>32</td>
<td>eraRerate.eraMassRerateTestNGSlow@40e6dfe1</td></tr>
<tr>
<td title='eraRerate.eraMassRerateTestNGSlow.testMethod1()'><b>testMethod1</b><br>Test class: eraRerate.eraMassRerateTestNGSlow<br>Parameters: , , 250356, 1, 794993961972, 797356893, , EMEA, 3735811, Online30, 25, KG, , , , , weight, IL, EP, , 10</td>
<td></td>
<td>30</td>
<td>eraRerate.eraMassRerateTestNGSlow@40e6dfe1</td></tr>
<tr>
<td title='eraRerate.eraMassRerateTestNGSlow.testMethod1()'><b>testMethod1</b><br>Test class: eraRerate.eraMassRerateTestNGSlow<br>Parameters: , , 250356, 1, 193965019765, 797356893, , EMEA, 3735811, Online30, 25, KG, , , , , weight, IL, EP, , 11</td>
<td></td>
<td>0</td>
<td>eraRerate.eraMassRerateTestNGSlow@40e6dfe1</td></tr>
<tr>
<td title='eraRerate.eraMassRerateTestNGSlow.testMethod1()'><b>testMethod1</b><br>Test class: eraRerate.eraMassRerateTestNGSlow<br>Parameters: , , 250356, 1, 257000775285, 797356893, , EMEA, 3735811, Online30, 25, KG, , , , , weight, IL, EP, , 12</td>
<td></td>
<td>0</td>
<td>eraRerate.eraMassRerateTestNGSlow@40e6dfe1</td></tr>
<tr>
<td title='eraRerate.eraMassRerateTestNGSlow.testMethod1()'><b>testMethod1</b><br>Test class: eraRerate.eraMassRerateTestNGSlow<br>Parameters: , , 250394, 1, 794994226886, 244837097, , CAN, 3735812, Online30, 63, LB, 48, 5, 5, IN, weight, IL, GD, , 13</td>
<td></td>
<td>30</td>
<td>eraRerate.eraMassRerateTestNGSlow@40e6dfe1</td></tr>
<tr>
<td title='eraRerate.eraMassRerateTestNGSlow.testMethod1()'><b>testMethod1</b><br>Test class: eraRerate.eraMassRerateTestNGSlow<br>Parameters: , , 250401, 1, 794994227080, 244837096, , CAN, 3735812, Online30, 66, LB, 48, 5, 5, IN, weight, IL, GD, , 14</td>
<td></td>
<td>32</td>
<td>eraRerate.eraMassRerateTestNGSlow@40e6dfe1</td></tr>
<tr>
<td title='eraRerate.eraMassRerateTestNGSlow.testMethod1()'><b>testMethod1</b><br>Test class: eraRerate.eraMassRerateTestNGSlow<br>Parameters: , , 250413, 1, 794994227209, 244837095, , CAN, 3735812, Online30, 30, LB, 10, 5, 5, IN, weight, IL, GD, , 15</td>
<td></td>
<td>29</td>
<td>eraRerate.eraMassRerateTestNGSlow@40e6dfe1</td></tr>
<tr>
<td title='eraRerate.eraMassRerateTestNGSlow.testMethod1()'><b>testMethod1</b><br>Test class: eraRerate.eraMassRerateTestNGSlow<br>Parameters: , , 250419, 1, 794994227312, 244837071, , CAN, 3735812, Online30, 30, LB, 10, 5, 5, IN, weight, IL, GD, , 16</td>
<td></td>
<td>33</td>
<td>eraRerate.eraMassRerateTestNGSlow@40e6dfe1</td></tr>
<tr>
<td title='eraRerate.eraMassRerateTestNGSlow.testMethod1()'><b>testMethod1</b><br>Test class: eraRerate.eraMassRerateTestNGSlow<br>Parameters: , , 250422, 1, 794994227378, 244837099, , CAN, 3735812, Online30, 30, LB, 10, 5, 5, IN, weight, IL, GD, , 17</td>
<td></td>
<td>30</td>
<td>eraRerate.eraMassRerateTestNGSlow@40e6dfe1</td></tr>
<tr>
<td title='eraRerate.eraMassRerateTestNGSlow.testMethod1()'><b>testMethod1</b><br>Test class: eraRerate.eraMassRerateTestNGSlow<br>Parameters: , , 251154, 1, 794993963313, 330852140, , USA, 5194105, mb4mn5NB, 70, LBS, , , , , weight, IL, EP, , 18</td>
<td></td>
<td>31</td>
<td>eraRerate.eraMassRerateTestNGSlow@40e6dfe1</td></tr>
<tr>
<td title='eraRerate.eraMassRerateTestNGSlow.testMethod1()'><b>testMethod1</b><br>Test class: eraRerate.eraMassRerateTestNGSlow<br>Parameters: , , 251338, 1, 794993968900, 776041376, , APAC, 3726698, Online30, 4, KG, , , , , weight, IL, EP, , 19</td>
<td></td>
<td>29</td>
<td>eraRerate.eraMassRerateTestNGSlow@40e6dfe1</td></tr>
<tr>
<td title='eraRerate.eraMassRerateTestNGSlow.testMethod1()'><b>testMethod1</b><br>Test class: eraRerate.eraMassRerateTestNGSlow<br>Parameters: , , 251429, 1, 794994227540, 330852037, , USA, 5194105, mb4mn5NB, 35, LB, 10, 5, 5, IN, weight, IL, GD, , 20</td>
<td></td>
<td>32</td>
<td>eraRerate.eraMassRerateTestNGSlow@40e6dfe1</td></tr>
<tr>
<td title='eraRerate.eraMassRerateTestNGSlow.testMethod1()'><b>testMethod1</b><br>Test class: eraRerate.eraMassRerateTestNGSlow<br>Parameters: , , 251447, 1, 794994227920, 330852085, , USA, 5194105, mb4mn5NB, 52, LB, 10, 5, 5, IN, weight, IL, GD, , 21</td>
<td></td>
<td>33</td>
<td>eraRerate.eraMassRerateTestNGSlow@40e6dfe1</td></tr>
<tr>
<td title='eraRerate.eraMassRerateTestNGSlow.testMethod1()'><b>testMethod1</b><br>Test class: eraRerate.eraMassRerateTestNGSlow<br>Parameters: , , 251455, 1, 794994351331, 244837052, , CAN, 3735812, Online30, 55, LB, 10, 5, 5, IN, weight, IL, GD, , 22</td>
<td></td>
<td>55</td>
<td>eraRerate.eraMassRerateTestNGSlow@40e6dfe1</td></tr>
<tr>
<td title='eraRerate.eraMassRerateTestNGSlow.testMethod1()'><b>testMethod1</b><br>Test class: eraRerate.eraMassRerateTestNGSlow<br>Parameters: , , 251455, 1, 794994228271, 244837052, , CAN, 3735812, Online30, 55, LB, 10, 5, 5, IN, weight, IL, GD, , 23</td>
<td></td>
<td>0</td>
<td>eraRerate.eraMassRerateTestNGSlow@40e6dfe1</td></tr>
<tr>
<td title='eraRerate.eraMassRerateTestNGSlow.testMethod1()'><b>testMethod1</b><br>Test class: eraRerate.eraMassRerateTestNGSlow<br>Parameters: , , 251486, 1, 794994228742, 330852089, , USA, 5194105, mb4mn5NB, 78, LB, 10, 5, 5, IN, weight, IL, GD, , 24</td>
<td></td>
<td>29</td>
<td>eraRerate.eraMassRerateTestNGSlow@40e6dfe1</td></tr>
<tr>
<td title='eraRerate.eraMassRerateTestNGSlow.testMethod1()'><b>testMethod1</b><br>Test class: eraRerate.eraMassRerateTestNGSlow<br>Parameters: , , 251486, 1, 597657611418, 330852089, , USA, 5194105, mb4mn5NB, 78, LB, 10, 5, 5, IN, weight, IL, GD, , 25</td>
<td></td>
<td>0</td>
<td>eraRerate.eraMassRerateTestNGSlow@40e6dfe1</td></tr>
<tr>
<td title='eraRerate.eraMassRerateTestNGSlow.testMethod1()'><b>testMethod1</b><br>Test class: eraRerate.eraMassRerateTestNGSlow<br>Parameters: , , 251524, 1, 794994229050, 330852040, , USA, 5194105, mb4mn5NB, 70, LB, 10, 5, 5, IN, weight, IL, GD, , 26</td>
<td></td>
<td>28</td>
<td>eraRerate.eraMassRerateTestNGSlow@40e6dfe1</td></tr>
<tr>
<td title='eraRerate.eraMassRerateTestNGSlow.testMethod1()'><b>testMethod1</b><br>Test class: eraRerate.eraMassRerateTestNGSlow<br>Parameters: , , 251524, 1, 597631111436, 330852040, , USA, 5194105, mb4mn5NB, 70, LB, 10, 5, 5, IN, weight, IL, GD, , 27</td>
<td></td>
<td>0</td>
<td>eraRerate.eraMassRerateTestNGSlow@40e6dfe1</td></tr>
<tr>
<td title='eraRerate.eraMassRerateTestNGSlow.testMethod1()'><b>testMethod1</b><br>Test class: eraRerate.eraMassRerateTestNGSlow<br>Parameters: , , 251529, 1, 794994229212, 244837055, , CAN, 3735812, Online30, 77, LB, 10, 5, 5, IN, weight, IL, GD, , 28</td>
<td></td>
<td>29</td>
<td>eraRerate.eraMassRerateTestNGSlow@40e6dfe1</td></tr>
<tr>
<td title='eraRerate.eraMassRerateTestNGSlow.testMethod1()'><b>testMethod1</b><br>Test class: eraRerate.eraMassRerateTestNGSlow<br>Parameters: , , 251529, 1, 794994351434, 244837055, , CAN, 3735812, Online30, 77, LB, 10, 5, 5, IN, weight, IL, GD, , 29</td>
<td></td>
<td>0</td>
<td>eraRerate.eraMassRerateTestNGSlow@40e6dfe1</td></tr>
<tr>
<td title='eraRerate.eraMassRerateTestNGSlow.testMethod1()'><b>testMethod1</b><br>Test class: eraRerate.eraMassRerateTestNGSlow<br>Parameters: , , 251537, 1, 794994229290, 244837119, , CAN, 3735812, Online30, 79, LB, 10, 5, 5, IN, weight, IL, GD, , 30</td>
<td></td>
<td>32</td>
<td>eraRerate.eraMassRerateTestNGSlow@40e6dfe1</td></tr>
<tr>
<td title='eraRerate.eraMassRerateTestNGSlow.testMethod1()'><b>testMethod1</b><br>Test class: eraRerate.eraMassRerateTestNGSlow<br>Parameters: , , 251877, 1, 794994229646, 330852050, , USA, 5194105, mb4mn5NB, 165, LB, 10, 5, 5, IN, weight, IL, GD, , 31</td>
<td></td>
<td>29</td>
<td>eraRerate.eraMassRerateTestNGSlow@40e6dfe1</td></tr>
<tr>
<td title='eraRerate.eraMassRerateTestNGSlow.testMethod1()'><b>testMethod1</b><br>Test class: eraRerate.eraMassRerateTestNGSlow<br>Parameters: , , 251877, 1, 597637861416, 330852050, , USA, 5194105, mb4mn5NB, 165, LB, 10, 5, 5, IN, weight, IL, GD, , 32</td>
<td></td>
<td>0</td>
<td>eraRerate.eraMassRerateTestNGSlow@40e6dfe1</td></tr>
<tr>
<td title='eraRerate.eraMassRerateTestNGSlow.testMethod1()'><b>testMethod1</b><br>Test class: eraRerate.eraMassRerateTestNGSlow<br>Parameters: , , 251881, 1, 794994229819, 244837088, , CAN, 3735812, Online30, 152, LB, 10, 5, 5, IN, weight, IL, GD, , 33</td>
<td></td>
<td>28</td>
<td>eraRerate.eraMassRerateTestNGSlow@40e6dfe1</td></tr>
<tr>
<td title='eraRerate.eraMassRerateTestNGSlow.testMethod1()'><b>testMethod1</b><br>Test class: eraRerate.eraMassRerateTestNGSlow<br>Parameters: , , 252295, 1, 794994230113, 330852044, , USA, 5194105, mb4mn5NB, 70, LB, 10, 5, 5, IN, weight, IL, GD, , 34</td>
<td></td>
<td>31</td>
<td>eraRerate.eraMassRerateTestNGSlow@40e6dfe1</td></tr>
<tr>
<td title='eraRerate.eraMassRerateTestNGSlow.testMethod1()'><b>testMethod1</b><br>Test class: eraRerate.eraMassRerateTestNGSlow<br>Parameters: , , 252295, 1, 597640611412, 330852044, , USA, 5194105, mb4mn5NB, 70, LB, 10, 5, 5, IN, weight, IL, GD, , 35</td>
<td></td>
<td>0</td>
<td>eraRerate.eraMassRerateTestNGSlow@40e6dfe1</td></tr>
<tr>
<td title='eraRerate.eraMassRerateTestNGSlow.testMethod1()'><b>testMethod1</b><br>Test class: eraRerate.eraMassRerateTestNGSlow<br>Parameters: , , 252319, 1, 408483846194, 330852069, , CAN, 3735812, Online30, 72, LB, 10, 5, 5, IN, weight, IL, GD, , 36</td>
<td></td>
<td>29</td>
<td>eraRerate.eraMassRerateTestNGSlow@40e6dfe1</td></tr>
<tr>
<td title='eraRerate.eraMassRerateTestNGSlow.testMethod1()'><b>testMethod1</b><br>Test class: eraRerate.eraMassRerateTestNGSlow<br>Parameters: , , 252321, 1, 408483846210, 330852099, , CAN, 3735812, Online30, 75, LB, 10, 5, 5, IN, weight, IL, GD, , 37</td>
<td></td>
<td>29</td>
<td>eraRerate.eraMassRerateTestNGSlow@40e6dfe1</td></tr>
<tr>
<td title='eraRerate.eraMassRerateTestNGSlow.testMethod1()'><b>testMethod1</b><br>Test class: eraRerate.eraMassRerateTestNGSlow<br>Parameters: , , 252322, 1, 408483846275, 244837110, , CAN, 3735812, Online30, 78, LB, 10, 5, 5, IN, weight, IL, GD, , 38</td>
<td></td>
<td>29</td>
<td>eraRerate.eraMassRerateTestNGSlow@40e6dfe1</td></tr>
<tr>
<td title='eraRerate.eraMassRerateTestNGSlow.testMethod1()'><b>testMethod1</b><br>Test class: eraRerate.eraMassRerateTestNGSlow<br>Parameters: , , 252324, 1, 794994230190, 330852074, , CAN, 3735812, Online30, 77, LB, 10, 5, 5, IN, weight, IL, GD, , 39</td>
<td></td>
<td>29</td>
<td>eraRerate.eraMassRerateTestNGSlow@40e6dfe1</td></tr>
<tr>
<td title='eraRerate.eraMassRerateTestNGSlow.testMethod1()'><b>testMethod1</b><br>Test class: eraRerate.eraMassRerateTestNGSlow<br>Parameters: , , 252324, 1, 794994351375, 330852074, , CAN, 3735812, Online30, 77, LB, 10, 5, 5, IN, weight, IL, GD, , 40</td>
<td></td>
<td>0</td>
<td>eraRerate.eraMassRerateTestNGSlow@40e6dfe1</td></tr>
<tr>
<td title='eraRerate.eraMassRerateTestNGSlow.testMethod1()'><b>testMethod1</b><br>Test class: eraRerate.eraMassRerateTestNGSlow<br>Parameters: , , 252326, 1, 794994351651, 330852102, , CAN, 3735812, Online30, 79, LB, 10, 5, 5, IN, weight, IL, GD, , 41</td>
<td></td>
<td>30</td>
<td>eraRerate.eraMassRerateTestNGSlow@40e6dfe1</td></tr>
<tr>
<td title='eraRerate.eraMassRerateTestNGSlow.testMethod1()'><b>testMethod1</b><br>Test class: eraRerate.eraMassRerateTestNGSlow<br>Parameters: , , 252329, 1, 597718361410, 330852046, , USA, 5194105, mb4mn5NB, 70, LB, 10, 5, 5, IN, weight, IL, GD, , 42</td>
<td></td>
<td>30</td>
<td>eraRerate.eraMassRerateTestNGSlow@40e6dfe1</td></tr>
<tr>
<td title='eraRerate.eraMassRerateTestNGSlow.testMethod1()'><b>testMethod1</b><br>Test class: eraRerate.eraMassRerateTestNGSlow<br>Parameters: , , 252332, 1, 597715361410, 330852073, , USA, 5194105, mb4mn5NB, 70, LB, , , , IN, weight, IL, GD, , 43</td>
<td></td>
<td>33</td>
<td>eraRerate.eraMassRerateTestNGSlow@40e6dfe1</td></tr>
<tr>
<td title='eraRerate.eraMassRerateTestNGSlow.testMethod1()'><b>testMethod1</b><br>Test class: eraRerate.eraMassRerateTestNGSlow<br>Parameters: , , 252333, 1, 597664361416, 330852086, , USA, 5194105, mb4mn5NB, 70, LB, 10, 5, 5, IN, weight, IL, GD, , 44</td>
<td></td>
<td>66</td>
<td>eraRerate.eraMassRerateTestNGSlow@40e6dfe1</td></tr>
<tr>
<td title='eraRerate.eraMassRerateTestNGSlow.testMethod1()'><b>testMethod1</b><br>Test class: eraRerate.eraMassRerateTestNGSlow<br>Parameters: , , 252333, 1, 794994230249, 330852086, , USA, 5194105, mb4mn5NB, 70, LB, 10, 5, 5, IN, weight, IL, GD, , 45</td>
<td></td>
<td>0</td>
<td>eraRerate.eraMassRerateTestNGSlow@40e6dfe1</td></tr>
<tr>
<td title='eraRerate.eraMassRerateTestNGSlow.testMethod1()'><b>testMethod1</b><br>Test class: eraRerate.eraMassRerateTestNGSlow<br>Parameters: , , 252334, 1, 597672361414, 330852087, , USA, 5194105, mb4mn5NB, 55, LB, 10, 5, 5, IN, weight, IL, GD, , 46</td>
<td></td>
<td>29</td>
<td>eraRerate.eraMassRerateTestNGSlow@40e6dfe1</td></tr>
<tr>
<td title='eraRerate.eraMassRerateTestNGSlow.testMethod1()'><b>testMethod1</b><br>Test class: eraRerate.eraMassRerateTestNGSlow<br>Parameters: , , 252364, 1, 823733426612, 244837025, , CAN, 3735812, Online30, 91, LB, 95, 10, 10, IN, weight, IL, EP, , 47</td>
<td></td>
<td>49</td>
<td>eraRerate.eraMassRerateTestNGSlow@40e6dfe1</td></tr>
<tr>
<td title='eraRerate.eraMassRerateTestNGSlow.testMethod1()'><b>testMethod1</b><br>Test class: eraRerate.eraMassRerateTestNGSlow<br>Parameters: , , 252364, 1, 169386217489, 244837023, , CAN, 3735812, Online30, 91, LB, 95, 10, 10, IN, weight, IL, EP, , 48</td>
<td></td>
<td>0</td>
<td>eraRerate.eraMassRerateTestNGSlow@40e6dfe1</td></tr>
<tr>
<td title='eraRerate.eraMassRerateTestNGSlow.testMethod1()'><b>testMethod1</b><br>Test class: eraRerate.eraMassRerateTestNGSlow<br>Parameters: , , 259951, 2, 700253132474, 244837861, , CAN, 3735812, Online30, , , , , , , service, IL, EP, , 49</td>
<td></td>
<td>37</td>
<td>eraRerate.eraMassRerateTestNGSlow@40e6dfe1</td></tr>
<tr>
<td title='eraRerate.eraMassRerateTestNGSlow.testMethod1()'><b>testMethod1</b><br>Test class: eraRerate.eraMassRerateTestNGSlow<br>Parameters: , , 259951, 2, 258565654260, 244837861, , CAN, 3735812, Online30, , , , , , , service, IL, EP, , 50</td>
<td></td>
<td>0</td>
<td>eraRerate.eraMassRerateTestNGSlow@40e6dfe1</td></tr>
<tr>
<td title='eraRerate.eraMassRerateTestNGSlow.testMethod1()'><b>testMethod1</b><br>Test class: eraRerate.eraMassRerateTestNGSlow<br>Parameters: , , 259951, 2, 391602890778, 244837861, , CAN, 3735812, Online30, , , , , , , service, IL, EP, , 51</td>
<td></td>
<td>0</td>
<td>eraRerate.eraMassRerateTestNGSlow@40e6dfe1</td></tr>
</table><p>
<table width='100%' border='1' class='invocation-skipped'>
<tr><td colspan='4' align='center'><b>SKIPPED TESTS</b></td></tr>
<tr><td><b>Test method</b></td>
<td width="30%"><b>Exception</b></td>
<td width="10%"><b>Time (seconds)</b></td>
<td><b>Instance</b></td>
</tr>
<tr>
<td title='eraRerate.eraMassRerateTestNGSlow.testMethod1()'><b>testMethod1</b><br>Test class: eraRerate.eraMassRerateTestNGSlow<br>Parameters: fail, Failed on Entering Tracking Number, 244860, 2, 597744611524, 330853973, , USA, 5194105, mb4mn5NB, 10, LB, , , , , weight, IL, EP, , 3</td>
<td><div><pre>java.lang.AssertionError: Failed on Entering Tracking Number
	at eraRerate.eraMassRerateTestNGSlow.doMassRerate(eraMassRerateTestNGSlow.java:933)
	at eraRerate.eraMassRerateTestNGSlow.testMethod1(eraMassRerateTestNGSlow.java:706)
	at java.base/java.util.concurrent.ThreadPoolExecutor.runWorker(ThreadPoolExecutor.java:1128)
	at java.base/java.util.concurrent.ThreadPoolExecutor$Worker.run(ThreadPoolExecutor.java:628)
	at java.base/java.lang.Thread.run(Thread.java:834)
... Removed 13 stack frames</pre></div><a href='#' onClick='toggleBox("stack-trace1891737666", this, "Click to show all stack frames", "Click to hide stack frames")'>Click to show all stack frames</a>
<div class='stack-trace' id='stack-trace1891737666'><pre>java.lang.AssertionError: Failed on Entering Tracking Number
	at org.testng.Assert.fail(Assert.java:99)
	at eraRerate.eraMassRerateTestNGSlow.doMassRerate(eraMassRerateTestNGSlow.java:933)
	at eraRerate.eraMassRerateTestNGSlow.testMethod1(eraMassRerateTestNGSlow.java:706)
	at java.base/jdk.internal.reflect.NativeMethodAccessorImpl.invoke0(Native Method)
	at java.base/jdk.internal.reflect.NativeMethodAccessorImpl.invoke(NativeMethodAccessorImpl.java:62)
	at java.base/jdk.internal.reflect.DelegatingMethodAccessorImpl.invoke(DelegatingMethodAccessorImpl.java:43)
	at java.base/java.lang.reflect.Method.invoke(Method.java:566)
	at org.testng.internal.MethodInvocationHelper.invokeMethod(MethodInvocationHelper.java:132)
	at org.testng.internal.TestInvoker.invokeMethod(TestInvoker.java:599)
	at org.testng.internal.TestInvoker.invokeTestMethod(TestInvoker.java:174)
	at org.testng.internal.MethodRunner.runInSequence(MethodRunner.java:46)
	at org.testng.internal.TestInvoker$MethodInvocationAgent.invoke(TestInvoker.java:822)
	at org.testng.internal.TestInvoker.invokeTestMethods(TestInvoker.java:147)
	at org.testng.internal.TestMethodWorker.invokeTestMethods(TestMethodWorker.java:146)
	at org.testng.internal.TestMethodWorker.run(TestMethodWorker.java:128)
	at java.base/java.util.concurrent.ThreadPoolExecutor.runWorker(ThreadPoolExecutor.java:1128)
	at java.base/java.util.concurrent.ThreadPoolExecutor$Worker.run(ThreadPoolExecutor.java:628)
	at java.base/java.lang.Thread.run(Thread.java:834)
</pre></div></td>
<td>18</td>
<td>eraRerate.eraMassRerateTestNGSlow@40e6dfe1</td></tr>
<tr>
<td title='eraRerate.eraMassRerateTestNGSlow.testMethod1()'><b>testMethod1</b><br>Test class: eraRerate.eraMassRerateTestNGSlow<br>Parameters: , , 249460, 1, 794994029294, 811625813, , LAC, 3715501, Online30, 14, KG, 60, 13, 13, CM, dim, IL, EP, , 5</td>
<td><div><pre>java.lang.AssertionError: Could Not Login
	at eraRerate.eraMassRerateTestNGSlow.login(eraMassRerateTestNGSlow.java:745)
	at eraRerate.eraMassRerateTestNGSlow.testMethod1(eraMassRerateTestNGSlow.java:697)
	at java.base/java.util.concurrent.ThreadPoolExecutor.runWorker(ThreadPoolExecutor.java:1128)
	at java.base/java.util.concurrent.ThreadPoolExecutor$Worker.run(ThreadPoolExecutor.java:628)
	at java.base/java.lang.Thread.run(Thread.java:834)
... Removed 13 stack frames</pre></div><a href='#' onClick='toggleBox("stack-trace219597096", this, "Click to show all stack frames", "Click to hide stack frames")'>Click to show all stack frames</a>
<div class='stack-trace' id='stack-trace219597096'><pre>java.lang.AssertionError: Could Not Login
	at org.testng.Assert.fail(Assert.java:99)
	at eraRerate.eraMassRerateTestNGSlow.login(eraMassRerateTestNGSlow.java:745)
	at eraRerate.eraMassRerateTestNGSlow.testMethod1(eraMassRerateTestNGSlow.java:697)
	at java.base/jdk.internal.reflect.NativeMethodAccessorImpl.invoke0(Native Method)
	at java.base/jdk.internal.reflect.NativeMethodAccessorImpl.invoke(NativeMethodAccessorImpl.java:62)
	at java.base/jdk.internal.reflect.DelegatingMethodAccessorImpl.invoke(DelegatingMethodAccessorImpl.java:43)
	at java.base/java.lang.reflect.Method.invoke(Method.java:566)
	at org.testng.internal.MethodInvocationHelper.invokeMethod(MethodInvocationHelper.java:132)
	at org.testng.internal.TestInvoker.invokeMethod(TestInvoker.java:599)
	at org.testng.internal.TestInvoker.invokeTestMethod(TestInvoker.java:174)
	at org.testng.internal.MethodRunner.runInSequence(MethodRunner.java:46)
	at org.testng.internal.TestInvoker$MethodInvocationAgent.invoke(TestInvoker.java:822)
	at org.testng.internal.TestInvoker.invokeTestMethods(TestInvoker.java:147)
	at org.testng.internal.TestMethodWorker.invokeTestMethods(TestMethodWorker.java:146)
	at org.testng.internal.TestMethodWorker.run(TestMethodWorker.java:128)
	at java.base/java.util.concurrent.ThreadPoolExecutor.runWorker(ThreadPoolExecutor.java:1128)
	at java.base/java.util.concurrent.ThreadPoolExecutor$Worker.run(ThreadPoolExecutor.java:628)
	at java.base/java.lang.Thread.run(Thread.java:834)
</pre></div></td>
<td>28</td>
<td>eraRerate.eraMassRerateTestNGSlow@40e6dfe1</td></tr>
<tr>
<td title='eraRerate.eraMassRerateTestNGSlow.testMethod1()'><b>testMethod1</b><br>Test class: eraRerate.eraMassRerateTestNGSlow<br>Parameters: , , 250394, 1, 794994226886, 244837097, , CAN, 3735812, Online30, 63, LB, 48, 5, 5, IN, weight, IL, GD, , 13</td>
<td><div><pre>java.lang.AssertionError: Failed on Entering Tracking Number
	at eraRerate.eraMassRerateTestNGSlow.doMassRerate(eraMassRerateTestNGSlow.java:933)
	at eraRerate.eraMassRerateTestNGSlow.testMethod1(eraMassRerateTestNGSlow.java:706)
	at java.base/java.util.concurrent.ThreadPoolExecutor.runWorker(ThreadPoolExecutor.java:1128)
	at java.base/java.util.concurrent.ThreadPoolExecutor$Worker.run(ThreadPoolExecutor.java:628)
	at java.base/java.lang.Thread.run(Thread.java:834)
... Removed 13 stack frames</pre></div><a href='#' onClick='toggleBox("stack-trace49408458", this, "Click to show all stack frames", "Click to hide stack frames")'>Click to show all stack frames</a>
<div class='stack-trace' id='stack-trace49408458'><pre>java.lang.AssertionError: Failed on Entering Tracking Number
	at org.testng.Assert.fail(Assert.java:99)
	at eraRerate.eraMassRerateTestNGSlow.doMassRerate(eraMassRerateTestNGSlow.java:933)
	at eraRerate.eraMassRerateTestNGSlow.testMethod1(eraMassRerateTestNGSlow.java:706)
	at java.base/jdk.internal.reflect.NativeMethodAccessorImpl.invoke0(Native Method)
	at java.base/jdk.internal.reflect.NativeMethodAccessorImpl.invoke(NativeMethodAccessorImpl.java:62)
	at java.base/jdk.internal.reflect.DelegatingMethodAccessorImpl.invoke(DelegatingMethodAccessorImpl.java:43)
	at java.base/java.lang.reflect.Method.invoke(Method.java:566)
	at org.testng.internal.MethodInvocationHelper.invokeMethod(MethodInvocationHelper.java:132)
	at org.testng.internal.TestInvoker.invokeMethod(TestInvoker.java:599)
	at org.testng.internal.TestInvoker.invokeTestMethod(TestInvoker.java:174)
	at org.testng.internal.MethodRunner.runInSequence(MethodRunner.java:46)
	at org.testng.internal.TestInvoker$MethodInvocationAgent.invoke(TestInvoker.java:822)
	at org.testng.internal.TestInvoker.invokeTestMethods(TestInvoker.java:147)
	at org.testng.internal.TestMethodWorker.invokeTestMethods(TestMethodWorker.java:146)
	at org.testng.internal.TestMethodWorker.run(TestMethodWorker.java:128)
	at java.base/java.util.concurrent.ThreadPoolExecutor.runWorker(ThreadPoolExecutor.java:1128)
	at java.base/java.util.concurrent.ThreadPoolExecutor$Worker.run(ThreadPoolExecutor.java:628)
	at java.base/java.lang.Thread.run(Thread.java:834)
</pre></div></td>
<td>19</td>
<td>eraRerate.eraMassRerateTestNGSlow@40e6dfe1</td></tr>
<tr>
<td title='eraRerate.eraMassRerateTestNGSlow.testMethod1()'><b>testMethod1</b><br>Test class: eraRerate.eraMassRerateTestNGSlow<br>Parameters: , , 250394, 1, 794994226886, 244837097, , CAN, 3735812, Online30, 63, LB, 48, 5, 5, IN, weight, IL, GD, , 13</td>
<td><div><pre>java.lang.AssertionError: Failed on Entering Tracking Number
	at eraRerate.eraMassRerateTestNGSlow.doMassRerate(eraMassRerateTestNGSlow.java:933)
	at eraRerate.eraMassRerateTestNGSlow.testMethod1(eraMassRerateTestNGSlow.java:706)
	at java.base/java.util.concurrent.ThreadPoolExecutor.runWorker(ThreadPoolExecutor.java:1128)
	at java.base/java.util.concurrent.ThreadPoolExecutor$Worker.run(ThreadPoolExecutor.java:628)
	at java.base/java.lang.Thread.run(Thread.java:834)
... Removed 13 stack frames</pre></div><a href='#' onClick='toggleBox("stack-trace383072333", this, "Click to show all stack frames", "Click to hide stack frames")'>Click to show all stack frames</a>
<div class='stack-trace' id='stack-trace383072333'><pre>java.lang.AssertionError: Failed on Entering Tracking Number
	at org.testng.Assert.fail(Assert.java:99)
	at eraRerate.eraMassRerateTestNGSlow.doMassRerate(eraMassRerateTestNGSlow.java:933)
	at eraRerate.eraMassRerateTestNGSlow.testMethod1(eraMassRerateTestNGSlow.java:706)
	at java.base/jdk.internal.reflect.NativeMethodAccessorImpl.invoke0(Native Method)
	at java.base/jdk.internal.reflect.NativeMethodAccessorImpl.invoke(NativeMethodAccessorImpl.java:62)
	at java.base/jdk.internal.reflect.DelegatingMethodAccessorImpl.invoke(DelegatingMethodAccessorImpl.java:43)
	at java.base/java.lang.reflect.Method.invoke(Method.java:566)
	at org.testng.internal.MethodInvocationHelper.invokeMethod(MethodInvocationHelper.java:132)
	at org.testng.internal.TestInvoker.invokeMethod(TestInvoker.java:599)
	at org.testng.internal.TestInvoker.retryFailed(TestInvoker.java:214)
	at org.testng.internal.MethodRunner.runInSequence(MethodRunner.java:58)
	at org.testng.internal.TestInvoker$MethodInvocationAgent.invoke(TestInvoker.java:822)
	at org.testng.internal.TestInvoker.invokeTestMethods(TestInvoker.java:147)
	at org.testng.internal.TestMethodWorker.invokeTestMethods(TestMethodWorker.java:146)
	at org.testng.internal.TestMethodWorker.run(TestMethodWorker.java:128)
	at java.base/java.util.concurrent.ThreadPoolExecutor.runWorker(ThreadPoolExecutor.java:1128)
	at java.base/java.util.concurrent.ThreadPoolExecutor$Worker.run(ThreadPoolExecutor.java:628)
	at java.base/java.lang.Thread.run(Thread.java:834)
</pre></div></td>
<td>446</td>
<td>eraRerate.eraMassRerateTestNGSlow@40e6dfe1</td></tr>
<tr>
<td title='eraRerate.eraMassRerateTestNGSlow.testMethod1()'><b>testMethod1</b><br>Test class: eraRerate.eraMassRerateTestNGSlow<br>Parameters: , , 251524, 1, 794994229050, 330852040, , USA, 5194105, mb4mn5NB, 70, LB, 10, 5, 5, IN, weight, IL, GD, , 26</td>
<td><div><pre>java.lang.AssertionError: Failed on Entering Tracking Number
	at eraRerate.eraMassRerateTestNGSlow.doMassRerate(eraMassRerateTestNGSlow.java:933)
	at eraRerate.eraMassRerateTestNGSlow.testMethod1(eraMassRerateTestNGSlow.java:706)
	at java.base/java.util.concurrent.ThreadPoolExecutor.runWorker(ThreadPoolExecutor.java:1128)
	at java.base/java.util.concurrent.ThreadPoolExecutor$Worker.run(ThreadPoolExecutor.java:628)
	at java.base/java.lang.Thread.run(Thread.java:834)
... Removed 12 stack frames</pre></div><a href='#' onClick='toggleBox("stack-trace367887076", this, "Click to show all stack frames", "Click to hide stack frames")'>Click to show all stack frames</a>
<div class='stack-trace' id='stack-trace367887076'><pre>java.lang.AssertionError: Failed on Entering Tracking Number
	at org.testng.Assert.fail(Assert.java:99)
	at eraRerate.eraMassRerateTestNGSlow.doMassRerate(eraMassRerateTestNGSlow.java:933)
	at eraRerate.eraMassRerateTestNGSlow.testMethod1(eraMassRerateTestNGSlow.java:706)
	at jdk.internal.reflect.GeneratedMethodAccessor2.invoke(Unknown Source)
	at java.base/jdk.internal.reflect.DelegatingMethodAccessorImpl.invoke(DelegatingMethodAccessorImpl.java:43)
	at java.base/java.lang.reflect.Method.invoke(Method.java:566)
	at org.testng.internal.MethodInvocationHelper.invokeMethod(MethodInvocationHelper.java:132)
	at org.testng.internal.TestInvoker.invokeMethod(TestInvoker.java:599)
	at org.testng.internal.TestInvoker.invokeTestMethod(TestInvoker.java:174)
	at org.testng.internal.MethodRunner.runInSequence(MethodRunner.java:46)
	at org.testng.internal.TestInvoker$MethodInvocationAgent.invoke(TestInvoker.java:822)
	at org.testng.internal.TestInvoker.invokeTestMethods(TestInvoker.java:147)
	at org.testng.internal.TestMethodWorker.invokeTestMethods(TestMethodWorker.java:146)
	at org.testng.internal.TestMethodWorker.run(TestMethodWorker.java:128)
	at java.base/java.util.concurrent.ThreadPoolExecutor.runWorker(ThreadPoolExecutor.java:1128)
	at java.base/java.util.concurrent.ThreadPoolExecutor$Worker.run(ThreadPoolExecutor.java:628)
	at java.base/java.lang.Thread.run(Thread.java:834)
</pre></div></td>
<td>18</td>
<td>eraRerate.eraMassRerateTestNGSlow@40e6dfe1</td></tr>
<tr>
<td title='eraRerate.eraMassRerateTestNGSlow.testMethod1()'><b>testMethod1</b><br>Test class: eraRerate.eraMassRerateTestNGSlow<br>Parameters: , , 251529, 1, 794994229212, 244837055, , CAN, 3735812, Online30, 77, LB, 10, 5, 5, IN, weight, IL, GD, , 28</td>
<td><div><pre>java.lang.AssertionError: Failed on Entering Tracking Number
	at eraRerate.eraMassRerateTestNGSlow.doMassRerate(eraMassRerateTestNGSlow.java:933)
	at eraRerate.eraMassRerateTestNGSlow.testMethod1(eraMassRerateTestNGSlow.java:706)
	at java.base/java.util.concurrent.ThreadPoolExecutor.runWorker(ThreadPoolExecutor.java:1128)
	at java.base/java.util.concurrent.ThreadPoolExecutor$Worker.run(ThreadPoolExecutor.java:628)
	at java.base/java.lang.Thread.run(Thread.java:834)
... Removed 12 stack frames</pre></div><a href='#' onClick='toggleBox("stack-trace54291581", this, "Click to show all stack frames", "Click to hide stack frames")'>Click to show all stack frames</a>
<div class='stack-trace' id='stack-trace54291581'><pre>java.lang.AssertionError: Failed on Entering Tracking Number
	at org.testng.Assert.fail(Assert.java:99)
	at eraRerate.eraMassRerateTestNGSlow.doMassRerate(eraMassRerateTestNGSlow.java:933)
	at eraRerate.eraMassRerateTestNGSlow.testMethod1(eraMassRerateTestNGSlow.java:706)
	at jdk.internal.reflect.GeneratedMethodAccessor2.invoke(Unknown Source)
	at java.base/jdk.internal.reflect.DelegatingMethodAccessorImpl.invoke(DelegatingMethodAccessorImpl.java:43)
	at java.base/java.lang.reflect.Method.invoke(Method.java:566)
	at org.testng.internal.MethodInvocationHelper.invokeMethod(MethodInvocationHelper.java:132)
	at org.testng.internal.TestInvoker.invokeMethod(TestInvoker.java:599)
	at org.testng.internal.TestInvoker.invokeTestMethod(TestInvoker.java:174)
	at org.testng.internal.MethodRunner.runInSequence(MethodRunner.java:46)
	at org.testng.internal.TestInvoker$MethodInvocationAgent.invoke(TestInvoker.java:822)
	at org.testng.internal.TestInvoker.invokeTestMethods(TestInvoker.java:147)
	at org.testng.internal.TestMethodWorker.invokeTestMethods(TestMethodWorker.java:146)
	at org.testng.internal.TestMethodWorker.run(TestMethodWorker.java:128)
	at java.base/java.util.concurrent.ThreadPoolExecutor.runWorker(ThreadPoolExecutor.java:1128)
	at java.base/java.util.concurrent.ThreadPoolExecutor$Worker.run(ThreadPoolExecutor.java:628)
	at java.base/java.lang.Thread.run(Thread.java:834)
</pre></div></td>
<td>19</td>
<td>eraRerate.eraMassRerateTestNGSlow@40e6dfe1</td></tr>
</table><p>
</body>
</html>