<html>
<head>
<title>TestNG:  Prerate Test</title>
<link href="../testng.css" rel="stylesheet" type="text/css" />
<link href="../my-testng.css" rel="stylesheet" type="text/css" />

<style type="text/css">
.log { display: none;} 
.stack-trace { display: none;} 
</style>
<script type="text/javascript">
<!--
function flip(e) {
  current = e.style.display;
  if (current == 'block') {
    e.style.display = 'none';
    return 0;
  }
  else {
    e.style.display = 'block';
    return 1;
  }
}

function toggleBox(szDivId, elem, msg1, msg2)
{
  var res = -1;  if (document.getElementById) {
    res = flip(document.getElementById(szDivId));
  }
  else if (document.all) {
    // this is the way old msie versions work
    res = flip(document.all[szDivId]);
  }
  if(elem) {
    if(res == 0) elem.innerHTML = msg1; else elem.innerHTML = msg2;
  }

}

function toggleAllBoxes() {
  if (document.getElementsByTagName) {
    d = document.getElementsByTagName('div');
    for (i = 0; i < d.length; i++) {
      if (d[i].className == 'log') {
        flip(d[i]);
      }
    }
  }
}

// -->
</script>

</head>
<body>
<h2 align='center'>Prerate Test</h2><table border='1' align="center">
<tr>
<td>Tests passed/Failed/Skipped:</td><td>11/16/0</td>
</tr><tr>
<td>Started on:</td><td>Wed Jun 10 09:35:49 CDT 2020</td>
</tr>
<tr><td>Total time:</td><td>930 seconds (930492 ms)</td>
</tr><tr>
<td>Included groups:</td><td></td>
</tr><tr>
<td>Excluded groups:</td><td></td>
</tr>
</table><p/>
<small><i>(Hover the method name to see the test class name)</i></small><p/>
<table width='100%' border='1' class='invocation-failed'>
<tr><td colspan='4' align='center'><b>FAILED TESTS</b></td></tr>
<tr><td><b>Test method</b></td>
<td width="30%"><b>Exception</b></td>
<td width="10%"><b>Time (seconds)</b></td>
<td><b>Instance</b></td>
</tr>
<tr>
<td title='prerate.prerateTestNGSlow.testMethod1()'><b>testMethod1</b><br>Test class: prerate.prerateTestNGSlow<br>Parameters: ADDR CHANGE FEE, Failed selecting dropdown menu..., N, 1, 112720, 582422845500, 100, USD, 910808, 050, 50, 010, 50, , , , , 1</td>
<td><div><pre>java.lang.AssertionError: Failed selecting dropdown menu...
	at prerate.prerateTestNGSlow.doPrerate(prerateTestNGSlow.java:909)
	at prerate.prerateTestNGSlow.testMethod1(prerateTestNGSlow.java:536)
	at java.util.concurrent.ThreadPoolExecutor.runWorker(Unknown Source)
	at java.util.concurrent.ThreadPoolExecutor$Worker.run(Unknown Source)
	at java.lang.Thread.run(Unknown Source)
... Removed 12 stack frames</pre></div><a href='#' onClick='toggleBox("stack-trace8046134", this, "Click to show all stack frames", "Click to hide stack frames")'>Click to show all stack frames</a>
<div class='stack-trace' id='stack-trace8046134'><pre>java.lang.AssertionError: Failed selecting dropdown menu...
	at org.testng.Assert.fail(Assert.java:97)
	at prerate.prerateTestNGSlow.doPrerate(prerateTestNGSlow.java:909)
	at prerate.prerateTestNGSlow.testMethod1(prerateTestNGSlow.java:536)
	at sun.reflect.GeneratedMethodAccessor8.invoke(Unknown Source)
	at sun.reflect.DelegatingMethodAccessorImpl.invoke(Unknown Source)
	at java.lang.reflect.Method.invoke(Unknown Source)
	at org.testng.internal.MethodInvocationHelper.invokeMethod(MethodInvocationHelper.java:135)
	at org.testng.internal.TestInvoker.invokeMethod(TestInvoker.java:598)
	at org.testng.internal.TestInvoker.invokeTestMethod(TestInvoker.java:174)
	at org.testng.internal.MethodRunner.runInSequence(MethodRunner.java:46)
	at org.testng.internal.TestInvoker$MethodInvocationAgent.invoke(TestInvoker.java:821)
	at org.testng.internal.TestInvoker.invokeTestMethods(TestInvoker.java:147)
	at org.testng.internal.TestMethodWorker.invokeTestMethods(TestMethodWorker.java:146)
	at org.testng.internal.TestMethodWorker.run(TestMethodWorker.java:128)
	at java.util.concurrent.ThreadPoolExecutor.runWorker(Unknown Source)
	at java.util.concurrent.ThreadPoolExecutor$Worker.run(Unknown Source)
	at java.lang.Thread.run(Unknown Source)
</pre></div></td>
<td>34</td>
<td>prerate.prerateTestNGSlow@c3d627</td></tr>
<tr>
<td title='prerate.prerateTestNGSlow.testMethod1()'><b>testMethod1</b><br>Test class: prerate.prerateTestNGSlow<br>Parameters: ADDR CHANGE FEE, Sum of Charge Details does not equal Payment Total Amount, N, 1, 123634, 582838815530, 1456.25, USD, 5056981, 050, 728.125, 010, 728.125, , , , , 2</td>
<td><div><pre>java.lang.AssertionError: Sum of Charge Details does not equal Payment Total Amount
	at prerate.prerateTestNGSlow.doPrerate(prerateTestNGSlow.java:1128)
	at prerate.prerateTestNGSlow.testMethod1(prerateTestNGSlow.java:536)
	at java.util.concurrent.ThreadPoolExecutor.runWorker(Unknown Source)
	at java.util.concurrent.ThreadPoolExecutor$Worker.run(Unknown Source)
	at java.lang.Thread.run(Unknown Source)
... Removed 12 stack frames</pre></div><a href='#' onClick='toggleBox("stack-trace12307157", this, "Click to show all stack frames", "Click to hide stack frames")'>Click to show all stack frames</a>
<div class='stack-trace' id='stack-trace12307157'><pre>java.lang.AssertionError: Sum of Charge Details does not equal Payment Total Amount
	at org.testng.Assert.fail(Assert.java:97)
	at prerate.prerateTestNGSlow.doPrerate(prerateTestNGSlow.java:1128)
	at prerate.prerateTestNGSlow.testMethod1(prerateTestNGSlow.java:536)
	at sun.reflect.GeneratedMethodAccessor8.invoke(Unknown Source)
	at sun.reflect.DelegatingMethodAccessorImpl.invoke(Unknown Source)
	at java.lang.reflect.Method.invoke(Unknown Source)
	at org.testng.internal.MethodInvocationHelper.invokeMethod(MethodInvocationHelper.java:135)
	at org.testng.internal.TestInvoker.invokeMethod(TestInvoker.java:598)
	at org.testng.internal.TestInvoker.invokeTestMethod(TestInvoker.java:174)
	at org.testng.internal.MethodRunner.runInSequence(MethodRunner.java:46)
	at org.testng.internal.TestInvoker$MethodInvocationAgent.invoke(TestInvoker.java:821)
	at org.testng.internal.TestInvoker.invokeTestMethods(TestInvoker.java:147)
	at org.testng.internal.TestMethodWorker.invokeTestMethods(TestMethodWorker.java:146)
	at org.testng.internal.TestMethodWorker.run(TestMethodWorker.java:128)
	at java.util.concurrent.ThreadPoolExecutor.runWorker(Unknown Source)
	at java.util.concurrent.ThreadPoolExecutor$Worker.run(Unknown Source)
	at java.lang.Thread.run(Unknown Source)
</pre></div></td>
<td>78</td>
<td>prerate.prerateTestNGSlow@c3d627</td></tr>
<tr>
<td title='prerate.prerateTestNGSlow.testMethod1()'><b>testMethod1</b><br>Test class: prerate.prerateTestNGSlow<br>Parameters: ADDR CHANGE FEE, Override Disabled, N, 1, 143567, 794972500971, 300, USD, 5080136, 050, 100, 010, 100, 977, 100, , , 6</td>
<td><div><pre>java.lang.AssertionError: Override Disabled.
	at prerate.prerateTestNGSlow.doPrerate(prerateTestNGSlow.java:1026)
	at prerate.prerateTestNGSlow.testMethod1(prerateTestNGSlow.java:536)
	at java.util.concurrent.ThreadPoolExecutor.runWorker(Unknown Source)
	at java.util.concurrent.ThreadPoolExecutor$Worker.run(Unknown Source)
	at java.lang.Thread.run(Unknown Source)
... Removed 12 stack frames</pre></div><a href='#' onClick='toggleBox("stack-trace883278", this, "Click to show all stack frames", "Click to hide stack frames")'>Click to show all stack frames</a>
<div class='stack-trace' id='stack-trace883278'><pre>java.lang.AssertionError: Override Disabled.
	at org.testng.Assert.fail(Assert.java:97)
	at prerate.prerateTestNGSlow.doPrerate(prerateTestNGSlow.java:1026)
	at prerate.prerateTestNGSlow.testMethod1(prerateTestNGSlow.java:536)
	at sun.reflect.GeneratedMethodAccessor8.invoke(Unknown Source)
	at sun.reflect.DelegatingMethodAccessorImpl.invoke(Unknown Source)
	at java.lang.reflect.Method.invoke(Unknown Source)
	at org.testng.internal.MethodInvocationHelper.invokeMethod(MethodInvocationHelper.java:135)
	at org.testng.internal.TestInvoker.invokeMethod(TestInvoker.java:598)
	at org.testng.internal.TestInvoker.invokeTestMethod(TestInvoker.java:174)
	at org.testng.internal.MethodRunner.runInSequence(MethodRunner.java:46)
	at org.testng.internal.TestInvoker$MethodInvocationAgent.invoke(TestInvoker.java:821)
	at org.testng.internal.TestInvoker.invokeTestMethods(TestInvoker.java:147)
	at org.testng.internal.TestMethodWorker.invokeTestMethods(TestMethodWorker.java:146)
	at org.testng.internal.TestMethodWorker.run(TestMethodWorker.java:128)
	at java.util.concurrent.ThreadPoolExecutor.runWorker(Unknown Source)
	at java.util.concurrent.ThreadPoolExecutor$Worker.run(Unknown Source)
	at java.lang.Thread.run(Unknown Source)
</pre></div></td>
<td>43</td>
<td>prerate.prerateTestNGSlow@c3d627</td></tr>
<tr>
<td title='prerate.prerateTestNGSlow.testMethod1()'><b>testMethod1</b><br>Test class: prerate.prerateTestNGSlow<br>Parameters: ADDR CHANGE FEE, Override Disabled, N, 1, 149310, 587694637764, 300, USD, 5080136, 050, 100, 010, 100, 976, 100, , , 7</td>
<td><div><pre>java.lang.AssertionError: Override Disabled.
	at prerate.prerateTestNGSlow.doPrerate(prerateTestNGSlow.java:1026)
	at prerate.prerateTestNGSlow.testMethod1(prerateTestNGSlow.java:536)
	at java.util.concurrent.ThreadPoolExecutor.runWorker(Unknown Source)
	at java.util.concurrent.ThreadPoolExecutor$Worker.run(Unknown Source)
	at java.lang.Thread.run(Unknown Source)
... Removed 12 stack frames</pre></div><a href='#' onClick='toggleBox("stack-trace22846250", this, "Click to show all stack frames", "Click to hide stack frames")'>Click to show all stack frames</a>
<div class='stack-trace' id='stack-trace22846250'><pre>java.lang.AssertionError: Override Disabled.
	at org.testng.Assert.fail(Assert.java:97)
	at prerate.prerateTestNGSlow.doPrerate(prerateTestNGSlow.java:1026)
	at prerate.prerateTestNGSlow.testMethod1(prerateTestNGSlow.java:536)
	at sun.reflect.GeneratedMethodAccessor8.invoke(Unknown Source)
	at sun.reflect.DelegatingMethodAccessorImpl.invoke(Unknown Source)
	at java.lang.reflect.Method.invoke(Unknown Source)
	at org.testng.internal.MethodInvocationHelper.invokeMethod(MethodInvocationHelper.java:135)
	at org.testng.internal.TestInvoker.invokeMethod(TestInvoker.java:598)
	at org.testng.internal.TestInvoker.invokeTestMethod(TestInvoker.java:174)
	at org.testng.internal.MethodRunner.runInSequence(MethodRunner.java:46)
	at org.testng.internal.TestInvoker$MethodInvocationAgent.invoke(TestInvoker.java:821)
	at org.testng.internal.TestInvoker.invokeTestMethods(TestInvoker.java:147)
	at org.testng.internal.TestMethodWorker.invokeTestMethods(TestMethodWorker.java:146)
	at org.testng.internal.TestMethodWorker.run(TestMethodWorker.java:128)
	at java.util.concurrent.ThreadPoolExecutor.runWorker(Unknown Source)
	at java.util.concurrent.ThreadPoolExecutor$Worker.run(Unknown Source)
	at java.lang.Thread.run(Unknown Source)
</pre></div></td>
<td>42</td>
<td>prerate.prerateTestNGSlow@c3d627</td></tr>
<tr>
<td title='prerate.prerateTestNGSlow.testMethod1()'><b>testMethod1</b><br>Test class: prerate.prerateTestNGSlow<br>Parameters: ADDR CHANGE FEE, Override Disabled, N, 1, 173353, 582838820209, 200, PHP, 5080136, 050, 100, 010, 100, , , , , 8</td>
<td><div><pre>java.lang.AssertionError: Override Disabled.
	at prerate.prerateTestNGSlow.doPrerate(prerateTestNGSlow.java:1026)
	at prerate.prerateTestNGSlow.testMethod1(prerateTestNGSlow.java:536)
	at java.util.concurrent.ThreadPoolExecutor.runWorker(Unknown Source)
	at java.util.concurrent.ThreadPoolExecutor$Worker.run(Unknown Source)
	at java.lang.Thread.run(Unknown Source)
... Removed 12 stack frames</pre></div><a href='#' onClick='toggleBox("stack-trace28173591", this, "Click to show all stack frames", "Click to hide stack frames")'>Click to show all stack frames</a>
<div class='stack-trace' id='stack-trace28173591'><pre>java.lang.AssertionError: Override Disabled.
	at org.testng.Assert.fail(Assert.java:97)
	at prerate.prerateTestNGSlow.doPrerate(prerateTestNGSlow.java:1026)
	at prerate.prerateTestNGSlow.testMethod1(prerateTestNGSlow.java:536)
	at sun.reflect.GeneratedMethodAccessor8.invoke(Unknown Source)
	at sun.reflect.DelegatingMethodAccessorImpl.invoke(Unknown Source)
	at java.lang.reflect.Method.invoke(Unknown Source)
	at org.testng.internal.MethodInvocationHelper.invokeMethod(MethodInvocationHelper.java:135)
	at org.testng.internal.TestInvoker.invokeMethod(TestInvoker.java:598)
	at org.testng.internal.TestInvoker.invokeTestMethod(TestInvoker.java:174)
	at org.testng.internal.MethodRunner.runInSequence(MethodRunner.java:46)
	at org.testng.internal.TestInvoker$MethodInvocationAgent.invoke(TestInvoker.java:821)
	at org.testng.internal.TestInvoker.invokeTestMethods(TestInvoker.java:147)
	at org.testng.internal.TestMethodWorker.invokeTestMethods(TestMethodWorker.java:146)
	at org.testng.internal.TestMethodWorker.run(TestMethodWorker.java:128)
	at java.util.concurrent.ThreadPoolExecutor.runWorker(Unknown Source)
	at java.util.concurrent.ThreadPoolExecutor$Worker.run(Unknown Source)
	at java.lang.Thread.run(Unknown Source)
</pre></div></td>
<td>45</td>
<td>prerate.prerateTestNGSlow@c3d627</td></tr>
<tr>
<td title='prerate.prerateTestNGSlow.testMethod1()'><b>testMethod1</b><br>Test class: prerate.prerateTestNGSlow<br>Parameters: Trucking Fees, Override Disabled, N, 1, 177497, 582914064164, 600, USD, 5071714, 050, 400, 010, 200, , , , , 9</td>
<td><div><pre>java.lang.AssertionError: Override Disabled.
	at prerate.prerateTestNGSlow.doPrerate(prerateTestNGSlow.java:1026)
	at prerate.prerateTestNGSlow.testMethod1(prerateTestNGSlow.java:536)
	at java.util.concurrent.ThreadPoolExecutor.runWorker(Unknown Source)
	at java.util.concurrent.ThreadPoolExecutor$Worker.run(Unknown Source)
	at java.lang.Thread.run(Unknown Source)
... Removed 12 stack frames</pre></div><a href='#' onClick='toggleBox("stack-trace10915654", this, "Click to show all stack frames", "Click to hide stack frames")'>Click to show all stack frames</a>
<div class='stack-trace' id='stack-trace10915654'><pre>java.lang.AssertionError: Override Disabled.
	at org.testng.Assert.fail(Assert.java:97)
	at prerate.prerateTestNGSlow.doPrerate(prerateTestNGSlow.java:1026)
	at prerate.prerateTestNGSlow.testMethod1(prerateTestNGSlow.java:536)
	at sun.reflect.GeneratedMethodAccessor8.invoke(Unknown Source)
	at sun.reflect.DelegatingMethodAccessorImpl.invoke(Unknown Source)
	at java.lang.reflect.Method.invoke(Unknown Source)
	at org.testng.internal.MethodInvocationHelper.invokeMethod(MethodInvocationHelper.java:135)
	at org.testng.internal.TestInvoker.invokeMethod(TestInvoker.java:598)
	at org.testng.internal.TestInvoker.invokeTestMethod(TestInvoker.java:174)
	at org.testng.internal.MethodRunner.runInSequence(MethodRunner.java:46)
	at org.testng.internal.TestInvoker$MethodInvocationAgent.invoke(TestInvoker.java:821)
	at org.testng.internal.TestInvoker.invokeTestMethods(TestInvoker.java:147)
	at org.testng.internal.TestMethodWorker.invokeTestMethods(TestMethodWorker.java:146)
	at org.testng.internal.TestMethodWorker.run(TestMethodWorker.java:128)
	at java.util.concurrent.ThreadPoolExecutor.runWorker(Unknown Source)
	at java.util.concurrent.ThreadPoolExecutor$Worker.run(Unknown Source)
	at java.lang.Thread.run(Unknown Source)
</pre></div></td>
<td>41</td>
<td>prerate.prerateTestNGSlow@c3d627</td></tr>
<tr>
<td title='prerate.prerateTestNGSlow.testMethod1()'><b>testMethod1</b><br>Test class: prerate.prerateTestNGSlow<br>Parameters: ADDR CHANGE FEE, Failed selecting dropdown menu..., N, 1, 188805, 583047064293, 200, USD, 910808, 050, 100, 010, 100, , , , , 16</td>
<td><div><pre>java.lang.AssertionError: Failed selecting dropdown menu...
	at prerate.prerateTestNGSlow.doPrerate(prerateTestNGSlow.java:909)
	at prerate.prerateTestNGSlow.testMethod1(prerateTestNGSlow.java:536)
	at java.util.concurrent.ThreadPoolExecutor.runWorker(Unknown Source)
	at java.util.concurrent.ThreadPoolExecutor$Worker.run(Unknown Source)
	at java.lang.Thread.run(Unknown Source)
... Removed 12 stack frames</pre></div><a href='#' onClick='toggleBox("stack-trace2579390", this, "Click to show all stack frames", "Click to hide stack frames")'>Click to show all stack frames</a>
<div class='stack-trace' id='stack-trace2579390'><pre>java.lang.AssertionError: Failed selecting dropdown menu...
	at org.testng.Assert.fail(Assert.java:97)
	at prerate.prerateTestNGSlow.doPrerate(prerateTestNGSlow.java:909)
	at prerate.prerateTestNGSlow.testMethod1(prerateTestNGSlow.java:536)
	at sun.reflect.GeneratedMethodAccessor8.invoke(Unknown Source)
	at sun.reflect.DelegatingMethodAccessorImpl.invoke(Unknown Source)
	at java.lang.reflect.Method.invoke(Unknown Source)
	at org.testng.internal.MethodInvocationHelper.invokeMethod(MethodInvocationHelper.java:135)
	at org.testng.internal.TestInvoker.invokeMethod(TestInvoker.java:598)
	at org.testng.internal.TestInvoker.invokeTestMethod(TestInvoker.java:174)
	at org.testng.internal.MethodRunner.runInSequence(MethodRunner.java:46)
	at org.testng.internal.TestInvoker$MethodInvocationAgent.invoke(TestInvoker.java:821)
	at org.testng.internal.TestInvoker.invokeTestMethods(TestInvoker.java:147)
	at org.testng.internal.TestMethodWorker.invokeTestMethods(TestMethodWorker.java:146)
	at org.testng.internal.TestMethodWorker.run(TestMethodWorker.java:128)
	at java.util.concurrent.ThreadPoolExecutor.runWorker(Unknown Source)
	at java.util.concurrent.ThreadPoolExecutor$Worker.run(Unknown Source)
	at java.lang.Thread.run(Unknown Source)
</pre></div></td>
<td>33</td>
<td>prerate.prerateTestNGSlow@c3d627</td></tr>
<tr>
<td title='prerate.prerateTestNGSlow.testMethod1()'><b>testMethod1</b><br>Test class: prerate.prerateTestNGSlow<br>Parameters: ADDR CHANGE FEE, Technical Error Occurred in Edits; Try again ,6713,7169, N, 1, 189247, 794972524063, 200, USD, 910808, 050, 100, 010, 100, , , , , 18</td>
<td><div><pre>java.lang.AssertionError: Technical Error Occurred in Edits; Try again ,6713,7169
	at prerate.prerateTestNGSlow.doPrerate(prerateTestNGSlow.java:1093)
	at prerate.prerateTestNGSlow.testMethod1(prerateTestNGSlow.java:536)
	at java.util.concurrent.ThreadPoolExecutor.runWorker(Unknown Source)
	at java.util.concurrent.ThreadPoolExecutor$Worker.run(Unknown Source)
	at java.lang.Thread.run(Unknown Source)
... Removed 12 stack frames</pre></div><a href='#' onClick='toggleBox("stack-trace21625061", this, "Click to show all stack frames", "Click to hide stack frames")'>Click to show all stack frames</a>
<div class='stack-trace' id='stack-trace21625061'><pre>java.lang.AssertionError: Technical Error Occurred in Edits; Try again ,6713,7169
	at org.testng.Assert.fail(Assert.java:97)
	at prerate.prerateTestNGSlow.doPrerate(prerateTestNGSlow.java:1093)
	at prerate.prerateTestNGSlow.testMethod1(prerateTestNGSlow.java:536)
	at sun.reflect.GeneratedMethodAccessor8.invoke(Unknown Source)
	at sun.reflect.DelegatingMethodAccessorImpl.invoke(Unknown Source)
	at java.lang.reflect.Method.invoke(Unknown Source)
	at org.testng.internal.MethodInvocationHelper.invokeMethod(MethodInvocationHelper.java:135)
	at org.testng.internal.TestInvoker.invokeMethod(TestInvoker.java:598)
	at org.testng.internal.TestInvoker.invokeTestMethod(TestInvoker.java:174)
	at org.testng.internal.MethodRunner.runInSequence(MethodRunner.java:46)
	at org.testng.internal.TestInvoker$MethodInvocationAgent.invoke(TestInvoker.java:821)
	at org.testng.internal.TestInvoker.invokeTestMethods(TestInvoker.java:147)
	at org.testng.internal.TestMethodWorker.invokeTestMethods(TestMethodWorker.java:146)
	at org.testng.internal.TestMethodWorker.run(TestMethodWorker.java:128)
	at java.util.concurrent.ThreadPoolExecutor.runWorker(Unknown Source)
	at java.util.concurrent.ThreadPoolExecutor$Worker.run(Unknown Source)
	at java.lang.Thread.run(Unknown Source)
</pre></div></td>
<td>64</td>
<td>prerate.prerateTestNGSlow@c3d627</td></tr>
<tr>
<td title='prerate.prerateTestNGSlow.testMethod1()'><b>testMethod1</b><br>Test class: prerate.prerateTestNGSlow<br>Parameters: ADDR CHANGE FEE, Failed selecting dropdown menu..., Y, 1, 79330, 582982063460, 50000, USD, 910808, 050, 25000, 010, 25000, , , , , 20</td>
<td><div><pre>java.lang.AssertionError: Failed selecting dropdown menu...
	at prerate.prerateTestNGSlow.doPrerate(prerateTestNGSlow.java:909)
	at prerate.prerateTestNGSlow.testMethod1(prerateTestNGSlow.java:536)
	at java.util.concurrent.ThreadPoolExecutor.runWorker(Unknown Source)
	at java.util.concurrent.ThreadPoolExecutor$Worker.run(Unknown Source)
	at java.lang.Thread.run(Unknown Source)
... Removed 12 stack frames</pre></div><a href='#' onClick='toggleBox("stack-trace23384373", this, "Click to show all stack frames", "Click to hide stack frames")'>Click to show all stack frames</a>
<div class='stack-trace' id='stack-trace23384373'><pre>java.lang.AssertionError: Failed selecting dropdown menu...
	at org.testng.Assert.fail(Assert.java:97)
	at prerate.prerateTestNGSlow.doPrerate(prerateTestNGSlow.java:909)
	at prerate.prerateTestNGSlow.testMethod1(prerateTestNGSlow.java:536)
	at sun.reflect.GeneratedMethodAccessor8.invoke(Unknown Source)
	at sun.reflect.DelegatingMethodAccessorImpl.invoke(Unknown Source)
	at java.lang.reflect.Method.invoke(Unknown Source)
	at org.testng.internal.MethodInvocationHelper.invokeMethod(MethodInvocationHelper.java:135)
	at org.testng.internal.TestInvoker.invokeMethod(TestInvoker.java:598)
	at org.testng.internal.TestInvoker.invokeTestMethod(TestInvoker.java:174)
	at org.testng.internal.MethodRunner.runInSequence(MethodRunner.java:46)
	at org.testng.internal.TestInvoker$MethodInvocationAgent.invoke(TestInvoker.java:821)
	at org.testng.internal.TestInvoker.invokeTestMethods(TestInvoker.java:147)
	at org.testng.internal.TestMethodWorker.invokeTestMethods(TestMethodWorker.java:146)
	at org.testng.internal.TestMethodWorker.run(TestMethodWorker.java:128)
	at java.util.concurrent.ThreadPoolExecutor.runWorker(Unknown Source)
	at java.util.concurrent.ThreadPoolExecutor$Worker.run(Unknown Source)
	at java.lang.Thread.run(Unknown Source)
</pre></div></td>
<td>33</td>
<td>prerate.prerateTestNGSlow@c3d627</td></tr>
<tr>
<td title='prerate.prerateTestNGSlow.testMethod1()'><b>testMethod1</b><br>Test class: prerate.prerateTestNGSlow<br>Parameters: ADDR CHANGE FEE, Failed selecting dropdown menu..., Y, 1, 188794, 583081345394, 200, USD, 910808, 050, 100, 010, 100, , , , , 21</td>
<td><div><pre>java.lang.AssertionError: Failed selecting dropdown menu...
	at prerate.prerateTestNGSlow.doPrerate(prerateTestNGSlow.java:909)
	at prerate.prerateTestNGSlow.testMethod1(prerateTestNGSlow.java:536)
	at java.util.concurrent.ThreadPoolExecutor.runWorker(Unknown Source)
	at java.util.concurrent.ThreadPoolExecutor$Worker.run(Unknown Source)
	at java.lang.Thread.run(Unknown Source)
... Removed 12 stack frames</pre></div><a href='#' onClick='toggleBox("stack-trace32874954", this, "Click to show all stack frames", "Click to hide stack frames")'>Click to show all stack frames</a>
<div class='stack-trace' id='stack-trace32874954'><pre>java.lang.AssertionError: Failed selecting dropdown menu...
	at org.testng.Assert.fail(Assert.java:97)
	at prerate.prerateTestNGSlow.doPrerate(prerateTestNGSlow.java:909)
	at prerate.prerateTestNGSlow.testMethod1(prerateTestNGSlow.java:536)
	at sun.reflect.GeneratedMethodAccessor8.invoke(Unknown Source)
	at sun.reflect.DelegatingMethodAccessorImpl.invoke(Unknown Source)
	at java.lang.reflect.Method.invoke(Unknown Source)
	at org.testng.internal.MethodInvocationHelper.invokeMethod(MethodInvocationHelper.java:135)
	at org.testng.internal.TestInvoker.invokeMethod(TestInvoker.java:598)
	at org.testng.internal.TestInvoker.invokeTestMethod(TestInvoker.java:174)
	at org.testng.internal.MethodRunner.runInSequence(MethodRunner.java:46)
	at org.testng.internal.TestInvoker$MethodInvocationAgent.invoke(TestInvoker.java:821)
	at org.testng.internal.TestInvoker.invokeTestMethods(TestInvoker.java:147)
	at org.testng.internal.TestMethodWorker.invokeTestMethods(TestMethodWorker.java:146)
	at org.testng.internal.TestMethodWorker.run(TestMethodWorker.java:128)
	at java.util.concurrent.ThreadPoolExecutor.runWorker(Unknown Source)
	at java.util.concurrent.ThreadPoolExecutor$Worker.run(Unknown Source)
	at java.lang.Thread.run(Unknown Source)
</pre></div></td>
<td>35</td>
<td>prerate.prerateTestNGSlow@c3d627</td></tr>
<tr>
<td title='prerate.prerateTestNGSlow.testMethod1()'><b>testMethod1</b><br>Test class: prerate.prerateTestNGSlow<br>Parameters: ADDR CHANGE FEE, Failed selecting dropdown menu..., N, 1, 131497, 583129063566, 5605.16, USD, 5056981, 050, 2060.72, 010, 741.86, 012, 2802.58, , , 22</td>
<td><div><pre>java.lang.AssertionError: Failed selecting dropdown menu...
	at prerate.prerateTestNGSlow.doPrerate(prerateTestNGSlow.java:909)
	at prerate.prerateTestNGSlow.testMethod1(prerateTestNGSlow.java:536)
	at java.util.concurrent.ThreadPoolExecutor.runWorker(Unknown Source)
	at java.util.concurrent.ThreadPoolExecutor$Worker.run(Unknown Source)
	at java.lang.Thread.run(Unknown Source)
... Removed 12 stack frames</pre></div><a href='#' onClick='toggleBox("stack-trace2147777", this, "Click to show all stack frames", "Click to hide stack frames")'>Click to show all stack frames</a>
<div class='stack-trace' id='stack-trace2147777'><pre>java.lang.AssertionError: Failed selecting dropdown menu...
	at org.testng.Assert.fail(Assert.java:97)
	at prerate.prerateTestNGSlow.doPrerate(prerateTestNGSlow.java:909)
	at prerate.prerateTestNGSlow.testMethod1(prerateTestNGSlow.java:536)
	at sun.reflect.GeneratedMethodAccessor8.invoke(Unknown Source)
	at sun.reflect.DelegatingMethodAccessorImpl.invoke(Unknown Source)
	at java.lang.reflect.Method.invoke(Unknown Source)
	at org.testng.internal.MethodInvocationHelper.invokeMethod(MethodInvocationHelper.java:135)
	at org.testng.internal.TestInvoker.invokeMethod(TestInvoker.java:598)
	at org.testng.internal.TestInvoker.invokeTestMethod(TestInvoker.java:174)
	at org.testng.internal.MethodRunner.runInSequence(MethodRunner.java:46)
	at org.testng.internal.TestInvoker$MethodInvocationAgent.invoke(TestInvoker.java:821)
	at org.testng.internal.TestInvoker.invokeTestMethods(TestInvoker.java:147)
	at org.testng.internal.TestMethodWorker.invokeTestMethods(TestMethodWorker.java:146)
	at org.testng.internal.TestMethodWorker.run(TestMethodWorker.java:128)
	at java.util.concurrent.ThreadPoolExecutor.runWorker(Unknown Source)
	at java.util.concurrent.ThreadPoolExecutor$Worker.run(Unknown Source)
	at java.lang.Thread.run(Unknown Source)
</pre></div></td>
<td>33</td>
<td>prerate.prerateTestNGSlow@c3d627</td></tr>
<tr>
<td title='prerate.prerateTestNGSlow.testMethod1()'><b>testMethod1</b><br>Test class: prerate.prerateTestNGSlow<br>Parameters: ADDR CHANGE FEE, Failed selecting dropdown menu..., N, 1, 167397, 582909353980, 200, INR, 910808, 050, 100, 010, 100, , , , , 23</td>
<td><div><pre>java.lang.AssertionError: Failed selecting dropdown menu...
	at prerate.prerateTestNGSlow.doPrerate(prerateTestNGSlow.java:909)
	at prerate.prerateTestNGSlow.testMethod1(prerateTestNGSlow.java:536)
	at java.util.concurrent.ThreadPoolExecutor.runWorker(Unknown Source)
	at java.util.concurrent.ThreadPoolExecutor$Worker.run(Unknown Source)
	at java.lang.Thread.run(Unknown Source)
... Removed 12 stack frames</pre></div><a href='#' onClick='toggleBox("stack-trace5416934", this, "Click to show all stack frames", "Click to hide stack frames")'>Click to show all stack frames</a>
<div class='stack-trace' id='stack-trace5416934'><pre>java.lang.AssertionError: Failed selecting dropdown menu...
	at org.testng.Assert.fail(Assert.java:97)
	at prerate.prerateTestNGSlow.doPrerate(prerateTestNGSlow.java:909)
	at prerate.prerateTestNGSlow.testMethod1(prerateTestNGSlow.java:536)
	at sun.reflect.GeneratedMethodAccessor8.invoke(Unknown Source)
	at sun.reflect.DelegatingMethodAccessorImpl.invoke(Unknown Source)
	at java.lang.reflect.Method.invoke(Unknown Source)
	at org.testng.internal.MethodInvocationHelper.invokeMethod(MethodInvocationHelper.java:135)
	at org.testng.internal.TestInvoker.invokeMethod(TestInvoker.java:598)
	at org.testng.internal.TestInvoker.invokeTestMethod(TestInvoker.java:174)
	at org.testng.internal.MethodRunner.runInSequence(MethodRunner.java:46)
	at org.testng.internal.TestInvoker$MethodInvocationAgent.invoke(TestInvoker.java:821)
	at org.testng.internal.TestInvoker.invokeTestMethods(TestInvoker.java:147)
	at org.testng.internal.TestMethodWorker.invokeTestMethods(TestMethodWorker.java:146)
	at org.testng.internal.TestMethodWorker.run(TestMethodWorker.java:128)
	at java.util.concurrent.ThreadPoolExecutor.runWorker(Unknown Source)
	at java.util.concurrent.ThreadPoolExecutor$Worker.run(Unknown Source)
	at java.lang.Thread.run(Unknown Source)
</pre></div></td>
<td>33</td>
<td>prerate.prerateTestNGSlow@c3d627</td></tr>
<tr>
<td title='prerate.prerateTestNGSlow.testMethod1()'><b>testMethod1</b><br>Test class: prerate.prerateTestNGSlow<br>Parameters: ADDR CHANGE FEE, Failed selecting dropdown menu..., N, 1, 108584, 583114062865, 1710.26, USD, 5056981, 050, 1457, 010, 1.2, 012, 242.06, 001, 10, 24</td>
<td><div><pre>java.lang.AssertionError: Failed selecting dropdown menu...
	at prerate.prerateTestNGSlow.doPrerate(prerateTestNGSlow.java:909)
	at prerate.prerateTestNGSlow.testMethod1(prerateTestNGSlow.java:536)
	at java.util.concurrent.ThreadPoolExecutor.runWorker(Unknown Source)
	at java.util.concurrent.ThreadPoolExecutor$Worker.run(Unknown Source)
	at java.lang.Thread.run(Unknown Source)
... Removed 12 stack frames</pre></div><a href='#' onClick='toggleBox("stack-trace8579184", this, "Click to show all stack frames", "Click to hide stack frames")'>Click to show all stack frames</a>
<div class='stack-trace' id='stack-trace8579184'><pre>java.lang.AssertionError: Failed selecting dropdown menu...
	at org.testng.Assert.fail(Assert.java:97)
	at prerate.prerateTestNGSlow.doPrerate(prerateTestNGSlow.java:909)
	at prerate.prerateTestNGSlow.testMethod1(prerateTestNGSlow.java:536)
	at sun.reflect.GeneratedMethodAccessor8.invoke(Unknown Source)
	at sun.reflect.DelegatingMethodAccessorImpl.invoke(Unknown Source)
	at java.lang.reflect.Method.invoke(Unknown Source)
	at org.testng.internal.MethodInvocationHelper.invokeMethod(MethodInvocationHelper.java:135)
	at org.testng.internal.TestInvoker.invokeMethod(TestInvoker.java:598)
	at org.testng.internal.TestInvoker.invokeTestMethod(TestInvoker.java:174)
	at org.testng.internal.MethodRunner.runInSequence(MethodRunner.java:46)
	at org.testng.internal.TestInvoker$MethodInvocationAgent.invoke(TestInvoker.java:821)
	at org.testng.internal.TestInvoker.invokeTestMethods(TestInvoker.java:147)
	at org.testng.internal.TestMethodWorker.invokeTestMethods(TestMethodWorker.java:146)
	at org.testng.internal.TestMethodWorker.run(TestMethodWorker.java:128)
	at java.util.concurrent.ThreadPoolExecutor.runWorker(Unknown Source)
	at java.util.concurrent.ThreadPoolExecutor$Worker.run(Unknown Source)
	at java.lang.Thread.run(Unknown Source)
</pre></div></td>
<td>35</td>
<td>prerate.prerateTestNGSlow@c3d627</td></tr>
<tr>
<td title='prerate.prerateTestNGSlow.testMethod2()'><b>testMethod2</b><br>Test class: prerate.prerateTestNGSlow</td>
<td><div><pre>org.testng.TestNGException: 
Data Provider public synchronized java.lang.Object[][] prerate.prerateTestNGSlow.dataProviderMethod2() returned a null value
	at java.util.concurrent.ThreadPoolExecutor.runWorker(Unknown Source)
	at java.util.concurrent.ThreadPoolExecutor$Worker.run(Unknown Source)
	at java.lang.Thread.run(Unknown Source)
... Removed 9 stack frames</pre></div><a href='#' onClick='toggleBox("stack-trace32033507", this, "Click to show all stack frames", "Click to hide stack frames")'>Click to show all stack frames</a>
<div class='stack-trace' id='stack-trace32033507'><pre>org.testng.TestNGException: 
Data Provider public synchronized java.lang.Object[][] prerate.prerateTestNGSlow.dataProviderMethod2() returned a null value
	at org.testng.internal.MethodInvocationHelper.invokeDataProvider(MethodInvocationHelper.java:150)
	at org.testng.internal.Parameters.handleParameters(Parameters.java:797)
	at org.testng.internal.Parameters.handleParameters(Parameters.java:740)
	at org.testng.internal.ParameterHandler.handleParameters(ParameterHandler.java:59)
	at org.testng.internal.ParameterHandler.createParameters(ParameterHandler.java:38)
	at org.testng.internal.TestInvoker$MethodInvocationAgent.invoke(TestInvoker.java:788)
	at org.testng.internal.TestInvoker.invokeTestMethods(TestInvoker.java:147)
	at org.testng.internal.TestMethodWorker.invokeTestMethods(TestMethodWorker.java:146)
	at org.testng.internal.TestMethodWorker.run(TestMethodWorker.java:128)
	at java.util.concurrent.ThreadPoolExecutor.runWorker(Unknown Source)
	at java.util.concurrent.ThreadPoolExecutor$Worker.run(Unknown Source)
	at java.lang.Thread.run(Unknown Source)
</pre></div></td>
<td>0</td>
<td>prerate.prerateTestNGSlow@c3d627</td></tr>
<tr>
<td title='prerate.prerateTestNGSlow.testMethod3()'><b>testMethod3</b><br>Test class: prerate.prerateTestNGSlow</td>
<td><div><pre>org.testng.TestNGException: 
Data Provider public synchronized java.lang.Object[][] prerate.prerateTestNGSlow.dataProviderMethod3() returned a null value
	at java.util.concurrent.ThreadPoolExecutor.runWorker(Unknown Source)
	at java.util.concurrent.ThreadPoolExecutor$Worker.run(Unknown Source)
	at java.lang.Thread.run(Unknown Source)
... Removed 9 stack frames</pre></div><a href='#' onClick='toggleBox("stack-trace12938096", this, "Click to show all stack frames", "Click to hide stack frames")'>Click to show all stack frames</a>
<div class='stack-trace' id='stack-trace12938096'><pre>org.testng.TestNGException: 
Data Provider public synchronized java.lang.Object[][] prerate.prerateTestNGSlow.dataProviderMethod3() returned a null value
	at org.testng.internal.MethodInvocationHelper.invokeDataProvider(MethodInvocationHelper.java:150)
	at org.testng.internal.Parameters.handleParameters(Parameters.java:797)
	at org.testng.internal.Parameters.handleParameters(Parameters.java:740)
	at org.testng.internal.ParameterHandler.handleParameters(ParameterHandler.java:59)
	at org.testng.internal.ParameterHandler.createParameters(ParameterHandler.java:38)
	at org.testng.internal.TestInvoker$MethodInvocationAgent.invoke(TestInvoker.java:788)
	at org.testng.internal.TestInvoker.invokeTestMethods(TestInvoker.java:147)
	at org.testng.internal.TestMethodWorker.invokeTestMethods(TestMethodWorker.java:146)
	at org.testng.internal.TestMethodWorker.run(TestMethodWorker.java:128)
	at java.util.concurrent.ThreadPoolExecutor.runWorker(Unknown Source)
	at java.util.concurrent.ThreadPoolExecutor$Worker.run(Unknown Source)
	at java.lang.Thread.run(Unknown Source)
</pre></div></td>
<td>0</td>
<td>prerate.prerateTestNGSlow@c3d627</td></tr>
<tr>
<td title='prerate.prerateTestNGSlow.testMethod4()'><b>testMethod4</b><br>Test class: prerate.prerateTestNGSlow</td>
<td><div><pre>org.testng.TestNGException: 
Data Provider public synchronized java.lang.Object[][] prerate.prerateTestNGSlow.dataProviderMethod4() returned a null value
	at java.util.concurrent.ThreadPoolExecutor.runWorker(Unknown Source)
	at java.util.concurrent.ThreadPoolExecutor$Worker.run(Unknown Source)
	at java.lang.Thread.run(Unknown Source)
... Removed 9 stack frames</pre></div><a href='#' onClick='toggleBox("stack-trace1819952", this, "Click to show all stack frames", "Click to hide stack frames")'>Click to show all stack frames</a>
<div class='stack-trace' id='stack-trace1819952'><pre>org.testng.TestNGException: 
Data Provider public synchronized java.lang.Object[][] prerate.prerateTestNGSlow.dataProviderMethod4() returned a null value
	at org.testng.internal.MethodInvocationHelper.invokeDataProvider(MethodInvocationHelper.java:150)
	at org.testng.internal.Parameters.handleParameters(Parameters.java:797)
	at org.testng.internal.Parameters.handleParameters(Parameters.java:740)
	at org.testng.internal.ParameterHandler.handleParameters(ParameterHandler.java:59)
	at org.testng.internal.ParameterHandler.createParameters(ParameterHandler.java:38)
	at org.testng.internal.TestInvoker$MethodInvocationAgent.invoke(TestInvoker.java:788)
	at org.testng.internal.TestInvoker.invokeTestMethods(TestInvoker.java:147)
	at org.testng.internal.TestMethodWorker.invokeTestMethods(TestMethodWorker.java:146)
	at org.testng.internal.TestMethodWorker.run(TestMethodWorker.java:128)
	at java.util.concurrent.ThreadPoolExecutor.runWorker(Unknown Source)
	at java.util.concurrent.ThreadPoolExecutor$Worker.run(Unknown Source)
	at java.lang.Thread.run(Unknown Source)
</pre></div></td>
<td>0</td>
<td>prerate.prerateTestNGSlow@c3d627</td></tr>
</table><p>
<table width='100%' border='1' class='invocation-passed'>
<tr><td colspan='4' align='center'><b>PASSED TESTS</b></td></tr>
<tr><td><b>Test method</b></td>
<td width="30%"><b>Exception</b></td>
<td width="10%"><b>Time (seconds)</b></td>
<td><b>Instance</b></td>
</tr>
<tr>
<td title='prerate.prerateTestNGSlow.testMethod1()'><b>testMethod1</b><br>Test class: prerate.prerateTestNGSlow<br>Parameters: ADDR CHANGE FEE, Failed Somewhere... No Error Found Tho, N, 1, 127451, 794972486963, 1018.00, USD, 5056981, 050, 880, 010, 88, 012, 50, , , 3</td>
<td></td>
<td>59</td>
<td>prerate.prerateTestNGSlow@c3d627</td></tr>
<tr>
<td title='prerate.prerateTestNGSlow.testMethod1()'><b>testMethod1</b><br>Test class: prerate.prerateTestNGSlow<br>Parameters: ADDR CHANGE FEE, , N, 2, 129756, 582376116167, 215.37, CAD, 5056981, 050, 151.02, 010, 14.35, 012, 50.00, , , 4</td>
<td></td>
<td>1</td>
<td>prerate.prerateTestNGSlow@c3d627</td></tr>
<tr>
<td title='prerate.prerateTestNGSlow.testMethod1()'><b>testMethod1</b><br>Test class: prerate.prerateTestNGSlow<br>Parameters: ADDR CHANGE FEE, , N, 1, 138309, 587813887891, 151.06, CAD, 5056981, 050, 100, 010, 51.06, , , , , 5</td>
<td></td>
<td>33</td>
<td>prerate.prerateTestNGSlow@c3d627</td></tr>
<tr>
<td title='prerate.prerateTestNGSlow.testMethod1()'><b>testMethod1</b><br>Test class: prerate.prerateTestNGSlow<br>Parameters: ADDR CHANGE FEE, , N, 2, 188057, 588151139752, 200, USD, 910808, 050, 100, 010, 100, , , , , 10</td>
<td></td>
<td>50</td>
<td>prerate.prerateTestNGSlow@c3d627</td></tr>
<tr>
<td title='prerate.prerateTestNGSlow.testMethod1()'><b>testMethod1</b><br>Test class: prerate.prerateTestNGSlow<br>Parameters: ADDR CHANGE FEE, Technical Error Occurred in Edits; Try again ,3334, N, 1, 188177, 582910818070, 200, USD, 910808, 050, 100, 010, 100, , , , , 11</td>
<td></td>
<td>52</td>
<td>prerate.prerateTestNGSlow@c3d627</td></tr>
<tr>
<td title='prerate.prerateTestNGSlow.testMethod1()'><b>testMethod1</b><br>Test class: prerate.prerateTestNGSlow<br>Parameters: ADDR CHANGE FEE, Technical Error Occurred in Edits; Try again ,3334, N, 1, 188387, 582952316643, 200, USD, 910808, 050, 100, 010, 100, , , , , 12</td>
<td></td>
<td>50</td>
<td>prerate.prerateTestNGSlow@c3d627</td></tr>
<tr>
<td title='prerate.prerateTestNGSlow.testMethod1()'><b>testMethod1</b><br>Test class: prerate.prerateTestNGSlow<br>Parameters: ADDR CHANGE FEE, , N, 2, 188387, 582952316643, 200, USD, 910808, 050, 100, 010, 100, , , , , 13</td>
<td></td>
<td>1</td>
<td>prerate.prerateTestNGSlow@c3d627</td></tr>
<tr>
<td title='prerate.prerateTestNGSlow.testMethod1()'><b>testMethod1</b><br>Test class: prerate.prerateTestNGSlow<br>Parameters: ADDR CHANGE FEE, , N, 2, 188788, 582974813790, 200, USD, 910808, 050, 100, 010, 100, , , , , 14</td>
<td></td>
<td>1</td>
<td>prerate.prerateTestNGSlow@c3d627</td></tr>
<tr>
<td title='prerate.prerateTestNGSlow.testMethod1()'><b>testMethod1</b><br>Test class: prerate.prerateTestNGSlow<br>Parameters: ADDR CHANGE FEE, Failed Somewhere... No Error Found Tho, N, 1, 188800, 582908067190, 200, USD, 910808, 050, 100, 010, 100, , , , , 15</td>
<td></td>
<td>52</td>
<td>prerate.prerateTestNGSlow@c3d627</td></tr>
<tr>
<td title='prerate.prerateTestNGSlow.testMethod1()'><b>testMethod1</b><br>Test class: prerate.prerateTestNGSlow<br>Parameters: ADDR CHANGE FEE, , N, 2, 188925, 583057819786, 200, USD, 910808, 050, 100, 010, 100, , , , , 17</td>
<td></td>
<td>1</td>
<td>prerate.prerateTestNGSlow@c3d627</td></tr>
<tr>
<td title='prerate.prerateTestNGSlow.testMethod1()'><b>testMethod1</b><br>Test class: prerate.prerateTestNGSlow<br>Parameters: ADDR CHANGE FEE, Technical Error Occurred in Edits; Try again ,4209, N, 1, 75904, 582487073583, 2, USD, 910808, 050, 1, 010, 1, , , , , 19</td>
<td></td>
<td>51</td>
<td>prerate.prerateTestNGSlow@c3d627</td></tr>
</table><p>
</body>
</html>