<html>
<head>
<title>TestNG:  Rebill Test</title>
<link href="../testng.css" rel="stylesheet" type="text/css" />
<link href="../my-testng.css" rel="stylesheet" type="text/css" />

<style type="text/css">
.log { display: none;} 
.stack-trace { display: none;} 
</style>
<script type="text/javascript">
<!--
function flip(e) {
  current = e.style.display;
  if (current == 'block') {
    e.style.display = 'none';
    return 0;
  }
  else {
    e.style.display = 'block';
    return 1;
  }
}

function toggleBox(szDivId, elem, msg1, msg2)
{
  var res = -1;  if (document.getElementById) {
    res = flip(document.getElementById(szDivId));
  }
  else if (document.all) {
    // this is the way old msie versions work
    res = flip(document.all[szDivId]);
  }
  if(elem) {
    if(res == 0) elem.innerHTML = msg1; else elem.innerHTML = msg2;
  }

}

function toggleAllBoxes() {
  if (document.getElementsByTagName) {
    d = document.getElementsByTagName('div');
    for (i = 0; i < d.length; i++) {
      if (d[i].className == 'log') {
        flip(d[i]);
      }
    }
  }
}

// -->
</script>

</head>
<body>
<h2 align='center'>Rebill Test</h2><table border='1' align="center">
<tr>
<td>Tests passed/Failed/Skipped:</td><td>45/9/3</td>
</tr><tr>
<td>Started on:</td><td>Wed Jun 24 17:52:35 CDT 2020</td>
</tr>
<tr><td>Total time:</td><td>3410 seconds (3410015 ms)</td>
</tr><tr>
<td>Included groups:</td><td></td>
</tr><tr>
<td>Excluded groups:</td><td></td>
</tr>
</table><p/>
<small><i>(Hover the method name to see the test class name)</i></small><p/>
<table width='100%' border='1' class='invocation-failed'>
<tr><td colspan='4' align='center'><b>FAILED TESTS</b></td></tr>
<tr><td><b>Test method</b></td>
<td width="30%"><b>Exception</b></td>
<td width="10%"><b>Time (seconds)</b></td>
<td><b>Instance</b></td>
</tr>
<tr>
<td title='rebill.testngRebillSlow.testMethod1()'><b>testMethod1</b><br>Test class: rebill.testngRebillSlow<br>Parameters: fail,  Employee defined to IMS RACF, 171711, 1, 794973591137, RSA, , 594951094, , Y, USA, 584168, 584168, IL, GD, NORMAL, , , , , , , , , , , , , , , 23</td>
<td><div><pre>java.lang.AssertionError: org.openqa.selenium.NoSuchElementException: no such element: Unable to locate element: {&quot;method&quot;:&quot;xpath&quot;,&quot;selector&quot;:&quot;/html/body/div[6]/div/div/div[1]/div[1]/h4&quot;}
  (Session info: chrome=83.0.4103.116)
  (Driver info: chromedriver=2.41.578737 (49da6702b16031c40d63e5618de03a32ff6c197e),platform=Windows NT 6.1.7601 SP1 x86) (WARNING: The server did not provide any stacktrace information)
Command duration or timeout: 0 milliseconds
For documentation on this error, please visit: https://www.seleniumhq.org/exceptions/no_such_element.html
Build info: version: &apos;3.141.59&apos;, revision: &apos;e82be7d358&apos;, time: &apos;2018-11-14T08:25:48&apos;
System info: host: &apos;SQA-CRS-021&apos;, ip: &apos;10.255.251.244&apos;, os.name: &apos;Windows 7&apos;, os.arch: &apos;x86&apos;, os.version: &apos;6.1&apos;, java.version: &apos;1.8.0_212&apos;
Driver info: org.openqa.selenium.chrome.ChromeDriver
Capabilities {acceptInsecureCerts: false, acceptSslCerts: false, applicationCacheEnabled: false, browserConnectionEnabled: false, browserName: chrome, chrome: {chromedriverVersion: 2.41.578737 (49da6702b16031..., userDataDir: C:\Users\FEDEXU~1\AppData\L...}, cssSelectorsEnabled: true, databaseEnabled: false, goog:chromeOptions: {debuggerAddress: localhost:54347}, handlesAlerts: true, hasTouchScreen: false, javascriptEnabled: true, locationContextEnabled: true, mobileEmulationEnabled: false, nativeEvents: true, networkConnectionEnabled: false, pageLoadStrategy: normal, platform: XP, platformName: XP, rotatable: false, setWindowRect: true, takesHeapSnapshot: true, takesScreenshot: true, unexpectedAlertBehaviour: , unhandledPromptBehavior: , version: 83.0.4103.116, webStorageEnabled: true}
Session ID: feb9f2abb28c8b6ed9a25b9e54ff68b5
*** Element info: {Using=xpath, value=/html/body/div[6]/div/div/div[1]/div[1]/h4} Could Not Get to Rebill Screen
	at rebill.testngRebillSlow.doRebill(testngRebillSlow.java:1254)
	at rebill.testngRebillSlow.testMethod1(testngRebillSlow.java:639)
	at java.util.concurrent.ThreadPoolExecutor.runWorker(Unknown Source)
	at java.util.concurrent.ThreadPoolExecutor$Worker.run(Unknown Source)
	at java.lang.Thread.run(Unknown Source)
... Removed 10 stack frames</pre></div><a href='#' onClick='toggleBox("stack-trace17890827", this, "Click to show all stack frames", "Click to hide stack frames")'>Click to show all stack frames</a>
<div class='stack-trace' id='stack-trace17890827'><pre>java.lang.AssertionError: org.openqa.selenium.NoSuchElementException: no such element: Unable to locate element: {&quot;method&quot;:&quot;xpath&quot;,&quot;selector&quot;:&quot;/html/body/div[6]/div/div/div[1]/div[1]/h4&quot;}
  (Session info: chrome=83.0.4103.116)
  (Driver info: chromedriver=2.41.578737 (49da6702b16031c40d63e5618de03a32ff6c197e),platform=Windows NT 6.1.7601 SP1 x86) (WARNING: The server did not provide any stacktrace information)
Command duration or timeout: 0 milliseconds
For documentation on this error, please visit: https://www.seleniumhq.org/exceptions/no_such_element.html
Build info: version: &apos;3.141.59&apos;, revision: &apos;e82be7d358&apos;, time: &apos;2018-11-14T08:25:48&apos;
System info: host: &apos;SQA-CRS-021&apos;, ip: &apos;10.255.251.244&apos;, os.name: &apos;Windows 7&apos;, os.arch: &apos;x86&apos;, os.version: &apos;6.1&apos;, java.version: &apos;1.8.0_212&apos;
Driver info: org.openqa.selenium.chrome.ChromeDriver
Capabilities {acceptInsecureCerts: false, acceptSslCerts: false, applicationCacheEnabled: false, browserConnectionEnabled: false, browserName: chrome, chrome: {chromedriverVersion: 2.41.578737 (49da6702b16031..., userDataDir: C:\Users\FEDEXU~1\AppData\L...}, cssSelectorsEnabled: true, databaseEnabled: false, goog:chromeOptions: {debuggerAddress: localhost:54347}, handlesAlerts: true, hasTouchScreen: false, javascriptEnabled: true, locationContextEnabled: true, mobileEmulationEnabled: false, nativeEvents: true, networkConnectionEnabled: false, pageLoadStrategy: normal, platform: XP, platformName: XP, rotatable: false, setWindowRect: true, takesHeapSnapshot: true, takesScreenshot: true, unexpectedAlertBehaviour: , unhandledPromptBehavior: , version: 83.0.4103.116, webStorageEnabled: true}
Session ID: feb9f2abb28c8b6ed9a25b9e54ff68b5
*** Element info: {Using=xpath, value=/html/body/div[6]/div/div/div[1]/div[1]/h4} Could Not Get to Rebill Screen
	at org.testng.Assert.fail(Assert.java:93)
	at rebill.testngRebillSlow.doRebill(testngRebillSlow.java:1254)
	at rebill.testngRebillSlow.testMethod1(testngRebillSlow.java:639)
	at sun.reflect.GeneratedMethodAccessor2.invoke(Unknown Source)
	at sun.reflect.DelegatingMethodAccessorImpl.invoke(Unknown Source)
	at java.lang.reflect.Method.invoke(Unknown Source)
	at org.testng.internal.MethodInvocationHelper.invokeMethod(MethodInvocationHelper.java:108)
	at org.testng.internal.Invoker.invokeMethod(Invoker.java:661)
	at org.testng.internal.Invoker.retryFailed(Invoker.java:1014)
	at org.testng.internal.Invoker.invokeTestMethods(Invoker.java:1215)
	at org.testng.internal.TestMethodWorker.invokeTestMethods(TestMethodWorker.java:126)
	at org.testng.internal.TestMethodWorker.run(TestMethodWorker.java:109)
	at java.util.concurrent.ThreadPoolExecutor.runWorker(Unknown Source)
	at java.util.concurrent.ThreadPoolExecutor$Worker.run(Unknown Source)
	at java.lang.Thread.run(Unknown Source)
</pre></div></td>
<td>52</td>
<td>rebill.testngRebillSlow@1f205aa</td></tr>
<tr>
<td title='rebill.testngRebillSlow.testMethod1()'><b>testMethod1</b><br>Test class: rebill.testngRebillSlow<br>Parameters: fail,  Employee defined to IMS RACF, 251535, 1, 794973602918, RSA, 601361450, 737239762, , , CAN, 131258, 131258, IL, GD, PLC, , , , , , , , , , , , , , , 35</td>
<td><div><pre>java.lang.AssertionError: Failed on Entering Tracking Number
	at rebill.testngRebillSlow.doRebill(testngRebillSlow.java:917)
	at rebill.testngRebillSlow.testMethod1(testngRebillSlow.java:639)
	at java.util.concurrent.ThreadPoolExecutor.runWorker(Unknown Source)
	at java.util.concurrent.ThreadPoolExecutor$Worker.run(Unknown Source)
	at java.lang.Thread.run(Unknown Source)
... Removed 10 stack frames</pre></div><a href='#' onClick='toggleBox("stack-trace5704427", this, "Click to show all stack frames", "Click to hide stack frames")'>Click to show all stack frames</a>
<div class='stack-trace' id='stack-trace5704427'><pre>java.lang.AssertionError: Failed on Entering Tracking Number
	at org.testng.Assert.fail(Assert.java:93)
	at rebill.testngRebillSlow.doRebill(testngRebillSlow.java:917)
	at rebill.testngRebillSlow.testMethod1(testngRebillSlow.java:639)
	at sun.reflect.GeneratedMethodAccessor2.invoke(Unknown Source)
	at sun.reflect.DelegatingMethodAccessorImpl.invoke(Unknown Source)
	at java.lang.reflect.Method.invoke(Unknown Source)
	at org.testng.internal.MethodInvocationHelper.invokeMethod(MethodInvocationHelper.java:108)
	at org.testng.internal.Invoker.invokeMethod(Invoker.java:661)
	at org.testng.internal.Invoker.invokeTestMethod(Invoker.java:869)
	at org.testng.internal.Invoker.invokeTestMethods(Invoker.java:1193)
	at org.testng.internal.TestMethodWorker.invokeTestMethods(TestMethodWorker.java:126)
	at org.testng.internal.TestMethodWorker.run(TestMethodWorker.java:109)
	at java.util.concurrent.ThreadPoolExecutor.runWorker(Unknown Source)
	at java.util.concurrent.ThreadPoolExecutor$Worker.run(Unknown Source)
	at java.lang.Thread.run(Unknown Source)
</pre></div></td>
<td>134</td>
<td>rebill.testngRebillSlow@1f205aa</td></tr>
<tr>
<td title='rebill.testngRebillSlow.testMethod1()'><b>testMethod1</b><br>Test class: rebill.testngRebillSlow<br>Parameters: fail,  Employee defined to IMS RACF, 251879, 1, 794973603112, RTA, 600672070, 594951561, , , USA, 584168, 584168, IL, GD, PLC, , , , , , , , , , , , , , , 38</td>
<td><div><pre>java.lang.AssertionError: org.openqa.selenium.NoSuchElementException: no such element: Unable to locate element: {&quot;method&quot;:&quot;xpath&quot;,&quot;selector&quot;:&quot;/html/body/div[6]/div/div/div[1]/div[1]/h4&quot;}
  (Session info: chrome=83.0.4103.116)
  (Driver info: chromedriver=2.41.578737 (49da6702b16031c40d63e5618de03a32ff6c197e),platform=Windows NT 6.1.7601 SP1 x86) (WARNING: The server did not provide any stacktrace information)
Command duration or timeout: 0 milliseconds
For documentation on this error, please visit: https://www.seleniumhq.org/exceptions/no_such_element.html
Build info: version: &apos;3.141.59&apos;, revision: &apos;e82be7d358&apos;, time: &apos;2018-11-14T08:25:48&apos;
System info: host: &apos;SQA-CRS-021&apos;, ip: &apos;10.255.251.244&apos;, os.name: &apos;Windows 7&apos;, os.arch: &apos;x86&apos;, os.version: &apos;6.1&apos;, java.version: &apos;1.8.0_212&apos;
Driver info: org.openqa.selenium.chrome.ChromeDriver
Capabilities {acceptInsecureCerts: false, acceptSslCerts: false, applicationCacheEnabled: false, browserConnectionEnabled: false, browserName: chrome, chrome: {chromedriverVersion: 2.41.578737 (49da6702b16031..., userDataDir: C:\Users\FEDEXU~1\AppData\L...}, cssSelectorsEnabled: true, databaseEnabled: false, goog:chromeOptions: {debuggerAddress: localhost:56659}, handlesAlerts: true, hasTouchScreen: false, javascriptEnabled: true, locationContextEnabled: true, mobileEmulationEnabled: false, nativeEvents: true, networkConnectionEnabled: false, pageLoadStrategy: normal, platform: XP, platformName: XP, rotatable: false, setWindowRect: true, takesHeapSnapshot: true, takesScreenshot: true, unexpectedAlertBehaviour: , unhandledPromptBehavior: , version: 83.0.4103.116, webStorageEnabled: true}
Session ID: 55a509cda0365917252a9cb43e871de8
*** Element info: {Using=xpath, value=/html/body/div[6]/div/div/div[1]/div[1]/h4} Could Not Get to Rebill Screen
	at rebill.testngRebillSlow.doRebill(testngRebillSlow.java:1254)
	at rebill.testngRebillSlow.testMethod1(testngRebillSlow.java:639)
	at java.util.concurrent.ThreadPoolExecutor.runWorker(Unknown Source)
	at java.util.concurrent.ThreadPoolExecutor$Worker.run(Unknown Source)
	at java.lang.Thread.run(Unknown Source)
... Removed 10 stack frames</pre></div><a href='#' onClick='toggleBox("stack-trace25548920", this, "Click to show all stack frames", "Click to hide stack frames")'>Click to show all stack frames</a>
<div class='stack-trace' id='stack-trace25548920'><pre>java.lang.AssertionError: org.openqa.selenium.NoSuchElementException: no such element: Unable to locate element: {&quot;method&quot;:&quot;xpath&quot;,&quot;selector&quot;:&quot;/html/body/div[6]/div/div/div[1]/div[1]/h4&quot;}
  (Session info: chrome=83.0.4103.116)
  (Driver info: chromedriver=2.41.578737 (49da6702b16031c40d63e5618de03a32ff6c197e),platform=Windows NT 6.1.7601 SP1 x86) (WARNING: The server did not provide any stacktrace information)
Command duration or timeout: 0 milliseconds
For documentation on this error, please visit: https://www.seleniumhq.org/exceptions/no_such_element.html
Build info: version: &apos;3.141.59&apos;, revision: &apos;e82be7d358&apos;, time: &apos;2018-11-14T08:25:48&apos;
System info: host: &apos;SQA-CRS-021&apos;, ip: &apos;10.255.251.244&apos;, os.name: &apos;Windows 7&apos;, os.arch: &apos;x86&apos;, os.version: &apos;6.1&apos;, java.version: &apos;1.8.0_212&apos;
Driver info: org.openqa.selenium.chrome.ChromeDriver
Capabilities {acceptInsecureCerts: false, acceptSslCerts: false, applicationCacheEnabled: false, browserConnectionEnabled: false, browserName: chrome, chrome: {chromedriverVersion: 2.41.578737 (49da6702b16031..., userDataDir: C:\Users\FEDEXU~1\AppData\L...}, cssSelectorsEnabled: true, databaseEnabled: false, goog:chromeOptions: {debuggerAddress: localhost:56659}, handlesAlerts: true, hasTouchScreen: false, javascriptEnabled: true, locationContextEnabled: true, mobileEmulationEnabled: false, nativeEvents: true, networkConnectionEnabled: false, pageLoadStrategy: normal, platform: XP, platformName: XP, rotatable: false, setWindowRect: true, takesHeapSnapshot: true, takesScreenshot: true, unexpectedAlertBehaviour: , unhandledPromptBehavior: , version: 83.0.4103.116, webStorageEnabled: true}
Session ID: 55a509cda0365917252a9cb43e871de8
*** Element info: {Using=xpath, value=/html/body/div[6]/div/div/div[1]/div[1]/h4} Could Not Get to Rebill Screen
	at org.testng.Assert.fail(Assert.java:93)
	at rebill.testngRebillSlow.doRebill(testngRebillSlow.java:1254)
	at rebill.testngRebillSlow.testMethod1(testngRebillSlow.java:639)
	at sun.reflect.GeneratedMethodAccessor2.invoke(Unknown Source)
	at sun.reflect.DelegatingMethodAccessorImpl.invoke(Unknown Source)
	at java.lang.reflect.Method.invoke(Unknown Source)
	at org.testng.internal.MethodInvocationHelper.invokeMethod(MethodInvocationHelper.java:108)
	at org.testng.internal.Invoker.invokeMethod(Invoker.java:661)
	at org.testng.internal.Invoker.invokeTestMethod(Invoker.java:869)
	at org.testng.internal.Invoker.invokeTestMethods(Invoker.java:1193)
	at org.testng.internal.TestMethodWorker.invokeTestMethods(TestMethodWorker.java:126)
	at org.testng.internal.TestMethodWorker.run(TestMethodWorker.java:109)
	at java.util.concurrent.ThreadPoolExecutor.runWorker(Unknown Source)
	at java.util.concurrent.ThreadPoolExecutor$Worker.run(Unknown Source)
	at java.lang.Thread.run(Unknown Source)
</pre></div></td>
<td>52</td>
<td>rebill.testngRebillSlow@1f205aa</td></tr>
<tr>
<td title='rebill.testngRebillSlow.testMethod1()'><b>testMethod1</b><br>Test class: rebill.testngRebillSlow<br>Parameters: fail,  Employee defined to IMS RACF, 252296, 1, 794973603260, RTA, 600670832, 594951529, , , USA, 584168, 584168, IL, GD, PLC, , , , , , , , , , , , , , , 40</td>
<td><div><pre>java.lang.AssertionError: org.openqa.selenium.NoSuchElementException: no such element: Unable to locate element: {&quot;method&quot;:&quot;xpath&quot;,&quot;selector&quot;:&quot;/html/body/div[6]/div/div/div[1]/div[1]/h4&quot;}
  (Session info: chrome=83.0.4103.116)
  (Driver info: chromedriver=2.41.578737 (49da6702b16031c40d63e5618de03a32ff6c197e),platform=Windows NT 6.1.7601 SP1 x86) (WARNING: The server did not provide any stacktrace information)
Command duration or timeout: 0 milliseconds
For documentation on this error, please visit: https://www.seleniumhq.org/exceptions/no_such_element.html
Build info: version: &apos;3.141.59&apos;, revision: &apos;e82be7d358&apos;, time: &apos;2018-11-14T08:25:48&apos;
System info: host: &apos;SQA-CRS-021&apos;, ip: &apos;10.255.251.244&apos;, os.name: &apos;Windows 7&apos;, os.arch: &apos;x86&apos;, os.version: &apos;6.1&apos;, java.version: &apos;1.8.0_212&apos;
Driver info: org.openqa.selenium.chrome.ChromeDriver
Capabilities {acceptInsecureCerts: false, acceptSslCerts: false, applicationCacheEnabled: false, browserConnectionEnabled: false, browserName: chrome, chrome: {chromedriverVersion: 2.41.578737 (49da6702b16031..., userDataDir: C:\Users\FEDEXU~1\AppData\L...}, cssSelectorsEnabled: true, databaseEnabled: false, goog:chromeOptions: {debuggerAddress: localhost:57050}, handlesAlerts: true, hasTouchScreen: false, javascriptEnabled: true, locationContextEnabled: true, mobileEmulationEnabled: false, nativeEvents: true, networkConnectionEnabled: false, pageLoadStrategy: normal, platform: XP, platformName: XP, rotatable: false, setWindowRect: true, takesHeapSnapshot: true, takesScreenshot: true, unexpectedAlertBehaviour: , unhandledPromptBehavior: , version: 83.0.4103.116, webStorageEnabled: true}
Session ID: 5ea16fad915a9dd3d5db0b0b12c1c2c2
*** Element info: {Using=xpath, value=/html/body/div[6]/div/div/div[1]/div[1]/h4} Could Not Get to Rebill Screen
	at rebill.testngRebillSlow.doRebill(testngRebillSlow.java:1254)
	at rebill.testngRebillSlow.testMethod1(testngRebillSlow.java:639)
	at java.util.concurrent.ThreadPoolExecutor.runWorker(Unknown Source)
	at java.util.concurrent.ThreadPoolExecutor$Worker.run(Unknown Source)
	at java.lang.Thread.run(Unknown Source)
... Removed 10 stack frames</pre></div><a href='#' onClick='toggleBox("stack-trace304716", this, "Click to show all stack frames", "Click to hide stack frames")'>Click to show all stack frames</a>
<div class='stack-trace' id='stack-trace304716'><pre>java.lang.AssertionError: org.openqa.selenium.NoSuchElementException: no such element: Unable to locate element: {&quot;method&quot;:&quot;xpath&quot;,&quot;selector&quot;:&quot;/html/body/div[6]/div/div/div[1]/div[1]/h4&quot;}
  (Session info: chrome=83.0.4103.116)
  (Driver info: chromedriver=2.41.578737 (49da6702b16031c40d63e5618de03a32ff6c197e),platform=Windows NT 6.1.7601 SP1 x86) (WARNING: The server did not provide any stacktrace information)
Command duration or timeout: 0 milliseconds
For documentation on this error, please visit: https://www.seleniumhq.org/exceptions/no_such_element.html
Build info: version: &apos;3.141.59&apos;, revision: &apos;e82be7d358&apos;, time: &apos;2018-11-14T08:25:48&apos;
System info: host: &apos;SQA-CRS-021&apos;, ip: &apos;10.255.251.244&apos;, os.name: &apos;Windows 7&apos;, os.arch: &apos;x86&apos;, os.version: &apos;6.1&apos;, java.version: &apos;1.8.0_212&apos;
Driver info: org.openqa.selenium.chrome.ChromeDriver
Capabilities {acceptInsecureCerts: false, acceptSslCerts: false, applicationCacheEnabled: false, browserConnectionEnabled: false, browserName: chrome, chrome: {chromedriverVersion: 2.41.578737 (49da6702b16031..., userDataDir: C:\Users\FEDEXU~1\AppData\L...}, cssSelectorsEnabled: true, databaseEnabled: false, goog:chromeOptions: {debuggerAddress: localhost:57050}, handlesAlerts: true, hasTouchScreen: false, javascriptEnabled: true, locationContextEnabled: true, mobileEmulationEnabled: false, nativeEvents: true, networkConnectionEnabled: false, pageLoadStrategy: normal, platform: XP, platformName: XP, rotatable: false, setWindowRect: true, takesHeapSnapshot: true, takesScreenshot: true, unexpectedAlertBehaviour: , unhandledPromptBehavior: , version: 83.0.4103.116, webStorageEnabled: true}
Session ID: 5ea16fad915a9dd3d5db0b0b12c1c2c2
*** Element info: {Using=xpath, value=/html/body/div[6]/div/div/div[1]/div[1]/h4} Could Not Get to Rebill Screen
	at org.testng.Assert.fail(Assert.java:93)
	at rebill.testngRebillSlow.doRebill(testngRebillSlow.java:1254)
	at rebill.testngRebillSlow.testMethod1(testngRebillSlow.java:639)
	at sun.reflect.GeneratedMethodAccessor2.invoke(Unknown Source)
	at sun.reflect.DelegatingMethodAccessorImpl.invoke(Unknown Source)
	at java.lang.reflect.Method.invoke(Unknown Source)
	at org.testng.internal.MethodInvocationHelper.invokeMethod(MethodInvocationHelper.java:108)
	at org.testng.internal.Invoker.invokeMethod(Invoker.java:661)
	at org.testng.internal.Invoker.invokeTestMethod(Invoker.java:869)
	at org.testng.internal.Invoker.invokeTestMethods(Invoker.java:1193)
	at org.testng.internal.TestMethodWorker.invokeTestMethods(TestMethodWorker.java:126)
	at org.testng.internal.TestMethodWorker.run(TestMethodWorker.java:109)
	at java.util.concurrent.ThreadPoolExecutor.runWorker(Unknown Source)
	at java.util.concurrent.ThreadPoolExecutor$Worker.run(Unknown Source)
	at java.lang.Thread.run(Unknown Source)
</pre></div></td>
<td>51</td>
<td>rebill.testngRebillSlow@1f205aa</td></tr>
<tr>
<td title='rebill.testngRebillSlow.testMethod1()'><b>testMethod1</b><br>Test class: rebill.testngRebillSlow<br>Parameters: fail,  Employee defined to IMS RACF, 252323, 1, 794973732486, RSA, 600689835, 737238694, , , CAN, 131258, 131258, IL, GD, PLC, , , , , , , , , , , , , , , 42</td>
<td><div><pre>java.lang.AssertionError: Faled At Last Rebill Screen: Did not reach override errors or failed here
	at rebill.testngRebillSlow.doRebill(testngRebillSlow.java:1453)
	at rebill.testngRebillSlow.testMethod1(testngRebillSlow.java:639)
	at java.util.concurrent.ThreadPoolExecutor.runWorker(Unknown Source)
	at java.util.concurrent.ThreadPoolExecutor$Worker.run(Unknown Source)
	at java.lang.Thread.run(Unknown Source)
... Removed 10 stack frames</pre></div><a href='#' onClick='toggleBox("stack-trace9881505", this, "Click to show all stack frames", "Click to hide stack frames")'>Click to show all stack frames</a>
<div class='stack-trace' id='stack-trace9881505'><pre>java.lang.AssertionError: Faled At Last Rebill Screen: Did not reach override errors or failed here
	at org.testng.Assert.fail(Assert.java:93)
	at rebill.testngRebillSlow.doRebill(testngRebillSlow.java:1453)
	at rebill.testngRebillSlow.testMethod1(testngRebillSlow.java:639)
	at sun.reflect.GeneratedMethodAccessor2.invoke(Unknown Source)
	at sun.reflect.DelegatingMethodAccessorImpl.invoke(Unknown Source)
	at java.lang.reflect.Method.invoke(Unknown Source)
	at org.testng.internal.MethodInvocationHelper.invokeMethod(MethodInvocationHelper.java:108)
	at org.testng.internal.Invoker.invokeMethod(Invoker.java:661)
	at org.testng.internal.Invoker.invokeTestMethod(Invoker.java:869)
	at org.testng.internal.Invoker.invokeTestMethods(Invoker.java:1193)
	at org.testng.internal.TestMethodWorker.invokeTestMethods(TestMethodWorker.java:126)
	at org.testng.internal.TestMethodWorker.run(TestMethodWorker.java:109)
	at java.util.concurrent.ThreadPoolExecutor.runWorker(Unknown Source)
	at java.util.concurrent.ThreadPoolExecutor$Worker.run(Unknown Source)
	at java.lang.Thread.run(Unknown Source)
</pre></div></td>
<td>110</td>
<td>rebill.testngRebillSlow@1f205aa</td></tr>
<tr>
<td title='rebill.testngRebillSlow.testMethod1()'><b>testMethod1</b><br>Test class: rebill.testngRebillSlow<br>Parameters: fail,  Employee defined to IMS RACF, 252323, 1, 794973732486, RSA, 600689835, 737238694, , , CAN, 131258, 131258, IL, GD, PLC, , , , , , , , , , , , , , , 42</td>
<td><div><pre>java.lang.AssertionError: Failed on Entering Tracking Number
	at rebill.testngRebillSlow.doRebill(testngRebillSlow.java:917)
	at rebill.testngRebillSlow.testMethod1(testngRebillSlow.java:639)
	at java.util.concurrent.ThreadPoolExecutor.runWorker(Unknown Source)
	at java.util.concurrent.ThreadPoolExecutor$Worker.run(Unknown Source)
	at java.lang.Thread.run(Unknown Source)
... Removed 10 stack frames</pre></div><a href='#' onClick='toggleBox("stack-trace4642766", this, "Click to show all stack frames", "Click to hide stack frames")'>Click to show all stack frames</a>
<div class='stack-trace' id='stack-trace4642766'><pre>java.lang.AssertionError: Failed on Entering Tracking Number
	at org.testng.Assert.fail(Assert.java:93)
	at rebill.testngRebillSlow.doRebill(testngRebillSlow.java:917)
	at rebill.testngRebillSlow.testMethod1(testngRebillSlow.java:639)
	at sun.reflect.GeneratedMethodAccessor2.invoke(Unknown Source)
	at sun.reflect.DelegatingMethodAccessorImpl.invoke(Unknown Source)
	at java.lang.reflect.Method.invoke(Unknown Source)
	at org.testng.internal.MethodInvocationHelper.invokeMethod(MethodInvocationHelper.java:108)
	at org.testng.internal.Invoker.invokeMethod(Invoker.java:661)
	at org.testng.internal.Invoker.retryFailed(Invoker.java:1014)
	at org.testng.internal.Invoker.invokeTestMethods(Invoker.java:1215)
	at org.testng.internal.TestMethodWorker.invokeTestMethods(TestMethodWorker.java:126)
	at org.testng.internal.TestMethodWorker.run(TestMethodWorker.java:109)
	at java.util.concurrent.ThreadPoolExecutor.runWorker(Unknown Source)
	at java.util.concurrent.ThreadPoolExecutor$Worker.run(Unknown Source)
	at java.lang.Thread.run(Unknown Source)
</pre></div></td>
<td>151</td>
<td>rebill.testngRebillSlow@1f205aa</td></tr>
<tr>
<td title='rebill.testngRebillSlow.testMethod2()'><b>testMethod2</b><br>Test class: rebill.testngRebillSlow</td>
<td><div><pre>org.testng.TestNGException: 
Data Provider public synchronized java.lang.Object[][] rebill.testngRebillSlow.dataProviderMethod2() must return either Object[][] or Iterator&lt;Object&gt;[], not class [[Ljava.lang.Object;
	at java.util.concurrent.ThreadPoolExecutor.runWorker(Unknown Source)
	at java.util.concurrent.ThreadPoolExecutor$Worker.run(Unknown Source)
	at java.lang.Thread.run(Unknown Source)
... Removed 7 stack frames</pre></div><a href='#' onClick='toggleBox("stack-trace7944770", this, "Click to show all stack frames", "Click to hide stack frames")'>Click to show all stack frames</a>
<div class='stack-trace' id='stack-trace7944770'><pre>org.testng.TestNGException: 
Data Provider public synchronized java.lang.Object[][] rebill.testngRebillSlow.dataProviderMethod2() must return either Object[][] or Iterator&lt;Object&gt;[], not class [[Ljava.lang.Object;
	at org.testng.internal.MethodInvocationHelper.invokeDataProvider(MethodInvocationHelper.java:137)
	at org.testng.internal.Parameters.handleParameters(Parameters.java:509)
	at org.testng.internal.Invoker.handleParameters(Invoker.java:1308)
	at org.testng.internal.Invoker.createParameters(Invoker.java:1036)
	at org.testng.internal.Invoker.invokeTestMethods(Invoker.java:1126)
	at org.testng.internal.TestMethodWorker.invokeTestMethods(TestMethodWorker.java:126)
	at org.testng.internal.TestMethodWorker.run(TestMethodWorker.java:109)
	at java.util.concurrent.ThreadPoolExecutor.runWorker(Unknown Source)
	at java.util.concurrent.ThreadPoolExecutor$Worker.run(Unknown Source)
	at java.lang.Thread.run(Unknown Source)
</pre></div></td>
<td>0</td>
<td>rebill.testngRebillSlow@1f205aa</td></tr>
<tr>
<td title='rebill.testngRebillSlow.testMethod3()'><b>testMethod3</b><br>Test class: rebill.testngRebillSlow</td>
<td><div><pre>org.testng.TestNGException: 
Data Provider public synchronized java.lang.Object[][] rebill.testngRebillSlow.dataProviderMethod3() must return either Object[][] or Iterator&lt;Object&gt;[], not class [[Ljava.lang.Object;
	at java.util.concurrent.ThreadPoolExecutor.runWorker(Unknown Source)
	at java.util.concurrent.ThreadPoolExecutor$Worker.run(Unknown Source)
	at java.lang.Thread.run(Unknown Source)
... Removed 7 stack frames</pre></div><a href='#' onClick='toggleBox("stack-trace10623833", this, "Click to show all stack frames", "Click to hide stack frames")'>Click to show all stack frames</a>
<div class='stack-trace' id='stack-trace10623833'><pre>org.testng.TestNGException: 
Data Provider public synchronized java.lang.Object[][] rebill.testngRebillSlow.dataProviderMethod3() must return either Object[][] or Iterator&lt;Object&gt;[], not class [[Ljava.lang.Object;
	at org.testng.internal.MethodInvocationHelper.invokeDataProvider(MethodInvocationHelper.java:137)
	at org.testng.internal.Parameters.handleParameters(Parameters.java:509)
	at org.testng.internal.Invoker.handleParameters(Invoker.java:1308)
	at org.testng.internal.Invoker.createParameters(Invoker.java:1036)
	at org.testng.internal.Invoker.invokeTestMethods(Invoker.java:1126)
	at org.testng.internal.TestMethodWorker.invokeTestMethods(TestMethodWorker.java:126)
	at org.testng.internal.TestMethodWorker.run(TestMethodWorker.java:109)
	at java.util.concurrent.ThreadPoolExecutor.runWorker(Unknown Source)
	at java.util.concurrent.ThreadPoolExecutor$Worker.run(Unknown Source)
	at java.lang.Thread.run(Unknown Source)
</pre></div></td>
<td>0</td>
<td>rebill.testngRebillSlow@1f205aa</td></tr>
<tr>
<td title='rebill.testngRebillSlow.testMethod4()'><b>testMethod4</b><br>Test class: rebill.testngRebillSlow</td>
<td><div><pre>org.testng.TestNGException: 
Data Provider public synchronized java.lang.Object[][] rebill.testngRebillSlow.dataProviderMethod4() must return either Object[][] or Iterator&lt;Object&gt;[], not class [[Ljava.lang.Object;
	at java.util.concurrent.ThreadPoolExecutor.runWorker(Unknown Source)
	at java.util.concurrent.ThreadPoolExecutor$Worker.run(Unknown Source)
	at java.lang.Thread.run(Unknown Source)
... Removed 7 stack frames</pre></div><a href='#' onClick='toggleBox("stack-trace25610078", this, "Click to show all stack frames", "Click to hide stack frames")'>Click to show all stack frames</a>
<div class='stack-trace' id='stack-trace25610078'><pre>org.testng.TestNGException: 
Data Provider public synchronized java.lang.Object[][] rebill.testngRebillSlow.dataProviderMethod4() must return either Object[][] or Iterator&lt;Object&gt;[], not class [[Ljava.lang.Object;
	at org.testng.internal.MethodInvocationHelper.invokeDataProvider(MethodInvocationHelper.java:137)
	at org.testng.internal.Parameters.handleParameters(Parameters.java:509)
	at org.testng.internal.Invoker.handleParameters(Invoker.java:1308)
	at org.testng.internal.Invoker.createParameters(Invoker.java:1036)
	at org.testng.internal.Invoker.invokeTestMethods(Invoker.java:1126)
	at org.testng.internal.TestMethodWorker.invokeTestMethods(TestMethodWorker.java:126)
	at org.testng.internal.TestMethodWorker.run(TestMethodWorker.java:109)
	at java.util.concurrent.ThreadPoolExecutor.runWorker(Unknown Source)
	at java.util.concurrent.ThreadPoolExecutor$Worker.run(Unknown Source)
	at java.lang.Thread.run(Unknown Source)
</pre></div></td>
<td>0</td>
<td>rebill.testngRebillSlow@1f205aa</td></tr>
</table><p>
<table width='100%' border='1' class='invocation-passed'>
<tr><td colspan='4' align='center'><b>PASSED TESTS</b></td></tr>
<tr><td><b>Test method</b></td>
<td width="30%"><b>Exception</b></td>
<td width="10%"><b>Time (seconds)</b></td>
<td><b>Instance</b></td>
</tr>
<tr>
<td title='rebill.testngRebillSlow.testMethod1()'><b>testMethod1</b><br>Test class: rebill.testngRebillSlow<br>Parameters: fail,  Employee defined to IMS RACF, 99516, 1, 794973734103, RSA, , 737238694, , Y, CAN, 131258, 131258, IL, GD, NORMAL, , , , , , , , , , , , , , , 1</td>
<td></td>
<td>71</td>
<td>rebill.testngRebillSlow@1f205aa</td></tr>
<tr>
<td title='rebill.testngRebillSlow.testMethod1()'><b>testMethod1</b><br>Test class: rebill.testngRebillSlow<br>Parameters: fail,  Employee defined to IMS RACF, 112293, 1, 794973622162, RSA, , 737241164, , Y, CAN, 131258, 131258, DM, GD, NORMAL, , , , , , , , , , , , , , , 2</td>
<td></td>
<td>53</td>
<td>rebill.testngRebillSlow@1f205aa</td></tr>
<tr>
<td title='rebill.testngRebillSlow.testMethod1()'><b>testMethod1</b><br>Test class: rebill.testngRebillSlow<br>Parameters: fail,  Employee defined to IMS RACF, 104093, 1, 794973474690, RSA, , 737238694, , Y, CAN, 131258, 131258, IL, GD, NORMAL, , , , , , , , , , , , , , , 3</td>
<td></td>
<td>52</td>
<td>rebill.testngRebillSlow@1f205aa</td></tr>
<tr>
<td title='rebill.testngRebillSlow.testMethod1()'><b>testMethod1</b><br>Test class: rebill.testngRebillSlow<br>Parameters: fail,  Employee defined to IMS RACF, 103693, 1, 794973530227, RSA, , 737238694, 737240954, Y, CAN, 131258, 131258, IL, GD, NORMAL, , , , , , , , , , , , , , , 4</td>
<td></td>
<td>75</td>
<td>rebill.testngRebillSlow@1f205aa</td></tr>
<tr>
<td title='rebill.testngRebillSlow.testMethod1()'><b>testMethod1</b><br>Test class: rebill.testngRebillSlow<br>Parameters: fail,  Employee defined to IMS RACF, 170632, 1, 794973590851, RSA, , 737238939, , Y, CAN, 131258, 131258, IL, GD, NORMAL, , , , , , , , , , , , , , , 5</td>
<td></td>
<td>58</td>
<td>rebill.testngRebillSlow@1f205aa</td></tr>
<tr>
<td title='rebill.testngRebillSlow.testMethod1()'><b>testMethod1</b><br>Test class: rebill.testngRebillSlow<br>Parameters: fail,  Employee defined to IMS RACF, 162256, 1, 794973590417, RSA, , 737238856, , Y, CAN, 131258, 131258, IL, GD, NORMAL, , , , , , , , , , , , , , , 6</td>
<td></td>
<td>51</td>
<td>rebill.testngRebillSlow@1f205aa</td></tr>
<tr>
<td title='rebill.testngRebillSlow.testMethod1()'><b>testMethod1</b><br>Test class: rebill.testngRebillSlow<br>Parameters: fail,  Employee defined to IMS RACF, 178852, 1, 588643400815, RTA, 397466949, 737238939, , Y, CAN, 131258, 131258, IL, GD, NORMAL, , , , , , , , , , , , , , , 7</td>
<td></td>
<td>54</td>
<td>rebill.testngRebillSlow@1f205aa</td></tr>
<tr>
<td title='rebill.testngRebillSlow.testMethod1()'><b>testMethod1</b><br>Test class: rebill.testngRebillSlow<br>Parameters: fail,  Employee defined to IMS RACF, 188585, 1, 794973627911, RSA, , 594951156, , Y, USA, 584168, 584168, IL, GD, NORMAL, , , , , , , , , , , , , , , 8</td>
<td></td>
<td>54</td>
<td>rebill.testngRebillSlow@1f205aa</td></tr>
<tr>
<td title='rebill.testngRebillSlow.testMethod1()'><b>testMethod1</b><br>Test class: rebill.testngRebillSlow<br>Parameters: fail,  Employee defined to IMS RACF, 187774, 1, 794973531359, RSA, , 737238694, 737240954, Y, CAN, 131258, 131258, IL, GD, NORMAL, , , , , , , , , , , , , , , 9</td>
<td></td>
<td>75</td>
<td>rebill.testngRebillSlow@1f205aa</td></tr>
<tr>
<td title='rebill.testngRebillSlow.testMethod1()'><b>testMethod1</b><br>Test class: rebill.testngRebillSlow<br>Parameters: fail,  Employee defined to IMS RACF, 113022, 1, 794973665614, RSA, , 737239589, , Y, CAN, 131258, 131258, DM, GD, NORMAL, , , , , , , , , , , , , , , 10</td>
<td></td>
<td>53</td>
<td>rebill.testngRebillSlow@1f205aa</td></tr>
<tr>
<td title='rebill.testngRebillSlow.testMethod1()'><b>testMethod1</b><br>Test class: rebill.testngRebillSlow<br>Parameters: fail,  Employee defined to IMS RACF, 113022, 2, 794973665577, RSA, , 737239589, , Y, CAN, 131258, 131258, DM, GD, NORMAL, , , , , , , , , , , , , , , 11</td>
<td></td>
<td>52</td>
<td>rebill.testngRebillSlow@1f205aa</td></tr>
<tr>
<td title='rebill.testngRebillSlow.testMethod1()'><b>testMethod1</b><br>Test class: rebill.testngRebillSlow<br>Parameters: fail,  Employee defined to IMS RACF, 125335, 1, 588643400790, RSA, , 737238939, , Y, CAN, 131258, 131258, IL, GD, NORMAL, , , , , , , , , , , , , , , 12</td>
<td></td>
<td>55</td>
<td>rebill.testngRebillSlow@1f205aa</td></tr>
<tr>
<td title='rebill.testngRebillSlow.testMethod1()'><b>testMethod1</b><br>Test class: rebill.testngRebillSlow<br>Parameters: fail,  Employee defined to IMS RACF, 127695, 1, 179568045272, RSA, , 594951261, , N, USA, 584168, 584168, IL, GD, NORMAL, , , , , , , , , , , , , , , 13</td>
<td></td>
<td>52</td>
<td>rebill.testngRebillSlow@1f205aa</td></tr>
<tr>
<td title='rebill.testngRebillSlow.testMethod1()'><b>testMethod1</b><br>Test class: rebill.testngRebillSlow<br>Parameters: fail,  Employee defined to IMS RACF, 131821, 1, 179568045319, RSA, , 737239697, , Y, CAN, 131258, 131258, IL, GD, NORMAL, , , , , , , , , , , , , , , 14</td>
<td></td>
<td>52</td>
<td>rebill.testngRebillSlow@1f205aa</td></tr>
<tr>
<td title='rebill.testngRebillSlow.testMethod1()'><b>testMethod1</b><br>Test class: rebill.testngRebillSlow<br>Parameters: fail,  Employee defined to IMS RACF, 135595, 1, 588643397300, RSA, , 737238939, , Y, CAN, 131258, 131258, IL, GD, NORMAL, , , , , , , , , , , , , , , 15</td>
<td></td>
<td>58</td>
<td>rebill.testngRebillSlow@1f205aa</td></tr>
<tr>
<td title='rebill.testngRebillSlow.testMethod1()'><b>testMethod1</b><br>Test class: rebill.testngRebillSlow<br>Parameters: fail, Could Not Find Rebill Dropdown, 114166, 1, 794973665717, RTA, 397474607, 421473348, , Y, USA, 5194105, 5194105, DM, GD, NORMAL, , , , , , , , , , , , , , , 16</td>
<td></td>
<td>75</td>
<td>rebill.testngRebillSlow@1f205aa</td></tr>
<tr>
<td title='rebill.testngRebillSlow.testMethod1()'><b>testMethod1</b><br>Test class: rebill.testngRebillSlow<br>Parameters: , , 114162, 2, 794973665740, RBS, , 421473348, , N, USA, 5194105, 5194105, DM, GD, NORMAL, , , , , , , , , , , , , , , 17</td>
<td></td>
<td>73</td>
<td>rebill.testngRebillSlow@1f205aa</td></tr>
<tr>
<td title='rebill.testngRebillSlow.testMethod1()'><b>testMethod1</b><br>Test class: rebill.testngRebillSlow<br>Parameters: , , 114162, 1, 794973665740, RBS, , 421473348, , N, USA, 5194105, 5194105, DM, GD, NORMAL, , , , , , , , , , , , , , , 18</td>
<td></td>
<td>1</td>
<td>rebill.testngRebillSlow@1f205aa</td></tr>
<tr>
<td title='rebill.testngRebillSlow.testMethod1()'><b>testMethod1</b><br>Test class: rebill.testngRebillSlow<br>Parameters: fail,  Employee defined to IMS RACF, 172273, 1, 794973549979, RTA, 602984940, 594952040, 737240954, N, USA, 584168, 584168, IL, GD, NORMAL, , , , , , , , , , , , , , , 19</td>
<td></td>
<td>74</td>
<td>rebill.testngRebillSlow@1f205aa</td></tr>
<tr>
<td title='rebill.testngRebillSlow.testMethod1()'><b>testMethod1</b><br>Test class: rebill.testngRebillSlow<br>Parameters: fail,  Employee defined to IMS RACF, 100875, 1, 794973606534, RSA, , 594951218, , Y, USA, 584168, 584168, IL, GD, NORMAL, , , , , , , , , , , , , , , 20</td>
<td></td>
<td>51</td>
<td>rebill.testngRebillSlow@1f205aa</td></tr>
<tr>
<td title='rebill.testngRebillSlow.testMethod1()'><b>testMethod1</b><br>Test class: rebill.testngRebillSlow<br>Parameters: fail,  Employee defined to IMS RACF, 98936, 1, 588606641106, RSA, , 594951094, , Y, USA, 584168, 584168, IL, GD, NORMAL, , , , , , , , , , , , , , , 21</td>
<td></td>
<td>52</td>
<td>rebill.testngRebillSlow@1f205aa</td></tr>
<tr>
<td title='rebill.testngRebillSlow.testMethod1()'><b>testMethod1</b><br>Test class: rebill.testngRebillSlow<br>Parameters: fail,  Employee defined to IMS RACF, 171712, 1, 794973591207, RSA, , 594951094, , N, USA, 584168, 584168, IL, GD, NORMAL, , , , , , , , , , , , , , , 22</td>
<td></td>
<td>58</td>
<td>rebill.testngRebillSlow@1f205aa</td></tr>
<tr>
<td title='rebill.testngRebillSlow.testMethod1()'><b>testMethod1</b><br>Test class: rebill.testngRebillSlow<br>Parameters: fail,  Employee defined to IMS RACF, 171366, 1, 794973590965, RSA, , 594951094, , Y, USA, 584168, 584168, IL, GD, NORMAL, , , , , , , , , , , , , , , 24</td>
<td></td>
<td>53</td>
<td>rebill.testngRebillSlow@1f205aa</td></tr>
<tr>
<td title='rebill.testngRebillSlow.testMethod1()'><b>testMethod1</b><br>Test class: rebill.testngRebillSlow<br>Parameters: fail,  Employee defined to IMS RACF, 114218, 1, 829868045401, RSA, , 594951223, , Y, USA, 584168, 584168, IL, GD, NORMAL, , , , , , , , , , , , , , , 25</td>
<td></td>
<td>52</td>
<td>rebill.testngRebillSlow@1f205aa</td></tr>
<tr>
<td title='rebill.testngRebillSlow.testMethod1()'><b>testMethod1</b><br>Test class: rebill.testngRebillSlow<br>Parameters: fail,  Employee defined to IMS RACF, 99391, 1, 794973734478, RSA, , 594951263, , N, USA, 584168, 584168, IL, GD, NORMAL, , , , , , , , , , , , , , , 26</td>
<td></td>
<td>49</td>
<td>rebill.testngRebillSlow@1f205aa</td></tr>
<tr>
<td title='rebill.testngRebillSlow.testMethod1()'><b>testMethod1</b><br>Test class: rebill.testngRebillSlow<br>Parameters: fail,  Bill-to-acct has no return address  , 87885, 1, 539168000186, RRA, 450311472, 421473271, , Y, USA, 5194105, 5194105, DM, GD, NORMAL, , , , , , , , , , , , , , , 27</td>
<td></td>
<td>53</td>
<td>rebill.testngRebillSlow@1f205aa</td></tr>
<tr>
<td title='rebill.testngRebillSlow.testMethod1()'><b>testMethod1</b><br>Test class: rebill.testngRebillSlow<br>Parameters: fail,  Employee defined to IMS RACF, 250404, 1, 794973602296, RTA, 600690132, 737239744, , , CAN, 131258, 131258, IL, GD, PLC, , , , , , , , , , , , , , , 28</td>
<td></td>
<td>55</td>
<td>rebill.testngRebillSlow@1f205aa</td></tr>
<tr>
<td title='rebill.testngRebillSlow.testMethod1()'><b>testMethod1</b><br>Test class: rebill.testngRebillSlow<br>Parameters: fail,  Employee defined to IMS RACF, 250388, 1, 794973602160, RTA, 601360837, 594951562, , , USA, 584168, 584168, IL, GD, PLC, , , , , , , , , , , , , , , 29</td>
<td></td>
<td>51</td>
<td>rebill.testngRebillSlow@1f205aa</td></tr>
<tr>
<td title='rebill.testngRebillSlow.testMethod1()'><b>testMethod1</b><br>Test class: rebill.testngRebillSlow<br>Parameters: fail,  Employee defined to IMS RACF, 251430, 1, 794973602355, RTA, 600671758, 594951563, , , USA, 584168, 584168, IL, GD, PLC, , , , , , , , , , , , , , , 30</td>
<td></td>
<td>51</td>
<td>rebill.testngRebillSlow@1f205aa</td></tr>
<tr>
<td title='rebill.testngRebillSlow.testMethod1()'><b>testMethod1</b><br>Test class: rebill.testngRebillSlow<br>Parameters: fail,  Employee defined to IMS RACF, 251445, 1, 794973602425, RRA, 601361175, 594951568, , , USA, 584168, 584168, IL, GD, PLC, , , , , , , , , , , , , , , 31</td>
<td></td>
<td>50</td>
<td>rebill.testngRebillSlow@1f205aa</td></tr>
<tr>
<td title='rebill.testngRebillSlow.testMethod1()'><b>testMethod1</b><br>Test class: rebill.testngRebillSlow<br>Parameters: fail,  Employee defined to IMS RACF, 251454, 1, 794973731696, RTA, 600972936, 737239688, , , CAN, 131258, 131258, IL, GD, PLC, , , , , , , , , , , , , , , 32</td>
<td></td>
<td>50</td>
<td>rebill.testngRebillSlow@1f205aa</td></tr>
<tr>
<td title='rebill.testngRebillSlow.testMethod1()'><b>testMethod1</b><br>Test class: rebill.testngRebillSlow<br>Parameters: fail,  Employee defined to IMS RACF, 251483, 1, 794973602572, RTA, 600689711, 594951574, , , USA, 584168, 584168, IL, GD, PLC, , , , , , , , , , , , , , , 33</td>
<td></td>
<td>50</td>
<td>rebill.testngRebillSlow@1f205aa</td></tr>
<tr>
<td title='rebill.testngRebillSlow.testMethod1()'><b>testMethod1</b><br>Test class: rebill.testngRebillSlow<br>Parameters: fail,  Employee defined to IMS RACF, 251490, 1, 794973731880, RSA, 600690159, 737239689, , , CAN, 131258, 131258, IL, GD, PLC, , , , , , , , , , , , , , , 34</td>
<td></td>
<td>51</td>
<td>rebill.testngRebillSlow@1f205aa</td></tr>
<tr>
<td title='rebill.testngRebillSlow.testMethod1()'><b>testMethod1</b><br>Test class: rebill.testngRebillSlow<br>Parameters: fail,  Employee defined to IMS RACF, 251535, 1, 794973602918, RSA, 601361450, 737239762, , , CAN, 131258, 131258, IL, GD, PLC, , , , , , , , , , , , , , , 35</td>
<td></td>
<td>49</td>
<td>rebill.testngRebillSlow@1f205aa</td></tr>
<tr>
<td title='rebill.testngRebillSlow.testMethod1()'><b>testMethod1</b><br>Test class: rebill.testngRebillSlow<br>Parameters: fail, Could Not Find Rebill Dropdown, 251861, 1, 794973732410, RSA, 601011018, 737238694, , , CAN, 131258, 131258, IL, GD, PLC, , , , , , , , , , , , , , , 36</td>
<td></td>
<td>71</td>
<td>rebill.testngRebillSlow@1f205aa</td></tr>
<tr>
<td title='rebill.testngRebillSlow.testMethod1()'><b>testMethod1</b><br>Test class: rebill.testngRebillSlow<br>Parameters: fail,  Employee defined to IMS RACF, 251873, 1, 794973603042, RTA, 601360918, 737239758, , , CAN, 131258, 131258, IL, GD, PLC, , , , , , , , , , , , , , , 37</td>
<td></td>
<td>52</td>
<td>rebill.testngRebillSlow@1f205aa</td></tr>
<tr>
<td title='rebill.testngRebillSlow.testMethod1()'><b>testMethod1</b><br>Test class: rebill.testngRebillSlow<br>Parameters: fail,  Employee defined to IMS RACF, 251879, 1, 794973603112, RTA, 600672070, 594951561, , , USA, 584168, 584168, IL, GD, PLC, , , , , , , , , , , , , , , 38</td>
<td></td>
<td>51</td>
<td>rebill.testngRebillSlow@1f205aa</td></tr>
<tr>
<td title='rebill.testngRebillSlow.testMethod1()'><b>testMethod1</b><br>Test class: rebill.testngRebillSlow<br>Parameters: fail,  Employee defined to IMS RACF, 251883, 1, 794973732306, RSA, 600689835, 737239737, , , CAN, 131258, 131258, IL, GD, PLC, , , , , , , , , , , , , , , 39</td>
<td></td>
<td>50</td>
<td>rebill.testngRebillSlow@1f205aa</td></tr>
<tr>
<td title='rebill.testngRebillSlow.testMethod1()'><b>testMethod1</b><br>Test class: rebill.testngRebillSlow<br>Parameters: fail,  Employee defined to IMS RACF, 252296, 1, 794973603260, RTA, 600670832, 594951529, , , USA, 584168, 584168, IL, GD, PLC, , , , , , , , , , , , , , , 40</td>
<td></td>
<td>52</td>
<td>rebill.testngRebillSlow@1f205aa</td></tr>
<tr>
<td title='rebill.testngRebillSlow.testMethod1()'><b>testMethod1</b><br>Test class: rebill.testngRebillSlow<br>Parameters: fail, Could Not Find Rebill Dropdown, 252320, 1, 588612140719, RSA, 600672312, 737238694, , , CAN, 131258, 131258, IL, GD, PLC, , , , , , , , , , , , , , , 41</td>
<td></td>
<td>73</td>
<td>rebill.testngRebillSlow@1f205aa</td></tr>
<tr>
<td title='rebill.testngRebillSlow.testMethod1()'><b>testMethod1</b><br>Test class: rebill.testngRebillSlow<br>Parameters: fail,  Employee defined to IMS RACF, 252335, 1, 588199388886, RTA, 600670670, 594951576, , , USA, 584168, 584168, IL, GD, PLC, , , , , , , , , , , , , , , 43</td>
<td></td>
<td>133</td>
<td>rebill.testngRebillSlow@1f205aa</td></tr>
<tr>
<td title='rebill.testngRebillSlow.testMethod1()'><b>testMethod1</b><br>Test class: rebill.testngRebillSlow<br>Parameters: fail,  Employee defined to IMS RACF, 250357, 1, 794973602150, RTA, 600672274, 594951518, , , USA, 584168, 584168, IL, GD, PLC, , , , , , , , , , , , , , , 44</td>
<td></td>
<td>50</td>
<td>rebill.testngRebillSlow@1f205aa</td></tr>
<tr>
<td title='rebill.testngRebillSlow.testMethod1()'><b>testMethod1</b><br>Test class: rebill.testngRebillSlow<br>Parameters: fail,  Employee defined to IMS RACF, 250358, 1, 794973602193, RSA, 600688758, 737239752, , , CAN, 131258, 131258, IL, GD, PLC, , , , , , , , , , , , , , , 45</td>
<td></td>
<td>51</td>
<td>rebill.testngRebillSlow@1f205aa</td></tr>
<tr>
<td title='rebill.testngRebillSlow.testMethod1()'><b>testMethod1</b><br>Test class: rebill.testngRebillSlow<br>Parameters: fail,  Employee defined to IMS RACF, 250395, 1, 794973602274, RSA, 600672312, 594951890, , , USA, 584168, 584168, IL, GD, PLC, , , , , , , , , , , , , , , 46</td>
<td></td>
<td>48</td>
<td>rebill.testngRebillSlow@1f205aa</td></tr>
<tr>
<td title='rebill.testngRebillSlow.testMethod1()'><b>testMethod1</b><br>Test class: rebill.testngRebillSlow<br>Parameters: fail,  Employee defined to IMS RACF, 250421, 1, 794973602311, RSA, 600670476, 737239692, , , CAN, 131258, 131258, IL, GD, PLC, , , , , , , , , , , , , , , 47</td>
<td></td>
<td>49</td>
<td>rebill.testngRebillSlow@1f205aa</td></tr>
</table><p>
<table width='100%' border='1' class='invocation-skipped'>
<tr><td colspan='4' align='center'><b>SKIPPED TESTS</b></td></tr>
<tr><td><b>Test method</b></td>
<td width="30%"><b>Exception</b></td>
<td width="10%"><b>Time (seconds)</b></td>
<td><b>Instance</b></td>
</tr>
<tr>
<td title='rebill.testngRebillSlow.testMethod1()'><b>testMethod1</b><br>Test class: rebill.testngRebillSlow<br>Parameters: , , 114162, 2, 794973665740, RBS, , 421473348, , N, USA, 5194105, 5194105, DM, GD, NORMAL, , , , , , , , , , , , , , , 17</td>
<td><div><pre>java.lang.AssertionError: org.openqa.selenium.NoSuchElementException: no such element: Unable to locate element: {&quot;method&quot;:&quot;xpath&quot;,&quot;selector&quot;:&quot;/html/body/div[6]/div/div/div[1]/div[1]/h4&quot;}
  (Session info: chrome=83.0.4103.116)
  (Driver info: chromedriver=2.41.578737 (49da6702b16031c40d63e5618de03a32ff6c197e),platform=Windows NT 6.1.7601 SP1 x86) (WARNING: The server did not provide any stacktrace information)
Command duration or timeout: 0 milliseconds
For documentation on this error, please visit: https://www.seleniumhq.org/exceptions/no_such_element.html
Build info: version: &apos;3.141.59&apos;, revision: &apos;e82be7d358&apos;, time: &apos;2018-11-14T08:25:48&apos;
System info: host: &apos;SQA-CRS-021&apos;, ip: &apos;10.255.251.244&apos;, os.name: &apos;Windows 7&apos;, os.arch: &apos;x86&apos;, os.version: &apos;6.1&apos;, java.version: &apos;1.8.0_212&apos;
Driver info: org.openqa.selenium.chrome.ChromeDriver
Capabilities {acceptInsecureCerts: false, acceptSslCerts: false, applicationCacheEnabled: false, browserConnectionEnabled: false, browserName: chrome, chrome: {chromedriverVersion: 2.41.578737 (49da6702b16031..., userDataDir: C:\Users\FEDEXU~1\AppData\L...}, cssSelectorsEnabled: true, databaseEnabled: false, goog:chromeOptions: {debuggerAddress: localhost:52916}, handlesAlerts: true, hasTouchScreen: false, javascriptEnabled: true, locationContextEnabled: true, mobileEmulationEnabled: false, nativeEvents: true, networkConnectionEnabled: false, pageLoadStrategy: normal, platform: XP, platformName: XP, rotatable: false, setWindowRect: true, takesHeapSnapshot: true, takesScreenshot: true, unexpectedAlertBehaviour: , unhandledPromptBehavior: , version: 83.0.4103.116, webStorageEnabled: true}
Session ID: a068d0f05dbea7fe6835b3c41666113f
*** Element info: {Using=xpath, value=/html/body/div[6]/div/div/div[1]/div[1]/h4} Could Not Get to Rebill Screen
	at rebill.testngRebillSlow.doRebill(testngRebillSlow.java:1254)
	at rebill.testngRebillSlow.testMethod1(testngRebillSlow.java:639)
	at java.util.concurrent.ThreadPoolExecutor.runWorker(Unknown Source)
	at java.util.concurrent.ThreadPoolExecutor$Worker.run(Unknown Source)
	at java.lang.Thread.run(Unknown Source)
... Removed 10 stack frames</pre></div><a href='#' onClick='toggleBox("stack-trace4490866", this, "Click to show all stack frames", "Click to hide stack frames")'>Click to show all stack frames</a>
<div class='stack-trace' id='stack-trace4490866'><pre>java.lang.AssertionError: org.openqa.selenium.NoSuchElementException: no such element: Unable to locate element: {&quot;method&quot;:&quot;xpath&quot;,&quot;selector&quot;:&quot;/html/body/div[6]/div/div/div[1]/div[1]/h4&quot;}
  (Session info: chrome=83.0.4103.116)
  (Driver info: chromedriver=2.41.578737 (49da6702b16031c40d63e5618de03a32ff6c197e),platform=Windows NT 6.1.7601 SP1 x86) (WARNING: The server did not provide any stacktrace information)
Command duration or timeout: 0 milliseconds
For documentation on this error, please visit: https://www.seleniumhq.org/exceptions/no_such_element.html
Build info: version: &apos;3.141.59&apos;, revision: &apos;e82be7d358&apos;, time: &apos;2018-11-14T08:25:48&apos;
System info: host: &apos;SQA-CRS-021&apos;, ip: &apos;10.255.251.244&apos;, os.name: &apos;Windows 7&apos;, os.arch: &apos;x86&apos;, os.version: &apos;6.1&apos;, java.version: &apos;1.8.0_212&apos;
Driver info: org.openqa.selenium.chrome.ChromeDriver
Capabilities {acceptInsecureCerts: false, acceptSslCerts: false, applicationCacheEnabled: false, browserConnectionEnabled: false, browserName: chrome, chrome: {chromedriverVersion: 2.41.578737 (49da6702b16031..., userDataDir: C:\Users\FEDEXU~1\AppData\L...}, cssSelectorsEnabled: true, databaseEnabled: false, goog:chromeOptions: {debuggerAddress: localhost:52916}, handlesAlerts: true, hasTouchScreen: false, javascriptEnabled: true, locationContextEnabled: true, mobileEmulationEnabled: false, nativeEvents: true, networkConnectionEnabled: false, pageLoadStrategy: normal, platform: XP, platformName: XP, rotatable: false, setWindowRect: true, takesHeapSnapshot: true, takesScreenshot: true, unexpectedAlertBehaviour: , unhandledPromptBehavior: , version: 83.0.4103.116, webStorageEnabled: true}
Session ID: a068d0f05dbea7fe6835b3c41666113f
*** Element info: {Using=xpath, value=/html/body/div[6]/div/div/div[1]/div[1]/h4} Could Not Get to Rebill Screen
	at org.testng.Assert.fail(Assert.java:93)
	at rebill.testngRebillSlow.doRebill(testngRebillSlow.java:1254)
	at rebill.testngRebillSlow.testMethod1(testngRebillSlow.java:639)
	at sun.reflect.GeneratedMethodAccessor2.invoke(Unknown Source)
	at sun.reflect.DelegatingMethodAccessorImpl.invoke(Unknown Source)
	at java.lang.reflect.Method.invoke(Unknown Source)
	at org.testng.internal.MethodInvocationHelper.invokeMethod(MethodInvocationHelper.java:108)
	at org.testng.internal.Invoker.invokeMethod(Invoker.java:661)
	at org.testng.internal.Invoker.invokeTestMethod(Invoker.java:869)
	at org.testng.internal.Invoker.invokeTestMethods(Invoker.java:1193)
	at org.testng.internal.TestMethodWorker.invokeTestMethods(TestMethodWorker.java:126)
	at org.testng.internal.TestMethodWorker.run(TestMethodWorker.java:109)
	at java.util.concurrent.ThreadPoolExecutor.runWorker(Unknown Source)
	at java.util.concurrent.ThreadPoolExecutor$Worker.run(Unknown Source)
	at java.lang.Thread.run(Unknown Source)
</pre></div></td>
<td>75</td>
<td>rebill.testngRebillSlow@1f205aa</td></tr>
<tr>
<td title='rebill.testngRebillSlow.testMethod1()'><b>testMethod1</b><br>Test class: rebill.testngRebillSlow<br>Parameters: fail,  Employee defined to IMS RACF, 171711, 1, 794973591137, RSA, , 594951094, , Y, USA, 584168, 584168, IL, GD, NORMAL, , , , , , , , , , , , , , , 23</td>
<td><div><pre>java.lang.AssertionError: org.openqa.selenium.NoSuchElementException: no such element: Unable to locate element: {&quot;method&quot;:&quot;xpath&quot;,&quot;selector&quot;:&quot;/html/body/div[6]/div/div/div[1]/div[1]/h4&quot;}
  (Session info: chrome=83.0.4103.116)
  (Driver info: chromedriver=2.41.578737 (49da6702b16031c40d63e5618de03a32ff6c197e),platform=Windows NT 6.1.7601 SP1 x86) (WARNING: The server did not provide any stacktrace information)
Command duration or timeout: 0 milliseconds
For documentation on this error, please visit: https://www.seleniumhq.org/exceptions/no_such_element.html
Build info: version: &apos;3.141.59&apos;, revision: &apos;e82be7d358&apos;, time: &apos;2018-11-14T08:25:48&apos;
System info: host: &apos;SQA-CRS-021&apos;, ip: &apos;10.255.251.244&apos;, os.name: &apos;Windows 7&apos;, os.arch: &apos;x86&apos;, os.version: &apos;6.1&apos;, java.version: &apos;1.8.0_212&apos;
Driver info: org.openqa.selenium.chrome.ChromeDriver
Capabilities {acceptInsecureCerts: false, acceptSslCerts: false, applicationCacheEnabled: false, browserConnectionEnabled: false, browserName: chrome, chrome: {chromedriverVersion: 2.41.578737 (49da6702b16031..., userDataDir: C:\Users\FEDEXU~1\AppData\L...}, cssSelectorsEnabled: true, databaseEnabled: false, goog:chromeOptions: {debuggerAddress: localhost:53863}, handlesAlerts: true, hasTouchScreen: false, javascriptEnabled: true, locationContextEnabled: true, mobileEmulationEnabled: false, nativeEvents: true, networkConnectionEnabled: false, pageLoadStrategy: normal, platform: XP, platformName: XP, rotatable: false, setWindowRect: true, takesHeapSnapshot: true, takesScreenshot: true, unexpectedAlertBehaviour: , unhandledPromptBehavior: , version: 83.0.4103.116, webStorageEnabled: true}
Session ID: adb00362367663990cf0866d525075f6
*** Element info: {Using=xpath, value=/html/body/div[6]/div/div/div[1]/div[1]/h4} Could Not Get to Rebill Screen
	at rebill.testngRebillSlow.doRebill(testngRebillSlow.java:1254)
	at rebill.testngRebillSlow.testMethod1(testngRebillSlow.java:639)
	at java.util.concurrent.ThreadPoolExecutor.runWorker(Unknown Source)
	at java.util.concurrent.ThreadPoolExecutor$Worker.run(Unknown Source)
	at java.lang.Thread.run(Unknown Source)
... Removed 10 stack frames</pre></div><a href='#' onClick='toggleBox("stack-trace23603316", this, "Click to show all stack frames", "Click to hide stack frames")'>Click to show all stack frames</a>
<div class='stack-trace' id='stack-trace23603316'><pre>java.lang.AssertionError: org.openqa.selenium.NoSuchElementException: no such element: Unable to locate element: {&quot;method&quot;:&quot;xpath&quot;,&quot;selector&quot;:&quot;/html/body/div[6]/div/div/div[1]/div[1]/h4&quot;}
  (Session info: chrome=83.0.4103.116)
  (Driver info: chromedriver=2.41.578737 (49da6702b16031c40d63e5618de03a32ff6c197e),platform=Windows NT 6.1.7601 SP1 x86) (WARNING: The server did not provide any stacktrace information)
Command duration or timeout: 0 milliseconds
For documentation on this error, please visit: https://www.seleniumhq.org/exceptions/no_such_element.html
Build info: version: &apos;3.141.59&apos;, revision: &apos;e82be7d358&apos;, time: &apos;2018-11-14T08:25:48&apos;
System info: host: &apos;SQA-CRS-021&apos;, ip: &apos;10.255.251.244&apos;, os.name: &apos;Windows 7&apos;, os.arch: &apos;x86&apos;, os.version: &apos;6.1&apos;, java.version: &apos;1.8.0_212&apos;
Driver info: org.openqa.selenium.chrome.ChromeDriver
Capabilities {acceptInsecureCerts: false, acceptSslCerts: false, applicationCacheEnabled: false, browserConnectionEnabled: false, browserName: chrome, chrome: {chromedriverVersion: 2.41.578737 (49da6702b16031..., userDataDir: C:\Users\FEDEXU~1\AppData\L...}, cssSelectorsEnabled: true, databaseEnabled: false, goog:chromeOptions: {debuggerAddress: localhost:53863}, handlesAlerts: true, hasTouchScreen: false, javascriptEnabled: true, locationContextEnabled: true, mobileEmulationEnabled: false, nativeEvents: true, networkConnectionEnabled: false, pageLoadStrategy: normal, platform: XP, platformName: XP, rotatable: false, setWindowRect: true, takesHeapSnapshot: true, takesScreenshot: true, unexpectedAlertBehaviour: , unhandledPromptBehavior: , version: 83.0.4103.116, webStorageEnabled: true}
Session ID: adb00362367663990cf0866d525075f6
*** Element info: {Using=xpath, value=/html/body/div[6]/div/div/div[1]/div[1]/h4} Could Not Get to Rebill Screen
	at org.testng.Assert.fail(Assert.java:93)
	at rebill.testngRebillSlow.doRebill(testngRebillSlow.java:1254)
	at rebill.testngRebillSlow.testMethod1(testngRebillSlow.java:639)
	at sun.reflect.GeneratedMethodAccessor2.invoke(Unknown Source)
	at sun.reflect.DelegatingMethodAccessorImpl.invoke(Unknown Source)
	at java.lang.reflect.Method.invoke(Unknown Source)
	at org.testng.internal.MethodInvocationHelper.invokeMethod(MethodInvocationHelper.java:108)
	at org.testng.internal.Invoker.invokeMethod(Invoker.java:661)
	at org.testng.internal.Invoker.invokeTestMethod(Invoker.java:869)
	at org.testng.internal.Invoker.invokeTestMethods(Invoker.java:1193)
	at org.testng.internal.TestMethodWorker.invokeTestMethods(TestMethodWorker.java:126)
	at org.testng.internal.TestMethodWorker.run(TestMethodWorker.java:109)
	at java.util.concurrent.ThreadPoolExecutor.runWorker(Unknown Source)
	at java.util.concurrent.ThreadPoolExecutor$Worker.run(Unknown Source)
	at java.lang.Thread.run(Unknown Source)
</pre></div></td>
<td>52</td>
<td>rebill.testngRebillSlow@1f205aa</td></tr>
<tr>
<td title='rebill.testngRebillSlow.testMethod1()'><b>testMethod1</b><br>Test class: rebill.testngRebillSlow<br>Parameters: fail,  Employee defined to IMS RACF, 171711, 1, 794973591137, RSA, , 594951094, , Y, USA, 584168, 584168, IL, GD, NORMAL, , , , , , , , , , , , , , , 23</td>
<td><div><pre>java.lang.AssertionError: Could Not Find Popup Or COntinue to Package Screen
	at rebill.testngRebillSlow.doRebill(testngRebillSlow.java:951)
	at rebill.testngRebillSlow.testMethod1(testngRebillSlow.java:639)
	at java.util.concurrent.ThreadPoolExecutor.runWorker(Unknown Source)
	at java.util.concurrent.ThreadPoolExecutor$Worker.run(Unknown Source)
	at java.lang.Thread.run(Unknown Source)
... Removed 10 stack frames</pre></div><a href='#' onClick='toggleBox("stack-trace10560860", this, "Click to show all stack frames", "Click to hide stack frames")'>Click to show all stack frames</a>
<div class='stack-trace' id='stack-trace10560860'><pre>java.lang.AssertionError: Could Not Find Popup Or COntinue to Package Screen
	at org.testng.Assert.fail(Assert.java:93)
	at rebill.testngRebillSlow.doRebill(testngRebillSlow.java:951)
	at rebill.testngRebillSlow.testMethod1(testngRebillSlow.java:639)
	at sun.reflect.GeneratedMethodAccessor2.invoke(Unknown Source)
	at sun.reflect.DelegatingMethodAccessorImpl.invoke(Unknown Source)
	at java.lang.reflect.Method.invoke(Unknown Source)
	at org.testng.internal.MethodInvocationHelper.invokeMethod(MethodInvocationHelper.java:108)
	at org.testng.internal.Invoker.invokeMethod(Invoker.java:661)
	at org.testng.internal.Invoker.retryFailed(Invoker.java:1014)
	at org.testng.internal.Invoker.invokeTestMethods(Invoker.java:1215)
	at org.testng.internal.TestMethodWorker.invokeTestMethods(TestMethodWorker.java:126)
	at org.testng.internal.TestMethodWorker.run(TestMethodWorker.java:109)
	at java.util.concurrent.ThreadPoolExecutor.runWorker(Unknown Source)
	at java.util.concurrent.ThreadPoolExecutor$Worker.run(Unknown Source)
	at java.lang.Thread.run(Unknown Source)
</pre></div></td>
<td>156</td>
<td>rebill.testngRebillSlow@1f205aa</td></tr>
</table><p>
</body>
</html>